ARM GAS  C:\Users\barto\AppData\Local\Temp\ccbr5Aa8.s 			page 1


   1              		.syntax unified
   2              		.cpu cortex-m3
   3              		.fpu softvfp
   4              		.eabi_attribute 20, 1
   5              		.eabi_attribute 21, 1
   6              		.eabi_attribute 23, 3
   7              		.eabi_attribute 24, 1
   8              		.eabi_attribute 25, 1
   9              		.eabi_attribute 26, 1
  10              		.eabi_attribute 30, 6
  11              		.eabi_attribute 34, 1
  12              		.eabi_attribute 18, 4
  13              		.thumb
  14              		.syntax unified
  15              		.file	"Control_Step_Enable.c"
  16              		.text
  17              	.Ltext0:
  18              		.cfi_sections	.debug_frame
  19              		.section	.text.Control_Step_Enable_Write,"ax",%progbits
  20              		.align	2
  21              		.global	Control_Step_Enable_Write
  22              		.thumb
  23              		.thumb_func
  24              		.type	Control_Step_Enable_Write, %function
  25              	Control_Step_Enable_Write:
  26              	.LFB0:
  27              		.file 1 "Generated_Source\\PSoC5\\Control_Step_Enable.c"
   1:Generated_Source\PSoC5/Control_Step_Enable.c **** /*******************************************************************************
   2:Generated_Source\PSoC5/Control_Step_Enable.c **** * File Name: Control_Step_Enable.c  
   3:Generated_Source\PSoC5/Control_Step_Enable.c **** * Version 1.80
   4:Generated_Source\PSoC5/Control_Step_Enable.c **** *
   5:Generated_Source\PSoC5/Control_Step_Enable.c **** * Description:
   6:Generated_Source\PSoC5/Control_Step_Enable.c **** *  This file contains API to enable firmware control of a Control Register.
   7:Generated_Source\PSoC5/Control_Step_Enable.c **** *
   8:Generated_Source\PSoC5/Control_Step_Enable.c **** * Note:
   9:Generated_Source\PSoC5/Control_Step_Enable.c **** *
  10:Generated_Source\PSoC5/Control_Step_Enable.c **** ********************************************************************************
  11:Generated_Source\PSoC5/Control_Step_Enable.c **** * Copyright 2008-2015, Cypress Semiconductor Corporation.  All rights reserved.
  12:Generated_Source\PSoC5/Control_Step_Enable.c **** * You may use this file only in accordance with the license, terms, conditions, 
  13:Generated_Source\PSoC5/Control_Step_Enable.c **** * disclaimers, and limitations in the end user license agreement accompanying 
  14:Generated_Source\PSoC5/Control_Step_Enable.c **** * the software package with which this file was provided.
  15:Generated_Source\PSoC5/Control_Step_Enable.c **** *******************************************************************************/
  16:Generated_Source\PSoC5/Control_Step_Enable.c **** 
  17:Generated_Source\PSoC5/Control_Step_Enable.c **** #include "Control_Step_Enable.h"
  18:Generated_Source\PSoC5/Control_Step_Enable.c **** 
  19:Generated_Source\PSoC5/Control_Step_Enable.c **** /* Check for removal by optimization */
  20:Generated_Source\PSoC5/Control_Step_Enable.c **** #if !defined(Control_Step_Enable_Sync_ctrl_reg__REMOVED)
  21:Generated_Source\PSoC5/Control_Step_Enable.c **** 
  22:Generated_Source\PSoC5/Control_Step_Enable.c ****     
  23:Generated_Source\PSoC5/Control_Step_Enable.c **** /*******************************************************************************
  24:Generated_Source\PSoC5/Control_Step_Enable.c **** * Function Name: Control_Step_Enable_Write
  25:Generated_Source\PSoC5/Control_Step_Enable.c **** ********************************************************************************
  26:Generated_Source\PSoC5/Control_Step_Enable.c **** *
  27:Generated_Source\PSoC5/Control_Step_Enable.c **** * Summary:
  28:Generated_Source\PSoC5/Control_Step_Enable.c **** *  Write a byte to the Control Register.
  29:Generated_Source\PSoC5/Control_Step_Enable.c **** *
  30:Generated_Source\PSoC5/Control_Step_Enable.c **** * Parameters:
ARM GAS  C:\Users\barto\AppData\Local\Temp\ccbr5Aa8.s 			page 2


  31:Generated_Source\PSoC5/Control_Step_Enable.c **** *  control:  The value to be assigned to the Control Register.
  32:Generated_Source\PSoC5/Control_Step_Enable.c **** *
  33:Generated_Source\PSoC5/Control_Step_Enable.c **** * Return:
  34:Generated_Source\PSoC5/Control_Step_Enable.c **** *  None.
  35:Generated_Source\PSoC5/Control_Step_Enable.c **** *
  36:Generated_Source\PSoC5/Control_Step_Enable.c **** *******************************************************************************/
  37:Generated_Source\PSoC5/Control_Step_Enable.c **** void Control_Step_Enable_Write(uint8 control) 
  38:Generated_Source\PSoC5/Control_Step_Enable.c **** {
  28              		.loc 1 38 0
  29              		.cfi_startproc
  30              		@ args = 0, pretend = 0, frame = 8
  31              		@ frame_needed = 1, uses_anonymous_args = 0
  32              		@ link register save eliminated.
  33 0000 80B4     		push	{r7}
  34              		.cfi_def_cfa_offset 4
  35              		.cfi_offset 7, -4
  36 0002 83B0     		sub	sp, sp, #12
  37              		.cfi_def_cfa_offset 16
  38 0004 00AF     		add	r7, sp, #0
  39              		.cfi_def_cfa_register 7
  40 0006 0346     		mov	r3, r0
  41 0008 FB71     		strb	r3, [r7, #7]
  39:Generated_Source\PSoC5/Control_Step_Enable.c ****     Control_Step_Enable_Control = control;
  42              		.loc 1 39 0
  43 000a 044A     		ldr	r2, .L2
  44 000c FB79     		ldrb	r3, [r7, #7]
  45 000e 1370     		strb	r3, [r2]
  40:Generated_Source\PSoC5/Control_Step_Enable.c **** }
  46              		.loc 1 40 0
  47 0010 00BF     		nop
  48 0012 0C37     		adds	r7, r7, #12
  49              		.cfi_def_cfa_offset 4
  50 0014 BD46     		mov	sp, r7
  51              		.cfi_def_cfa_register 13
  52              		@ sp needed
  53 0016 80BC     		pop	{r7}
  54              		.cfi_restore 7
  55              		.cfi_def_cfa_offset 0
  56 0018 7047     		bx	lr
  57              	.L3:
  58 001a 00BF     		.align	2
  59              	.L2:
  60 001c 76640040 		.word	1073767542
  61              		.cfi_endproc
  62              	.LFE0:
  63              		.size	Control_Step_Enable_Write, .-Control_Step_Enable_Write
  64              		.section	.text.Control_Step_Enable_Read,"ax",%progbits
  65              		.align	2
  66              		.global	Control_Step_Enable_Read
  67              		.thumb
  68              		.thumb_func
  69              		.type	Control_Step_Enable_Read, %function
  70              	Control_Step_Enable_Read:
  71              	.LFB1:
  41:Generated_Source\PSoC5/Control_Step_Enable.c **** 
  42:Generated_Source\PSoC5/Control_Step_Enable.c **** 
  43:Generated_Source\PSoC5/Control_Step_Enable.c **** /*******************************************************************************
ARM GAS  C:\Users\barto\AppData\Local\Temp\ccbr5Aa8.s 			page 3


  44:Generated_Source\PSoC5/Control_Step_Enable.c **** * Function Name: Control_Step_Enable_Read
  45:Generated_Source\PSoC5/Control_Step_Enable.c **** ********************************************************************************
  46:Generated_Source\PSoC5/Control_Step_Enable.c **** *
  47:Generated_Source\PSoC5/Control_Step_Enable.c **** * Summary:
  48:Generated_Source\PSoC5/Control_Step_Enable.c **** *  Reads the current value assigned to the Control Register.
  49:Generated_Source\PSoC5/Control_Step_Enable.c **** *
  50:Generated_Source\PSoC5/Control_Step_Enable.c **** * Parameters:
  51:Generated_Source\PSoC5/Control_Step_Enable.c **** *  None.
  52:Generated_Source\PSoC5/Control_Step_Enable.c **** *
  53:Generated_Source\PSoC5/Control_Step_Enable.c **** * Return:
  54:Generated_Source\PSoC5/Control_Step_Enable.c **** *  Returns the current value in the Control Register.
  55:Generated_Source\PSoC5/Control_Step_Enable.c **** *
  56:Generated_Source\PSoC5/Control_Step_Enable.c **** *******************************************************************************/
  57:Generated_Source\PSoC5/Control_Step_Enable.c **** uint8 Control_Step_Enable_Read(void) 
  58:Generated_Source\PSoC5/Control_Step_Enable.c **** {
  72              		.loc 1 58 0
  73              		.cfi_startproc
  74              		@ args = 0, pretend = 0, frame = 0
  75              		@ frame_needed = 1, uses_anonymous_args = 0
  76              		@ link register save eliminated.
  77 0000 80B4     		push	{r7}
  78              		.cfi_def_cfa_offset 4
  79              		.cfi_offset 7, -4
  80 0002 00AF     		add	r7, sp, #0
  81              		.cfi_def_cfa_register 7
  59:Generated_Source\PSoC5/Control_Step_Enable.c ****     return Control_Step_Enable_Control;
  82              		.loc 1 59 0
  83 0004 034B     		ldr	r3, .L6
  84 0006 1B78     		ldrb	r3, [r3]
  85 0008 DBB2     		uxtb	r3, r3
  60:Generated_Source\PSoC5/Control_Step_Enable.c **** }
  86              		.loc 1 60 0
  87 000a 1846     		mov	r0, r3
  88 000c BD46     		mov	sp, r7
  89              		.cfi_def_cfa_register 13
  90              		@ sp needed
  91 000e 80BC     		pop	{r7}
  92              		.cfi_restore 7
  93              		.cfi_def_cfa_offset 0
  94 0010 7047     		bx	lr
  95              	.L7:
  96 0012 00BF     		.align	2
  97              	.L6:
  98 0014 76640040 		.word	1073767542
  99              		.cfi_endproc
 100              	.LFE1:
 101              		.size	Control_Step_Enable_Read, .-Control_Step_Enable_Read
 102              		.text
 103              	.Letext0:
 104              		.file 2 "Generated_Source\\PSoC5\\cytypes.h"
 105              		.section	.debug_info,"",%progbits
 106              	.Ldebug_info0:
 107 0000 D3000000 		.4byte	0xd3
 108 0004 0400     		.2byte	0x4
 109 0006 00000000 		.4byte	.Ldebug_abbrev0
 110 000a 04       		.byte	0x4
 111 000b 01       		.uleb128 0x1
ARM GAS  C:\Users\barto\AppData\Local\Temp\ccbr5Aa8.s 			page 4


 112 000c 00000000 		.4byte	.LASF14
 113 0010 0C       		.byte	0xc
 114 0011 97010000 		.4byte	.LASF15
 115 0015 40010000 		.4byte	.LASF16
 116 0019 00000000 		.4byte	.Ldebug_ranges0+0
 117 001d 00000000 		.4byte	0
 118 0021 00000000 		.4byte	.Ldebug_line0
 119 0025 02       		.uleb128 0x2
 120 0026 01       		.byte	0x1
 121 0027 06       		.byte	0x6
 122 0028 CD010000 		.4byte	.LASF0
 123 002c 02       		.uleb128 0x2
 124 002d 01       		.byte	0x1
 125 002e 08       		.byte	0x8
 126 002f AD000000 		.4byte	.LASF1
 127 0033 02       		.uleb128 0x2
 128 0034 02       		.byte	0x2
 129 0035 05       		.byte	0x5
 130 0036 87010000 		.4byte	.LASF2
 131 003a 02       		.uleb128 0x2
 132 003b 02       		.byte	0x2
 133 003c 07       		.byte	0x7
 134 003d D2000000 		.4byte	.LASF3
 135 0041 02       		.uleb128 0x2
 136 0042 04       		.byte	0x4
 137 0043 05       		.byte	0x5
 138 0044 C4010000 		.4byte	.LASF4
 139 0048 02       		.uleb128 0x2
 140 0049 04       		.byte	0x4
 141 004a 07       		.byte	0x7
 142 004b C0000000 		.4byte	.LASF5
 143 004f 02       		.uleb128 0x2
 144 0050 08       		.byte	0x8
 145 0051 05       		.byte	0x5
 146 0052 32010000 		.4byte	.LASF6
 147 0056 02       		.uleb128 0x2
 148 0057 08       		.byte	0x8
 149 0058 07       		.byte	0x7
 150 0059 1B010000 		.4byte	.LASF7
 151 005d 03       		.uleb128 0x3
 152 005e 04       		.byte	0x4
 153 005f 05       		.byte	0x5
 154 0060 696E7400 		.ascii	"int\000"
 155 0064 02       		.uleb128 0x2
 156 0065 04       		.byte	0x4
 157 0066 07       		.byte	0x7
 158 0067 0E010000 		.4byte	.LASF8
 159 006b 04       		.uleb128 0x4
 160 006c 91010000 		.4byte	.LASF12
 161 0070 02       		.byte	0x2
 162 0071 9201     		.2byte	0x192
 163 0073 2C000000 		.4byte	0x2c
 164 0077 02       		.uleb128 0x2
 165 0078 04       		.byte	0x4
 166 0079 04       		.byte	0x4
 167 007a A7000000 		.4byte	.LASF9
 168 007e 02       		.uleb128 0x2
ARM GAS  C:\Users\barto\AppData\Local\Temp\ccbr5Aa8.s 			page 5


 169 007f 08       		.byte	0x8
 170 0080 04       		.byte	0x4
 171 0081 07010000 		.4byte	.LASF10
 172 0085 02       		.uleb128 0x2
 173 0086 01       		.byte	0x1
 174 0087 08       		.byte	0x8
 175 0088 82010000 		.4byte	.LASF11
 176 008c 04       		.uleb128 0x4
 177 008d BB000000 		.4byte	.LASF13
 178 0091 02       		.byte	0x2
 179 0092 3C02     		.2byte	0x23c
 180 0094 98000000 		.4byte	0x98
 181 0098 05       		.uleb128 0x5
 182 0099 6B000000 		.4byte	0x6b
 183 009d 06       		.uleb128 0x6
 184 009e ED000000 		.4byte	.LASF17
 185 00a2 01       		.byte	0x1
 186 00a3 25       		.byte	0x25
 187 00a4 00000000 		.4byte	.LFB0
 188 00a8 20000000 		.4byte	.LFE0-.LFB0
 189 00ac 01       		.uleb128 0x1
 190 00ad 9C       		.byte	0x9c
 191 00ae C1000000 		.4byte	0xc1
 192 00b2 07       		.uleb128 0x7
 193 00b3 E5000000 		.4byte	.LASF18
 194 00b7 01       		.byte	0x1
 195 00b8 25       		.byte	0x25
 196 00b9 6B000000 		.4byte	0x6b
 197 00bd 02       		.uleb128 0x2
 198 00be 91       		.byte	0x91
 199 00bf 77       		.sleb128 -9
 200 00c0 00       		.byte	0
 201 00c1 08       		.uleb128 0x8
 202 00c2 8E000000 		.4byte	.LASF19
 203 00c6 01       		.byte	0x1
 204 00c7 39       		.byte	0x39
 205 00c8 6B000000 		.4byte	0x6b
 206 00cc 00000000 		.4byte	.LFB1
 207 00d0 18000000 		.4byte	.LFE1-.LFB1
 208 00d4 01       		.uleb128 0x1
 209 00d5 9C       		.byte	0x9c
 210 00d6 00       		.byte	0
 211              		.section	.debug_abbrev,"",%progbits
 212              	.Ldebug_abbrev0:
 213 0000 01       		.uleb128 0x1
 214 0001 11       		.uleb128 0x11
 215 0002 01       		.byte	0x1
 216 0003 25       		.uleb128 0x25
 217 0004 0E       		.uleb128 0xe
 218 0005 13       		.uleb128 0x13
 219 0006 0B       		.uleb128 0xb
 220 0007 03       		.uleb128 0x3
 221 0008 0E       		.uleb128 0xe
 222 0009 1B       		.uleb128 0x1b
 223 000a 0E       		.uleb128 0xe
 224 000b 55       		.uleb128 0x55
 225 000c 17       		.uleb128 0x17
ARM GAS  C:\Users\barto\AppData\Local\Temp\ccbr5Aa8.s 			page 6


 226 000d 11       		.uleb128 0x11
 227 000e 01       		.uleb128 0x1
 228 000f 10       		.uleb128 0x10
 229 0010 17       		.uleb128 0x17
 230 0011 00       		.byte	0
 231 0012 00       		.byte	0
 232 0013 02       		.uleb128 0x2
 233 0014 24       		.uleb128 0x24
 234 0015 00       		.byte	0
 235 0016 0B       		.uleb128 0xb
 236 0017 0B       		.uleb128 0xb
 237 0018 3E       		.uleb128 0x3e
 238 0019 0B       		.uleb128 0xb
 239 001a 03       		.uleb128 0x3
 240 001b 0E       		.uleb128 0xe
 241 001c 00       		.byte	0
 242 001d 00       		.byte	0
 243 001e 03       		.uleb128 0x3
 244 001f 24       		.uleb128 0x24
 245 0020 00       		.byte	0
 246 0021 0B       		.uleb128 0xb
 247 0022 0B       		.uleb128 0xb
 248 0023 3E       		.uleb128 0x3e
 249 0024 0B       		.uleb128 0xb
 250 0025 03       		.uleb128 0x3
 251 0026 08       		.uleb128 0x8
 252 0027 00       		.byte	0
 253 0028 00       		.byte	0
 254 0029 04       		.uleb128 0x4
 255 002a 16       		.uleb128 0x16
 256 002b 00       		.byte	0
 257 002c 03       		.uleb128 0x3
 258 002d 0E       		.uleb128 0xe
 259 002e 3A       		.uleb128 0x3a
 260 002f 0B       		.uleb128 0xb
 261 0030 3B       		.uleb128 0x3b
 262 0031 05       		.uleb128 0x5
 263 0032 49       		.uleb128 0x49
 264 0033 13       		.uleb128 0x13
 265 0034 00       		.byte	0
 266 0035 00       		.byte	0
 267 0036 05       		.uleb128 0x5
 268 0037 35       		.uleb128 0x35
 269 0038 00       		.byte	0
 270 0039 49       		.uleb128 0x49
 271 003a 13       		.uleb128 0x13
 272 003b 00       		.byte	0
 273 003c 00       		.byte	0
 274 003d 06       		.uleb128 0x6
 275 003e 2E       		.uleb128 0x2e
 276 003f 01       		.byte	0x1
 277 0040 3F       		.uleb128 0x3f
 278 0041 19       		.uleb128 0x19
 279 0042 03       		.uleb128 0x3
 280 0043 0E       		.uleb128 0xe
 281 0044 3A       		.uleb128 0x3a
 282 0045 0B       		.uleb128 0xb
ARM GAS  C:\Users\barto\AppData\Local\Temp\ccbr5Aa8.s 			page 7


 283 0046 3B       		.uleb128 0x3b
 284 0047 0B       		.uleb128 0xb
 285 0048 27       		.uleb128 0x27
 286 0049 19       		.uleb128 0x19
 287 004a 11       		.uleb128 0x11
 288 004b 01       		.uleb128 0x1
 289 004c 12       		.uleb128 0x12
 290 004d 06       		.uleb128 0x6
 291 004e 40       		.uleb128 0x40
 292 004f 18       		.uleb128 0x18
 293 0050 9742     		.uleb128 0x2117
 294 0052 19       		.uleb128 0x19
 295 0053 01       		.uleb128 0x1
 296 0054 13       		.uleb128 0x13
 297 0055 00       		.byte	0
 298 0056 00       		.byte	0
 299 0057 07       		.uleb128 0x7
 300 0058 05       		.uleb128 0x5
 301 0059 00       		.byte	0
 302 005a 03       		.uleb128 0x3
 303 005b 0E       		.uleb128 0xe
 304 005c 3A       		.uleb128 0x3a
 305 005d 0B       		.uleb128 0xb
 306 005e 3B       		.uleb128 0x3b
 307 005f 0B       		.uleb128 0xb
 308 0060 49       		.uleb128 0x49
 309 0061 13       		.uleb128 0x13
 310 0062 02       		.uleb128 0x2
 311 0063 18       		.uleb128 0x18
 312 0064 00       		.byte	0
 313 0065 00       		.byte	0
 314 0066 08       		.uleb128 0x8
 315 0067 2E       		.uleb128 0x2e
 316 0068 00       		.byte	0
 317 0069 3F       		.uleb128 0x3f
 318 006a 19       		.uleb128 0x19
 319 006b 03       		.uleb128 0x3
 320 006c 0E       		.uleb128 0xe
 321 006d 3A       		.uleb128 0x3a
 322 006e 0B       		.uleb128 0xb
 323 006f 3B       		.uleb128 0x3b
 324 0070 0B       		.uleb128 0xb
 325 0071 27       		.uleb128 0x27
 326 0072 19       		.uleb128 0x19
 327 0073 49       		.uleb128 0x49
 328 0074 13       		.uleb128 0x13
 329 0075 11       		.uleb128 0x11
 330 0076 01       		.uleb128 0x1
 331 0077 12       		.uleb128 0x12
 332 0078 06       		.uleb128 0x6
 333 0079 40       		.uleb128 0x40
 334 007a 18       		.uleb128 0x18
 335 007b 9742     		.uleb128 0x2117
 336 007d 19       		.uleb128 0x19
 337 007e 00       		.byte	0
 338 007f 00       		.byte	0
 339 0080 00       		.byte	0
ARM GAS  C:\Users\barto\AppData\Local\Temp\ccbr5Aa8.s 			page 8


 340              		.section	.debug_aranges,"",%progbits
 341 0000 24000000 		.4byte	0x24
 342 0004 0200     		.2byte	0x2
 343 0006 00000000 		.4byte	.Ldebug_info0
 344 000a 04       		.byte	0x4
 345 000b 00       		.byte	0
 346 000c 0000     		.2byte	0
 347 000e 0000     		.2byte	0
 348 0010 00000000 		.4byte	.LFB0
 349 0014 20000000 		.4byte	.LFE0-.LFB0
 350 0018 00000000 		.4byte	.LFB1
 351 001c 18000000 		.4byte	.LFE1-.LFB1
 352 0020 00000000 		.4byte	0
 353 0024 00000000 		.4byte	0
 354              		.section	.debug_ranges,"",%progbits
 355              	.Ldebug_ranges0:
 356 0000 00000000 		.4byte	.LFB0
 357 0004 20000000 		.4byte	.LFE0
 358 0008 00000000 		.4byte	.LFB1
 359 000c 18000000 		.4byte	.LFE1
 360 0010 00000000 		.4byte	0
 361 0014 00000000 		.4byte	0
 362              		.section	.debug_line,"",%progbits
 363              	.Ldebug_line0:
 364 0000 78000000 		.section	.debug_str,"MS",%progbits,1
 364      02005000 
 364      00000201 
 364      FB0E0D00 
 364      01010101 
 365              	.LASF14:
 366 0000 474E5520 		.ascii	"GNU C11 5.4.1 20160609 (release) [ARM/embedded-5-br"
 366      43313120 
 366      352E342E 
 366      31203230 
 366      31363036 
 367 0033 616E6368 		.ascii	"anch revision 237715] -mcpu=cortex-m3 -mthumb -g -O"
 367      20726576 
 367      6973696F 
 367      6E203233 
 367      37373135 
 368 0066 30202D66 		.ascii	"0 -ffunction-sections -ffat-lto-objects\000"
 368      66756E63 
 368      74696F6E 
 368      2D736563 
 368      74696F6E 
 369              	.LASF19:
 370 008e 436F6E74 		.ascii	"Control_Step_Enable_Read\000"
 370      726F6C5F 
 370      53746570 
 370      5F456E61 
 370      626C655F 
 371              	.LASF9:
 372 00a7 666C6F61 		.ascii	"float\000"
 372      7400
 373              	.LASF1:
 374 00ad 756E7369 		.ascii	"unsigned char\000"
 374      676E6564 
ARM GAS  C:\Users\barto\AppData\Local\Temp\ccbr5Aa8.s 			page 9


 374      20636861 
 374      7200
 375              	.LASF13:
 376 00bb 72656738 		.ascii	"reg8\000"
 376      00
 377              	.LASF5:
 378 00c0 6C6F6E67 		.ascii	"long unsigned int\000"
 378      20756E73 
 378      69676E65 
 378      6420696E 
 378      7400
 379              	.LASF3:
 380 00d2 73686F72 		.ascii	"short unsigned int\000"
 380      7420756E 
 380      7369676E 
 380      65642069 
 380      6E7400
 381              	.LASF18:
 382 00e5 636F6E74 		.ascii	"control\000"
 382      726F6C00 
 383              	.LASF17:
 384 00ed 436F6E74 		.ascii	"Control_Step_Enable_Write\000"
 384      726F6C5F 
 384      53746570 
 384      5F456E61 
 384      626C655F 
 385              	.LASF10:
 386 0107 646F7562 		.ascii	"double\000"
 386      6C6500
 387              	.LASF8:
 388 010e 756E7369 		.ascii	"unsigned int\000"
 388      676E6564 
 388      20696E74 
 388      00
 389              	.LASF7:
 390 011b 6C6F6E67 		.ascii	"long long unsigned int\000"
 390      206C6F6E 
 390      6720756E 
 390      7369676E 
 390      65642069 
 391              	.LASF6:
 392 0132 6C6F6E67 		.ascii	"long long int\000"
 392      206C6F6E 
 392      6720696E 
 392      7400
 393              	.LASF16:
 394 0140 433A5C55 		.ascii	"C:\\Users\\barto\\Dropbox\\PSoC\\Grbl_USB_Native\\G"
 394      73657273 
 394      5C626172 
 394      746F5C44 
 394      726F7062 
 395 016d 72626C5F 		.ascii	"rbl_USB_Native.cydsn\000"
 395      5553425F 
 395      4E617469 
 395      76652E63 
 395      7964736E 
 396              	.LASF11:
ARM GAS  C:\Users\barto\AppData\Local\Temp\ccbr5Aa8.s 			page 10


 397 0182 63686172 		.ascii	"char\000"
 397      00
 398              	.LASF2:
 399 0187 73686F72 		.ascii	"short int\000"
 399      7420696E 
 399      7400
 400              	.LASF12:
 401 0191 75696E74 		.ascii	"uint8\000"
 401      3800
 402              	.LASF15:
 403 0197 47656E65 		.ascii	"Generated_Source\\PSoC5\\Control_Step_Enable.c\000"
 403      72617465 
 403      645F536F 
 403      75726365 
 403      5C50536F 
 404              	.LASF4:
 405 01c4 6C6F6E67 		.ascii	"long int\000"
 405      20696E74 
 405      00
 406              	.LASF0:
 407 01cd 7369676E 		.ascii	"signed char\000"
 407      65642063 
 407      68617200 
 408              		.ident	"GCC: (GNU Tools for ARM Embedded Processors) 5.4.1 20160609 (release) [ARM/embedded-5-bran
