ARM GAS  C:\Users\barto\AppData\Local\Temp\ccLD9CZf.s 			page 1


   1              		.syntax unified
   2              		.cpu cortex-m3
   3              		.fpu softvfp
   4              		.eabi_attribute 20, 1
   5              		.eabi_attribute 21, 1
   6              		.eabi_attribute 23, 3
   7              		.eabi_attribute 24, 1
   8              		.eabi_attribute 25, 1
   9              		.eabi_attribute 26, 1
  10              		.eabi_attribute 30, 6
  11              		.eabi_attribute 34, 1
  12              		.eabi_attribute 18, 4
  13              		.thumb
  14              		.syntax unified
  15              		.file	"Mist_Coolant_Pin.c"
  16              		.text
  17              	.Ltext0:
  18              		.cfi_sections	.debug_frame
  19              		.section	.text.Mist_Coolant_Pin_Write,"ax",%progbits
  20              		.align	2
  21              		.global	Mist_Coolant_Pin_Write
  22              		.thumb
  23              		.thumb_func
  24              		.type	Mist_Coolant_Pin_Write, %function
  25              	Mist_Coolant_Pin_Write:
  26              	.LFB0:
  27              		.file 1 "Generated_Source\\PSoC5\\Mist_Coolant_Pin.c"
   1:Generated_Source\PSoC5/Mist_Coolant_Pin.c **** /*******************************************************************************
   2:Generated_Source\PSoC5/Mist_Coolant_Pin.c **** * File Name: Mist_Coolant_Pin.c  
   3:Generated_Source\PSoC5/Mist_Coolant_Pin.c **** * Version 2.20
   4:Generated_Source\PSoC5/Mist_Coolant_Pin.c **** *
   5:Generated_Source\PSoC5/Mist_Coolant_Pin.c **** * Description:
   6:Generated_Source\PSoC5/Mist_Coolant_Pin.c **** *  This file contains API to enable firmware control of a Pins component.
   7:Generated_Source\PSoC5/Mist_Coolant_Pin.c **** *
   8:Generated_Source\PSoC5/Mist_Coolant_Pin.c **** * Note:
   9:Generated_Source\PSoC5/Mist_Coolant_Pin.c **** *
  10:Generated_Source\PSoC5/Mist_Coolant_Pin.c **** ********************************************************************************
  11:Generated_Source\PSoC5/Mist_Coolant_Pin.c **** * Copyright 2008-2015, Cypress Semiconductor Corporation.  All rights reserved.
  12:Generated_Source\PSoC5/Mist_Coolant_Pin.c **** * You may use this file only in accordance with the license, terms, conditions, 
  13:Generated_Source\PSoC5/Mist_Coolant_Pin.c **** * disclaimers, and limitations in the end user license agreement accompanying 
  14:Generated_Source\PSoC5/Mist_Coolant_Pin.c **** * the software package with which this file was provided.
  15:Generated_Source\PSoC5/Mist_Coolant_Pin.c **** *******************************************************************************/
  16:Generated_Source\PSoC5/Mist_Coolant_Pin.c **** 
  17:Generated_Source\PSoC5/Mist_Coolant_Pin.c **** #include "cytypes.h"
  18:Generated_Source\PSoC5/Mist_Coolant_Pin.c **** #include "Mist_Coolant_Pin.h"
  19:Generated_Source\PSoC5/Mist_Coolant_Pin.c **** 
  20:Generated_Source\PSoC5/Mist_Coolant_Pin.c **** /* APIs are not generated for P15[7:6] on PSoC 5 */
  21:Generated_Source\PSoC5/Mist_Coolant_Pin.c **** #if !(CY_PSOC5A &&\
  22:Generated_Source\PSoC5/Mist_Coolant_Pin.c **** 	 Mist_Coolant_Pin__PORT == 15 && ((Mist_Coolant_Pin__MASK & 0xC0) != 0))
  23:Generated_Source\PSoC5/Mist_Coolant_Pin.c **** 
  24:Generated_Source\PSoC5/Mist_Coolant_Pin.c **** 
  25:Generated_Source\PSoC5/Mist_Coolant_Pin.c **** /*******************************************************************************
  26:Generated_Source\PSoC5/Mist_Coolant_Pin.c **** * Function Name: Mist_Coolant_Pin_Write
  27:Generated_Source\PSoC5/Mist_Coolant_Pin.c **** ****************************************************************************//**
  28:Generated_Source\PSoC5/Mist_Coolant_Pin.c **** *
  29:Generated_Source\PSoC5/Mist_Coolant_Pin.c **** * \brief Writes the value to the physical port (data output register), masking
  30:Generated_Source\PSoC5/Mist_Coolant_Pin.c **** *  and shifting the bits appropriately. 
ARM GAS  C:\Users\barto\AppData\Local\Temp\ccLD9CZf.s 			page 2


  31:Generated_Source\PSoC5/Mist_Coolant_Pin.c **** *
  32:Generated_Source\PSoC5/Mist_Coolant_Pin.c **** * The data output register controls the signal applied to the physical pin in 
  33:Generated_Source\PSoC5/Mist_Coolant_Pin.c **** * conjunction with the drive mode parameter. This function avoids changing 
  34:Generated_Source\PSoC5/Mist_Coolant_Pin.c **** * other bits in the port by using the appropriate method (read-modify-write or
  35:Generated_Source\PSoC5/Mist_Coolant_Pin.c **** * bit banding).
  36:Generated_Source\PSoC5/Mist_Coolant_Pin.c **** *
  37:Generated_Source\PSoC5/Mist_Coolant_Pin.c **** * <b>Note</b> This function should not be used on a hardware digital output pin 
  38:Generated_Source\PSoC5/Mist_Coolant_Pin.c **** * as it is driven by the hardware signal attached to it.
  39:Generated_Source\PSoC5/Mist_Coolant_Pin.c **** *
  40:Generated_Source\PSoC5/Mist_Coolant_Pin.c **** * \param value
  41:Generated_Source\PSoC5/Mist_Coolant_Pin.c **** *  Value to write to the component instance.
  42:Generated_Source\PSoC5/Mist_Coolant_Pin.c **** *
  43:Generated_Source\PSoC5/Mist_Coolant_Pin.c **** * \return 
  44:Generated_Source\PSoC5/Mist_Coolant_Pin.c **** *  None 
  45:Generated_Source\PSoC5/Mist_Coolant_Pin.c **** *
  46:Generated_Source\PSoC5/Mist_Coolant_Pin.c **** * \sideeffect
  47:Generated_Source\PSoC5/Mist_Coolant_Pin.c **** *  If you use read-modify-write operations that are not atomic; the Interrupt 
  48:Generated_Source\PSoC5/Mist_Coolant_Pin.c **** *  Service Routines (ISR) can cause corruption of this function. An ISR that 
  49:Generated_Source\PSoC5/Mist_Coolant_Pin.c **** *  interrupts this function and performs writes to the Pins component data 
  50:Generated_Source\PSoC5/Mist_Coolant_Pin.c **** *  register can cause corrupted port data. To avoid this issue, you should 
  51:Generated_Source\PSoC5/Mist_Coolant_Pin.c **** *  either use the Per-Pin APIs (primary method) or disable interrupts around 
  52:Generated_Source\PSoC5/Mist_Coolant_Pin.c **** *  this function.
  53:Generated_Source\PSoC5/Mist_Coolant_Pin.c **** *
  54:Generated_Source\PSoC5/Mist_Coolant_Pin.c **** * \funcusage
  55:Generated_Source\PSoC5/Mist_Coolant_Pin.c **** *  \snippet Mist_Coolant_Pin_SUT.c usage_Mist_Coolant_Pin_Write
  56:Generated_Source\PSoC5/Mist_Coolant_Pin.c **** *******************************************************************************/
  57:Generated_Source\PSoC5/Mist_Coolant_Pin.c **** void Mist_Coolant_Pin_Write(uint8 value)
  58:Generated_Source\PSoC5/Mist_Coolant_Pin.c **** {
  28              		.loc 1 58 0
  29              		.cfi_startproc
  30              		@ args = 0, pretend = 0, frame = 16
  31              		@ frame_needed = 1, uses_anonymous_args = 0
  32              		@ link register save eliminated.
  33 0000 80B4     		push	{r7}
  34              		.cfi_def_cfa_offset 4
  35              		.cfi_offset 7, -4
  36 0002 85B0     		sub	sp, sp, #20
  37              		.cfi_def_cfa_offset 24
  38 0004 00AF     		add	r7, sp, #0
  39              		.cfi_def_cfa_register 7
  40 0006 0346     		mov	r3, r0
  41 0008 FB71     		strb	r3, [r7, #7]
  59:Generated_Source\PSoC5/Mist_Coolant_Pin.c ****     uint8 staticBits = (Mist_Coolant_Pin_DR & (uint8)(~Mist_Coolant_Pin_MASK));
  42              		.loc 1 59 0
  43 000a 094B     		ldr	r3, .L2
  44 000c 1B78     		ldrb	r3, [r3]
  45 000e DBB2     		uxtb	r3, r3
  46 0010 03F07F03 		and	r3, r3, #127
  47 0014 FB73     		strb	r3, [r7, #15]
  60:Generated_Source\PSoC5/Mist_Coolant_Pin.c ****     Mist_Coolant_Pin_DR = staticBits | ((uint8)(value << Mist_Coolant_Pin_SHIFT) & Mist_Coolant_Pin
  48              		.loc 1 60 0
  49 0016 0649     		ldr	r1, .L2
  50 0018 FB79     		ldrb	r3, [r7, #7]
  51 001a DB01     		lsls	r3, r3, #7
  52 001c DAB2     		uxtb	r2, r3
  53 001e FB7B     		ldrb	r3, [r7, #15]
  54 0020 1343     		orrs	r3, r3, r2
ARM GAS  C:\Users\barto\AppData\Local\Temp\ccLD9CZf.s 			page 3


  55 0022 DBB2     		uxtb	r3, r3
  56 0024 0B70     		strb	r3, [r1]
  61:Generated_Source\PSoC5/Mist_Coolant_Pin.c **** }
  57              		.loc 1 61 0
  58 0026 00BF     		nop
  59 0028 1437     		adds	r7, r7, #20
  60              		.cfi_def_cfa_offset 4
  61 002a BD46     		mov	sp, r7
  62              		.cfi_def_cfa_register 13
  63              		@ sp needed
  64 002c 80BC     		pop	{r7}
  65              		.cfi_restore 7
  66              		.cfi_def_cfa_offset 0
  67 002e 7047     		bx	lr
  68              	.L3:
  69              		.align	2
  70              	.L2:
  71 0030 20510040 		.word	1073762592
  72              		.cfi_endproc
  73              	.LFE0:
  74              		.size	Mist_Coolant_Pin_Write, .-Mist_Coolant_Pin_Write
  75              		.section	.text.Mist_Coolant_Pin_SetDriveMode,"ax",%progbits
  76              		.align	2
  77              		.global	Mist_Coolant_Pin_SetDriveMode
  78              		.thumb
  79              		.thumb_func
  80              		.type	Mist_Coolant_Pin_SetDriveMode, %function
  81              	Mist_Coolant_Pin_SetDriveMode:
  82              	.LFB1:
  62:Generated_Source\PSoC5/Mist_Coolant_Pin.c **** 
  63:Generated_Source\PSoC5/Mist_Coolant_Pin.c **** 
  64:Generated_Source\PSoC5/Mist_Coolant_Pin.c **** /*******************************************************************************
  65:Generated_Source\PSoC5/Mist_Coolant_Pin.c **** * Function Name: Mist_Coolant_Pin_SetDriveMode
  66:Generated_Source\PSoC5/Mist_Coolant_Pin.c **** ****************************************************************************//**
  67:Generated_Source\PSoC5/Mist_Coolant_Pin.c **** *
  68:Generated_Source\PSoC5/Mist_Coolant_Pin.c **** * \brief Sets the drive mode for each of the Pins component's pins.
  69:Generated_Source\PSoC5/Mist_Coolant_Pin.c **** * 
  70:Generated_Source\PSoC5/Mist_Coolant_Pin.c **** * <b>Note</b> This affects all pins in the Pins component instance. Use the
  71:Generated_Source\PSoC5/Mist_Coolant_Pin.c **** * Per-Pin APIs if you wish to control individual pin's drive modes.
  72:Generated_Source\PSoC5/Mist_Coolant_Pin.c **** *
  73:Generated_Source\PSoC5/Mist_Coolant_Pin.c **** * \param mode
  74:Generated_Source\PSoC5/Mist_Coolant_Pin.c **** *  Mode for the selected signals. Valid options are documented in 
  75:Generated_Source\PSoC5/Mist_Coolant_Pin.c **** *  \ref driveMode.
  76:Generated_Source\PSoC5/Mist_Coolant_Pin.c **** *
  77:Generated_Source\PSoC5/Mist_Coolant_Pin.c **** * \return
  78:Generated_Source\PSoC5/Mist_Coolant_Pin.c **** *  None
  79:Generated_Source\PSoC5/Mist_Coolant_Pin.c **** *
  80:Generated_Source\PSoC5/Mist_Coolant_Pin.c **** * \sideeffect
  81:Generated_Source\PSoC5/Mist_Coolant_Pin.c **** *  If you use read-modify-write operations that are not atomic, the ISR can
  82:Generated_Source\PSoC5/Mist_Coolant_Pin.c **** *  cause corruption of this function. An ISR that interrupts this function 
  83:Generated_Source\PSoC5/Mist_Coolant_Pin.c **** *  and performs writes to the Pins component Drive Mode registers can cause 
  84:Generated_Source\PSoC5/Mist_Coolant_Pin.c **** *  corrupted port data. To avoid this issue, you should either use the Per-Pin
  85:Generated_Source\PSoC5/Mist_Coolant_Pin.c **** *  APIs (primary method) or disable interrupts around this function.
  86:Generated_Source\PSoC5/Mist_Coolant_Pin.c **** *
  87:Generated_Source\PSoC5/Mist_Coolant_Pin.c **** * \funcusage
  88:Generated_Source\PSoC5/Mist_Coolant_Pin.c **** *  \snippet Mist_Coolant_Pin_SUT.c usage_Mist_Coolant_Pin_SetDriveMode
  89:Generated_Source\PSoC5/Mist_Coolant_Pin.c **** *******************************************************************************/
ARM GAS  C:\Users\barto\AppData\Local\Temp\ccLD9CZf.s 			page 4


  90:Generated_Source\PSoC5/Mist_Coolant_Pin.c **** void Mist_Coolant_Pin_SetDriveMode(uint8 mode)
  91:Generated_Source\PSoC5/Mist_Coolant_Pin.c **** {
  83              		.loc 1 91 0
  84              		.cfi_startproc
  85              		@ args = 0, pretend = 0, frame = 8
  86              		@ frame_needed = 1, uses_anonymous_args = 0
  87              		@ link register save eliminated.
  88 0000 80B4     		push	{r7}
  89              		.cfi_def_cfa_offset 4
  90              		.cfi_offset 7, -4
  91 0002 83B0     		sub	sp, sp, #12
  92              		.cfi_def_cfa_offset 16
  93 0004 00AF     		add	r7, sp, #0
  94              		.cfi_def_cfa_register 7
  95 0006 0346     		mov	r3, r0
  96 0008 FB71     		strb	r3, [r7, #7]
  92:Generated_Source\PSoC5/Mist_Coolant_Pin.c **** 	CyPins_SetPinDriveMode(Mist_Coolant_Pin_0, mode);
  97              		.loc 1 92 0
  98 000a 0B49     		ldr	r1, .L5
  99 000c 0A4B     		ldr	r3, .L5
 100 000e 1B78     		ldrb	r3, [r3]
 101 0010 DBB2     		uxtb	r3, r3
 102 0012 5BB2     		sxtb	r3, r3
 103 0014 23F00E03 		bic	r3, r3, #14
 104 0018 5AB2     		sxtb	r2, r3
 105 001a 97F90730 		ldrsb	r3, [r7, #7]
 106 001e 03F00E03 		and	r3, r3, #14
 107 0022 5BB2     		sxtb	r3, r3
 108 0024 1343     		orrs	r3, r3, r2
 109 0026 5BB2     		sxtb	r3, r3
 110 0028 DBB2     		uxtb	r3, r3
 111 002a 0B70     		strb	r3, [r1]
  93:Generated_Source\PSoC5/Mist_Coolant_Pin.c **** }
 112              		.loc 1 93 0
 113 002c 00BF     		nop
 114 002e 0C37     		adds	r7, r7, #12
 115              		.cfi_def_cfa_offset 4
 116 0030 BD46     		mov	sp, r7
 117              		.cfi_def_cfa_register 13
 118              		@ sp needed
 119 0032 80BC     		pop	{r7}
 120              		.cfi_restore 7
 121              		.cfi_def_cfa_offset 0
 122 0034 7047     		bx	lr
 123              	.L6:
 124 0036 00BF     		.align	2
 125              	.L5:
 126 0038 17500040 		.word	1073762327
 127              		.cfi_endproc
 128              	.LFE1:
 129              		.size	Mist_Coolant_Pin_SetDriveMode, .-Mist_Coolant_Pin_SetDriveMode
 130              		.section	.text.Mist_Coolant_Pin_Read,"ax",%progbits
 131              		.align	2
 132              		.global	Mist_Coolant_Pin_Read
 133              		.thumb
 134              		.thumb_func
 135              		.type	Mist_Coolant_Pin_Read, %function
ARM GAS  C:\Users\barto\AppData\Local\Temp\ccLD9CZf.s 			page 5


 136              	Mist_Coolant_Pin_Read:
 137              	.LFB2:
  94:Generated_Source\PSoC5/Mist_Coolant_Pin.c **** 
  95:Generated_Source\PSoC5/Mist_Coolant_Pin.c **** 
  96:Generated_Source\PSoC5/Mist_Coolant_Pin.c **** /*******************************************************************************
  97:Generated_Source\PSoC5/Mist_Coolant_Pin.c **** * Function Name: Mist_Coolant_Pin_Read
  98:Generated_Source\PSoC5/Mist_Coolant_Pin.c **** ****************************************************************************//**
  99:Generated_Source\PSoC5/Mist_Coolant_Pin.c **** *
 100:Generated_Source\PSoC5/Mist_Coolant_Pin.c **** * \brief Reads the associated physical port (pin status register) and masks 
 101:Generated_Source\PSoC5/Mist_Coolant_Pin.c **** *  the required bits according to the width and bit position of the component
 102:Generated_Source\PSoC5/Mist_Coolant_Pin.c **** *  instance. 
 103:Generated_Source\PSoC5/Mist_Coolant_Pin.c **** *
 104:Generated_Source\PSoC5/Mist_Coolant_Pin.c **** * The pin's status register returns the current logic level present on the 
 105:Generated_Source\PSoC5/Mist_Coolant_Pin.c **** * physical pin.
 106:Generated_Source\PSoC5/Mist_Coolant_Pin.c **** *
 107:Generated_Source\PSoC5/Mist_Coolant_Pin.c **** * \return 
 108:Generated_Source\PSoC5/Mist_Coolant_Pin.c **** *  The current value for the pins in the component as a right justified number.
 109:Generated_Source\PSoC5/Mist_Coolant_Pin.c **** *
 110:Generated_Source\PSoC5/Mist_Coolant_Pin.c **** * \funcusage
 111:Generated_Source\PSoC5/Mist_Coolant_Pin.c **** *  \snippet Mist_Coolant_Pin_SUT.c usage_Mist_Coolant_Pin_Read  
 112:Generated_Source\PSoC5/Mist_Coolant_Pin.c **** *******************************************************************************/
 113:Generated_Source\PSoC5/Mist_Coolant_Pin.c **** uint8 Mist_Coolant_Pin_Read(void)
 114:Generated_Source\PSoC5/Mist_Coolant_Pin.c **** {
 138              		.loc 1 114 0
 139              		.cfi_startproc
 140              		@ args = 0, pretend = 0, frame = 0
 141              		@ frame_needed = 1, uses_anonymous_args = 0
 142              		@ link register save eliminated.
 143 0000 80B4     		push	{r7}
 144              		.cfi_def_cfa_offset 4
 145              		.cfi_offset 7, -4
 146 0002 00AF     		add	r7, sp, #0
 147              		.cfi_def_cfa_register 7
 115:Generated_Source\PSoC5/Mist_Coolant_Pin.c ****     return (Mist_Coolant_Pin_PS & Mist_Coolant_Pin_MASK) >> Mist_Coolant_Pin_SHIFT;
 148              		.loc 1 115 0
 149 0004 054B     		ldr	r3, .L9
 150 0006 1B78     		ldrb	r3, [r3]
 151 0008 DBB2     		uxtb	r3, r3
 152 000a 03F08003 		and	r3, r3, #128
 153 000e DB09     		lsrs	r3, r3, #7
 154 0010 DBB2     		uxtb	r3, r3
 116:Generated_Source\PSoC5/Mist_Coolant_Pin.c **** }
 155              		.loc 1 116 0
 156 0012 1846     		mov	r0, r3
 157 0014 BD46     		mov	sp, r7
 158              		.cfi_def_cfa_register 13
 159              		@ sp needed
 160 0016 80BC     		pop	{r7}
 161              		.cfi_restore 7
 162              		.cfi_def_cfa_offset 0
 163 0018 7047     		bx	lr
 164              	.L10:
 165 001a 00BF     		.align	2
 166              	.L9:
 167 001c 21510040 		.word	1073762593
 168              		.cfi_endproc
 169              	.LFE2:
ARM GAS  C:\Users\barto\AppData\Local\Temp\ccLD9CZf.s 			page 6


 170              		.size	Mist_Coolant_Pin_Read, .-Mist_Coolant_Pin_Read
 171              		.section	.text.Mist_Coolant_Pin_ReadDataReg,"ax",%progbits
 172              		.align	2
 173              		.global	Mist_Coolant_Pin_ReadDataReg
 174              		.thumb
 175              		.thumb_func
 176              		.type	Mist_Coolant_Pin_ReadDataReg, %function
 177              	Mist_Coolant_Pin_ReadDataReg:
 178              	.LFB3:
 117:Generated_Source\PSoC5/Mist_Coolant_Pin.c **** 
 118:Generated_Source\PSoC5/Mist_Coolant_Pin.c **** 
 119:Generated_Source\PSoC5/Mist_Coolant_Pin.c **** /*******************************************************************************
 120:Generated_Source\PSoC5/Mist_Coolant_Pin.c **** * Function Name: Mist_Coolant_Pin_ReadDataReg
 121:Generated_Source\PSoC5/Mist_Coolant_Pin.c **** ****************************************************************************//**
 122:Generated_Source\PSoC5/Mist_Coolant_Pin.c **** *
 123:Generated_Source\PSoC5/Mist_Coolant_Pin.c **** * \brief Reads the associated physical port's data output register and masks 
 124:Generated_Source\PSoC5/Mist_Coolant_Pin.c **** *  the correct bits according to the width and bit position of the component 
 125:Generated_Source\PSoC5/Mist_Coolant_Pin.c **** *  instance. 
 126:Generated_Source\PSoC5/Mist_Coolant_Pin.c **** *
 127:Generated_Source\PSoC5/Mist_Coolant_Pin.c **** * The data output register controls the signal applied to the physical pin in 
 128:Generated_Source\PSoC5/Mist_Coolant_Pin.c **** * conjunction with the drive mode parameter. This is not the same as the 
 129:Generated_Source\PSoC5/Mist_Coolant_Pin.c **** * preferred Mist_Coolant_Pin_Read() API because the 
 130:Generated_Source\PSoC5/Mist_Coolant_Pin.c **** * Mist_Coolant_Pin_ReadDataReg() reads the data register instead of the status 
 131:Generated_Source\PSoC5/Mist_Coolant_Pin.c **** * register. For output pins this is a useful function to determine the value 
 132:Generated_Source\PSoC5/Mist_Coolant_Pin.c **** * just written to the pin.
 133:Generated_Source\PSoC5/Mist_Coolant_Pin.c **** *
 134:Generated_Source\PSoC5/Mist_Coolant_Pin.c **** * \return 
 135:Generated_Source\PSoC5/Mist_Coolant_Pin.c **** *  The current value of the data register masked and shifted into a right 
 136:Generated_Source\PSoC5/Mist_Coolant_Pin.c **** *  justified number for the component instance.
 137:Generated_Source\PSoC5/Mist_Coolant_Pin.c **** *
 138:Generated_Source\PSoC5/Mist_Coolant_Pin.c **** * \funcusage
 139:Generated_Source\PSoC5/Mist_Coolant_Pin.c **** *  \snippet Mist_Coolant_Pin_SUT.c usage_Mist_Coolant_Pin_ReadDataReg 
 140:Generated_Source\PSoC5/Mist_Coolant_Pin.c **** *******************************************************************************/
 141:Generated_Source\PSoC5/Mist_Coolant_Pin.c **** uint8 Mist_Coolant_Pin_ReadDataReg(void)
 142:Generated_Source\PSoC5/Mist_Coolant_Pin.c **** {
 179              		.loc 1 142 0
 180              		.cfi_startproc
 181              		@ args = 0, pretend = 0, frame = 0
 182              		@ frame_needed = 1, uses_anonymous_args = 0
 183              		@ link register save eliminated.
 184 0000 80B4     		push	{r7}
 185              		.cfi_def_cfa_offset 4
 186              		.cfi_offset 7, -4
 187 0002 00AF     		add	r7, sp, #0
 188              		.cfi_def_cfa_register 7
 143:Generated_Source\PSoC5/Mist_Coolant_Pin.c ****     return (Mist_Coolant_Pin_DR & Mist_Coolant_Pin_MASK) >> Mist_Coolant_Pin_SHIFT;
 189              		.loc 1 143 0
 190 0004 054B     		ldr	r3, .L13
 191 0006 1B78     		ldrb	r3, [r3]
 192 0008 DBB2     		uxtb	r3, r3
 193 000a 03F08003 		and	r3, r3, #128
 194 000e DB09     		lsrs	r3, r3, #7
 195 0010 DBB2     		uxtb	r3, r3
 144:Generated_Source\PSoC5/Mist_Coolant_Pin.c **** }
 196              		.loc 1 144 0
 197 0012 1846     		mov	r0, r3
 198 0014 BD46     		mov	sp, r7
ARM GAS  C:\Users\barto\AppData\Local\Temp\ccLD9CZf.s 			page 7


 199              		.cfi_def_cfa_register 13
 200              		@ sp needed
 201 0016 80BC     		pop	{r7}
 202              		.cfi_restore 7
 203              		.cfi_def_cfa_offset 0
 204 0018 7047     		bx	lr
 205              	.L14:
 206 001a 00BF     		.align	2
 207              	.L13:
 208 001c 20510040 		.word	1073762592
 209              		.cfi_endproc
 210              	.LFE3:
 211              		.size	Mist_Coolant_Pin_ReadDataReg, .-Mist_Coolant_Pin_ReadDataReg
 212              		.text
 213              	.Letext0:
 214              		.file 2 "Generated_Source\\PSoC5\\cytypes.h"
 215              		.section	.debug_info,"",%progbits
 216              	.Ldebug_info0:
 217 0000 1A010000 		.4byte	0x11a
 218 0004 0400     		.2byte	0x4
 219 0006 00000000 		.4byte	.Ldebug_abbrev0
 220 000a 04       		.byte	0x4
 221 000b 01       		.uleb128 0x1
 222 000c 00000000 		.4byte	.LASF20
 223 0010 0C       		.byte	0xc
 224 0011 EF010000 		.4byte	.LASF21
 225 0015 83010000 		.4byte	.LASF22
 226 0019 00000000 		.4byte	.Ldebug_ranges0+0
 227 001d 00000000 		.4byte	0
 228 0021 00000000 		.4byte	.Ldebug_line0
 229 0025 02       		.uleb128 0x2
 230 0026 01       		.byte	0x1
 231 0027 06       		.byte	0x6
 232 0028 E3010000 		.4byte	.LASF0
 233 002c 02       		.uleb128 0x2
 234 002d 01       		.byte	0x1
 235 002e 08       		.byte	0x8
 236 002f 0D010000 		.4byte	.LASF1
 237 0033 02       		.uleb128 0x2
 238 0034 02       		.byte	0x2
 239 0035 05       		.byte	0x5
 240 0036 CA010000 		.4byte	.LASF2
 241 003a 02       		.uleb128 0x2
 242 003b 02       		.byte	0x2
 243 003c 07       		.byte	0x7
 244 003d 32010000 		.4byte	.LASF3
 245 0041 02       		.uleb128 0x2
 246 0042 04       		.byte	0x4
 247 0043 05       		.byte	0x5
 248 0044 DA010000 		.4byte	.LASF4
 249 0048 02       		.uleb128 0x2
 250 0049 04       		.byte	0x4
 251 004a 07       		.byte	0x7
 252 004b 20010000 		.4byte	.LASF5
 253 004f 02       		.uleb128 0x2
 254 0050 08       		.byte	0x8
 255 0051 05       		.byte	0x5
ARM GAS  C:\Users\barto\AppData\Local\Temp\ccLD9CZf.s 			page 8


 256 0052 75010000 		.4byte	.LASF6
 257 0056 02       		.uleb128 0x2
 258 0057 08       		.byte	0x8
 259 0058 07       		.byte	0x7
 260 0059 59010000 		.4byte	.LASF7
 261 005d 03       		.uleb128 0x3
 262 005e 04       		.byte	0x4
 263 005f 05       		.byte	0x5
 264 0060 696E7400 		.ascii	"int\000"
 265 0064 02       		.uleb128 0x2
 266 0065 04       		.byte	0x4
 267 0066 07       		.byte	0x7
 268 0067 4C010000 		.4byte	.LASF8
 269 006b 04       		.uleb128 0x4
 270 006c D4010000 		.4byte	.LASF12
 271 0070 02       		.byte	0x2
 272 0071 9201     		.2byte	0x192
 273 0073 2C000000 		.4byte	0x2c
 274 0077 02       		.uleb128 0x2
 275 0078 04       		.byte	0x4
 276 0079 04       		.byte	0x4
 277 007a 07010000 		.4byte	.LASF9
 278 007e 02       		.uleb128 0x2
 279 007f 08       		.byte	0x8
 280 0080 04       		.byte	0x4
 281 0081 45010000 		.4byte	.LASF10
 282 0085 02       		.uleb128 0x2
 283 0086 01       		.byte	0x1
 284 0087 08       		.byte	0x8
 285 0088 C5010000 		.4byte	.LASF11
 286 008c 04       		.uleb128 0x4
 287 008d 1B010000 		.4byte	.LASF13
 288 0091 02       		.byte	0x2
 289 0092 3C02     		.2byte	0x23c
 290 0094 98000000 		.4byte	0x98
 291 0098 05       		.uleb128 0x5
 292 0099 6B000000 		.4byte	0x6b
 293 009d 06       		.uleb128 0x6
 294 009e DA000000 		.4byte	.LASF14
 295 00a2 01       		.byte	0x1
 296 00a3 39       		.byte	0x39
 297 00a4 00000000 		.4byte	.LFB0
 298 00a8 34000000 		.4byte	.LFE0-.LFB0
 299 00ac 01       		.uleb128 0x1
 300 00ad 9C       		.byte	0x9c
 301 00ae CF000000 		.4byte	0xcf
 302 00b2 07       		.uleb128 0x7
 303 00b3 C9000000 		.4byte	.LASF16
 304 00b7 01       		.byte	0x1
 305 00b8 39       		.byte	0x39
 306 00b9 6B000000 		.4byte	0x6b
 307 00bd 02       		.uleb128 0x2
 308 00be 91       		.byte	0x91
 309 00bf 6F       		.sleb128 -17
 310 00c0 08       		.uleb128 0x8
 311 00c1 CF000000 		.4byte	.LASF23
 312 00c5 01       		.byte	0x1
ARM GAS  C:\Users\barto\AppData\Local\Temp\ccLD9CZf.s 			page 9


 313 00c6 3B       		.byte	0x3b
 314 00c7 6B000000 		.4byte	0x6b
 315 00cb 02       		.uleb128 0x2
 316 00cc 91       		.byte	0x91
 317 00cd 77       		.sleb128 -9
 318 00ce 00       		.byte	0
 319 00cf 06       		.uleb128 0x6
 320 00d0 AB000000 		.4byte	.LASF15
 321 00d4 01       		.byte	0x1
 322 00d5 5A       		.byte	0x5a
 323 00d6 00000000 		.4byte	.LFB1
 324 00da 3C000000 		.4byte	.LFE1-.LFB1
 325 00de 01       		.uleb128 0x1
 326 00df 9C       		.byte	0x9c
 327 00e0 F3000000 		.4byte	0xf3
 328 00e4 07       		.uleb128 0x7
 329 00e5 70010000 		.4byte	.LASF17
 330 00e9 01       		.byte	0x1
 331 00ea 5A       		.byte	0x5a
 332 00eb 6B000000 		.4byte	0x6b
 333 00ef 02       		.uleb128 0x2
 334 00f0 91       		.byte	0x91
 335 00f1 77       		.sleb128 -9
 336 00f2 00       		.byte	0
 337 00f3 09       		.uleb128 0x9
 338 00f4 F1000000 		.4byte	.LASF18
 339 00f8 01       		.byte	0x1
 340 00f9 71       		.byte	0x71
 341 00fa 6B000000 		.4byte	0x6b
 342 00fe 00000000 		.4byte	.LFB2
 343 0102 20000000 		.4byte	.LFE2-.LFB2
 344 0106 01       		.uleb128 0x1
 345 0107 9C       		.byte	0x9c
 346 0108 09       		.uleb128 0x9
 347 0109 8E000000 		.4byte	.LASF19
 348 010d 01       		.byte	0x1
 349 010e 8D       		.byte	0x8d
 350 010f 6B000000 		.4byte	0x6b
 351 0113 00000000 		.4byte	.LFB3
 352 0117 20000000 		.4byte	.LFE3-.LFB3
 353 011b 01       		.uleb128 0x1
 354 011c 9C       		.byte	0x9c
 355 011d 00       		.byte	0
 356              		.section	.debug_abbrev,"",%progbits
 357              	.Ldebug_abbrev0:
 358 0000 01       		.uleb128 0x1
 359 0001 11       		.uleb128 0x11
 360 0002 01       		.byte	0x1
 361 0003 25       		.uleb128 0x25
 362 0004 0E       		.uleb128 0xe
 363 0005 13       		.uleb128 0x13
 364 0006 0B       		.uleb128 0xb
 365 0007 03       		.uleb128 0x3
 366 0008 0E       		.uleb128 0xe
 367 0009 1B       		.uleb128 0x1b
 368 000a 0E       		.uleb128 0xe
 369 000b 55       		.uleb128 0x55
ARM GAS  C:\Users\barto\AppData\Local\Temp\ccLD9CZf.s 			page 10


 370 000c 17       		.uleb128 0x17
 371 000d 11       		.uleb128 0x11
 372 000e 01       		.uleb128 0x1
 373 000f 10       		.uleb128 0x10
 374 0010 17       		.uleb128 0x17
 375 0011 00       		.byte	0
 376 0012 00       		.byte	0
 377 0013 02       		.uleb128 0x2
 378 0014 24       		.uleb128 0x24
 379 0015 00       		.byte	0
 380 0016 0B       		.uleb128 0xb
 381 0017 0B       		.uleb128 0xb
 382 0018 3E       		.uleb128 0x3e
 383 0019 0B       		.uleb128 0xb
 384 001a 03       		.uleb128 0x3
 385 001b 0E       		.uleb128 0xe
 386 001c 00       		.byte	0
 387 001d 00       		.byte	0
 388 001e 03       		.uleb128 0x3
 389 001f 24       		.uleb128 0x24
 390 0020 00       		.byte	0
 391 0021 0B       		.uleb128 0xb
 392 0022 0B       		.uleb128 0xb
 393 0023 3E       		.uleb128 0x3e
 394 0024 0B       		.uleb128 0xb
 395 0025 03       		.uleb128 0x3
 396 0026 08       		.uleb128 0x8
 397 0027 00       		.byte	0
 398 0028 00       		.byte	0
 399 0029 04       		.uleb128 0x4
 400 002a 16       		.uleb128 0x16
 401 002b 00       		.byte	0
 402 002c 03       		.uleb128 0x3
 403 002d 0E       		.uleb128 0xe
 404 002e 3A       		.uleb128 0x3a
 405 002f 0B       		.uleb128 0xb
 406 0030 3B       		.uleb128 0x3b
 407 0031 05       		.uleb128 0x5
 408 0032 49       		.uleb128 0x49
 409 0033 13       		.uleb128 0x13
 410 0034 00       		.byte	0
 411 0035 00       		.byte	0
 412 0036 05       		.uleb128 0x5
 413 0037 35       		.uleb128 0x35
 414 0038 00       		.byte	0
 415 0039 49       		.uleb128 0x49
 416 003a 13       		.uleb128 0x13
 417 003b 00       		.byte	0
 418 003c 00       		.byte	0
 419 003d 06       		.uleb128 0x6
 420 003e 2E       		.uleb128 0x2e
 421 003f 01       		.byte	0x1
 422 0040 3F       		.uleb128 0x3f
 423 0041 19       		.uleb128 0x19
 424 0042 03       		.uleb128 0x3
 425 0043 0E       		.uleb128 0xe
 426 0044 3A       		.uleb128 0x3a
ARM GAS  C:\Users\barto\AppData\Local\Temp\ccLD9CZf.s 			page 11


 427 0045 0B       		.uleb128 0xb
 428 0046 3B       		.uleb128 0x3b
 429 0047 0B       		.uleb128 0xb
 430 0048 27       		.uleb128 0x27
 431 0049 19       		.uleb128 0x19
 432 004a 11       		.uleb128 0x11
 433 004b 01       		.uleb128 0x1
 434 004c 12       		.uleb128 0x12
 435 004d 06       		.uleb128 0x6
 436 004e 40       		.uleb128 0x40
 437 004f 18       		.uleb128 0x18
 438 0050 9742     		.uleb128 0x2117
 439 0052 19       		.uleb128 0x19
 440 0053 01       		.uleb128 0x1
 441 0054 13       		.uleb128 0x13
 442 0055 00       		.byte	0
 443 0056 00       		.byte	0
 444 0057 07       		.uleb128 0x7
 445 0058 05       		.uleb128 0x5
 446 0059 00       		.byte	0
 447 005a 03       		.uleb128 0x3
 448 005b 0E       		.uleb128 0xe
 449 005c 3A       		.uleb128 0x3a
 450 005d 0B       		.uleb128 0xb
 451 005e 3B       		.uleb128 0x3b
 452 005f 0B       		.uleb128 0xb
 453 0060 49       		.uleb128 0x49
 454 0061 13       		.uleb128 0x13
 455 0062 02       		.uleb128 0x2
 456 0063 18       		.uleb128 0x18
 457 0064 00       		.byte	0
 458 0065 00       		.byte	0
 459 0066 08       		.uleb128 0x8
 460 0067 34       		.uleb128 0x34
 461 0068 00       		.byte	0
 462 0069 03       		.uleb128 0x3
 463 006a 0E       		.uleb128 0xe
 464 006b 3A       		.uleb128 0x3a
 465 006c 0B       		.uleb128 0xb
 466 006d 3B       		.uleb128 0x3b
 467 006e 0B       		.uleb128 0xb
 468 006f 49       		.uleb128 0x49
 469 0070 13       		.uleb128 0x13
 470 0071 02       		.uleb128 0x2
 471 0072 18       		.uleb128 0x18
 472 0073 00       		.byte	0
 473 0074 00       		.byte	0
 474 0075 09       		.uleb128 0x9
 475 0076 2E       		.uleb128 0x2e
 476 0077 00       		.byte	0
 477 0078 3F       		.uleb128 0x3f
 478 0079 19       		.uleb128 0x19
 479 007a 03       		.uleb128 0x3
 480 007b 0E       		.uleb128 0xe
 481 007c 3A       		.uleb128 0x3a
 482 007d 0B       		.uleb128 0xb
 483 007e 3B       		.uleb128 0x3b
ARM GAS  C:\Users\barto\AppData\Local\Temp\ccLD9CZf.s 			page 12


 484 007f 0B       		.uleb128 0xb
 485 0080 27       		.uleb128 0x27
 486 0081 19       		.uleb128 0x19
 487 0082 49       		.uleb128 0x49
 488 0083 13       		.uleb128 0x13
 489 0084 11       		.uleb128 0x11
 490 0085 01       		.uleb128 0x1
 491 0086 12       		.uleb128 0x12
 492 0087 06       		.uleb128 0x6
 493 0088 40       		.uleb128 0x40
 494 0089 18       		.uleb128 0x18
 495 008a 9742     		.uleb128 0x2117
 496 008c 19       		.uleb128 0x19
 497 008d 00       		.byte	0
 498 008e 00       		.byte	0
 499 008f 00       		.byte	0
 500              		.section	.debug_aranges,"",%progbits
 501 0000 34000000 		.4byte	0x34
 502 0004 0200     		.2byte	0x2
 503 0006 00000000 		.4byte	.Ldebug_info0
 504 000a 04       		.byte	0x4
 505 000b 00       		.byte	0
 506 000c 0000     		.2byte	0
 507 000e 0000     		.2byte	0
 508 0010 00000000 		.4byte	.LFB0
 509 0014 34000000 		.4byte	.LFE0-.LFB0
 510 0018 00000000 		.4byte	.LFB1
 511 001c 3C000000 		.4byte	.LFE1-.LFB1
 512 0020 00000000 		.4byte	.LFB2
 513 0024 20000000 		.4byte	.LFE2-.LFB2
 514 0028 00000000 		.4byte	.LFB3
 515 002c 20000000 		.4byte	.LFE3-.LFB3
 516 0030 00000000 		.4byte	0
 517 0034 00000000 		.4byte	0
 518              		.section	.debug_ranges,"",%progbits
 519              	.Ldebug_ranges0:
 520 0000 00000000 		.4byte	.LFB0
 521 0004 34000000 		.4byte	.LFE0
 522 0008 00000000 		.4byte	.LFB1
 523 000c 3C000000 		.4byte	.LFE1
 524 0010 00000000 		.4byte	.LFB2
 525 0014 20000000 		.4byte	.LFE2
 526 0018 00000000 		.4byte	.LFB3
 527 001c 20000000 		.4byte	.LFE3
 528 0020 00000000 		.4byte	0
 529 0024 00000000 		.4byte	0
 530              		.section	.debug_line,"",%progbits
 531              	.Ldebug_line0:
 532 0000 9C000000 		.section	.debug_str,"MS",%progbits,1
 532      02004D00 
 532      00000201 
 532      FB0E0D00 
 532      01010101 
 533              	.LASF20:
 534 0000 474E5520 		.ascii	"GNU C11 5.4.1 20160609 (release) [ARM/embedded-5-br"
 534      43313120 
 534      352E342E 
ARM GAS  C:\Users\barto\AppData\Local\Temp\ccLD9CZf.s 			page 13


 534      31203230 
 534      31363036 
 535 0033 616E6368 		.ascii	"anch revision 237715] -mcpu=cortex-m3 -mthumb -g -O"
 535      20726576 
 535      6973696F 
 535      6E203233 
 535      37373135 
 536 0066 30202D66 		.ascii	"0 -ffunction-sections -ffat-lto-objects\000"
 536      66756E63 
 536      74696F6E 
 536      2D736563 
 536      74696F6E 
 537              	.LASF19:
 538 008e 4D697374 		.ascii	"Mist_Coolant_Pin_ReadDataReg\000"
 538      5F436F6F 
 538      6C616E74 
 538      5F50696E 
 538      5F526561 
 539              	.LASF15:
 540 00ab 4D697374 		.ascii	"Mist_Coolant_Pin_SetDriveMode\000"
 540      5F436F6F 
 540      6C616E74 
 540      5F50696E 
 540      5F536574 
 541              	.LASF16:
 542 00c9 76616C75 		.ascii	"value\000"
 542      6500
 543              	.LASF23:
 544 00cf 73746174 		.ascii	"staticBits\000"
 544      69634269 
 544      747300
 545              	.LASF14:
 546 00da 4D697374 		.ascii	"Mist_Coolant_Pin_Write\000"
 546      5F436F6F 
 546      6C616E74 
 546      5F50696E 
 546      5F577269 
 547              	.LASF18:
 548 00f1 4D697374 		.ascii	"Mist_Coolant_Pin_Read\000"
 548      5F436F6F 
 548      6C616E74 
 548      5F50696E 
 548      5F526561 
 549              	.LASF9:
 550 0107 666C6F61 		.ascii	"float\000"
 550      7400
 551              	.LASF1:
 552 010d 756E7369 		.ascii	"unsigned char\000"
 552      676E6564 
 552      20636861 
 552      7200
 553              	.LASF13:
 554 011b 72656738 		.ascii	"reg8\000"
 554      00
 555              	.LASF5:
 556 0120 6C6F6E67 		.ascii	"long unsigned int\000"
 556      20756E73 
ARM GAS  C:\Users\barto\AppData\Local\Temp\ccLD9CZf.s 			page 14


 556      69676E65 
 556      6420696E 
 556      7400
 557              	.LASF3:
 558 0132 73686F72 		.ascii	"short unsigned int\000"
 558      7420756E 
 558      7369676E 
 558      65642069 
 558      6E7400
 559              	.LASF10:
 560 0145 646F7562 		.ascii	"double\000"
 560      6C6500
 561              	.LASF8:
 562 014c 756E7369 		.ascii	"unsigned int\000"
 562      676E6564 
 562      20696E74 
 562      00
 563              	.LASF7:
 564 0159 6C6F6E67 		.ascii	"long long unsigned int\000"
 564      206C6F6E 
 564      6720756E 
 564      7369676E 
 564      65642069 
 565              	.LASF17:
 566 0170 6D6F6465 		.ascii	"mode\000"
 566      00
 567              	.LASF6:
 568 0175 6C6F6E67 		.ascii	"long long int\000"
 568      206C6F6E 
 568      6720696E 
 568      7400
 569              	.LASF22:
 570 0183 433A5C55 		.ascii	"C:\\Users\\barto\\Dropbox\\PSoC\\Grbl_USB_Native\\G"
 570      73657273 
 570      5C626172 
 570      746F5C44 
 570      726F7062 
 571 01b0 72626C5F 		.ascii	"rbl_USB_Native.cydsn\000"
 571      5553425F 
 571      4E617469 
 571      76652E63 
 571      7964736E 
 572              	.LASF11:
 573 01c5 63686172 		.ascii	"char\000"
 573      00
 574              	.LASF2:
 575 01ca 73686F72 		.ascii	"short int\000"
 575      7420696E 
 575      7400
 576              	.LASF12:
 577 01d4 75696E74 		.ascii	"uint8\000"
 577      3800
 578              	.LASF4:
 579 01da 6C6F6E67 		.ascii	"long int\000"
 579      20696E74 
 579      00
 580              	.LASF0:
ARM GAS  C:\Users\barto\AppData\Local\Temp\ccLD9CZf.s 			page 15


 581 01e3 7369676E 		.ascii	"signed char\000"
 581      65642063 
 581      68617200 
 582              	.LASF21:
 583 01ef 47656E65 		.ascii	"Generated_Source\\PSoC5\\Mist_Coolant_Pin.c\000"
 583      72617465 
 583      645F536F 
 583      75726365 
 583      5C50536F 
 584              		.ident	"GCC: (GNU Tools for ARM Embedded Processors) 5.4.1 20160609 (release) [ARM/embedded-5-bran
