ARM GAS  C:\Users\barto\AppData\Local\Temp\cctmj7PR.s 			page 1


   1              		.syntax unified
   2              		.cpu cortex-m3
   3              		.fpu softvfp
   4              		.eabi_attribute 20, 1
   5              		.eabi_attribute 21, 1
   6              		.eabi_attribute 23, 3
   7              		.eabi_attribute 24, 1
   8              		.eabi_attribute 25, 1
   9              		.eabi_attribute 26, 1
  10              		.eabi_attribute 30, 6
  11              		.eabi_attribute 34, 1
  12              		.eabi_attribute 18, 4
  13              		.thumb
  14              		.syntax unified
  15              		.file	"PWM_Spindle_PM.c"
  16              		.text
  17              	.Ltext0:
  18              		.cfi_sections	.debug_frame
  19              		.bss
  20              		.align	2
  21              	PWM_Spindle_backup:
  22 0000 00       		.space	1
  23              		.section	.text.PWM_Spindle_SaveConfig,"ax",%progbits
  24              		.align	2
  25              		.global	PWM_Spindle_SaveConfig
  26              		.thumb
  27              		.thumb_func
  28              		.type	PWM_Spindle_SaveConfig, %function
  29              	PWM_Spindle_SaveConfig:
  30              	.LFB0:
  31              		.file 1 "Generated_Source\\PSoC5\\PWM_Spindle_PM.c"
   1:Generated_Source\PSoC5/PWM_Spindle_PM.c **** /*******************************************************************************
   2:Generated_Source\PSoC5/PWM_Spindle_PM.c **** * File Name: PWM_Spindle_PM.c
   3:Generated_Source\PSoC5/PWM_Spindle_PM.c **** * Version 3.30
   4:Generated_Source\PSoC5/PWM_Spindle_PM.c **** *
   5:Generated_Source\PSoC5/PWM_Spindle_PM.c **** * Description:
   6:Generated_Source\PSoC5/PWM_Spindle_PM.c **** *  This file provides the power management source code to API for the
   7:Generated_Source\PSoC5/PWM_Spindle_PM.c **** *  PWM.
   8:Generated_Source\PSoC5/PWM_Spindle_PM.c **** *
   9:Generated_Source\PSoC5/PWM_Spindle_PM.c **** * Note:
  10:Generated_Source\PSoC5/PWM_Spindle_PM.c **** *
  11:Generated_Source\PSoC5/PWM_Spindle_PM.c **** ********************************************************************************
  12:Generated_Source\PSoC5/PWM_Spindle_PM.c **** * Copyright 2008-2014, Cypress Semiconductor Corporation.  All rights reserved.
  13:Generated_Source\PSoC5/PWM_Spindle_PM.c **** * You may use this file only in accordance with the license, terms, conditions,
  14:Generated_Source\PSoC5/PWM_Spindle_PM.c **** * disclaimers, and limitations in the end user license agreement accompanying
  15:Generated_Source\PSoC5/PWM_Spindle_PM.c **** * the software package with which this file was provided.
  16:Generated_Source\PSoC5/PWM_Spindle_PM.c **** *******************************************************************************/
  17:Generated_Source\PSoC5/PWM_Spindle_PM.c **** 
  18:Generated_Source\PSoC5/PWM_Spindle_PM.c **** #include "PWM_Spindle.h"
  19:Generated_Source\PSoC5/PWM_Spindle_PM.c **** 
  20:Generated_Source\PSoC5/PWM_Spindle_PM.c **** static PWM_Spindle_backupStruct PWM_Spindle_backup;
  21:Generated_Source\PSoC5/PWM_Spindle_PM.c **** 
  22:Generated_Source\PSoC5/PWM_Spindle_PM.c **** 
  23:Generated_Source\PSoC5/PWM_Spindle_PM.c **** /*******************************************************************************
  24:Generated_Source\PSoC5/PWM_Spindle_PM.c **** * Function Name: PWM_Spindle_SaveConfig
  25:Generated_Source\PSoC5/PWM_Spindle_PM.c **** ********************************************************************************
  26:Generated_Source\PSoC5/PWM_Spindle_PM.c **** *
ARM GAS  C:\Users\barto\AppData\Local\Temp\cctmj7PR.s 			page 2


  27:Generated_Source\PSoC5/PWM_Spindle_PM.c **** * Summary:
  28:Generated_Source\PSoC5/PWM_Spindle_PM.c **** *  Saves the current user configuration of the component.
  29:Generated_Source\PSoC5/PWM_Spindle_PM.c **** *
  30:Generated_Source\PSoC5/PWM_Spindle_PM.c **** * Parameters:
  31:Generated_Source\PSoC5/PWM_Spindle_PM.c **** *  None
  32:Generated_Source\PSoC5/PWM_Spindle_PM.c **** *
  33:Generated_Source\PSoC5/PWM_Spindle_PM.c **** * Return:
  34:Generated_Source\PSoC5/PWM_Spindle_PM.c **** *  None
  35:Generated_Source\PSoC5/PWM_Spindle_PM.c **** *
  36:Generated_Source\PSoC5/PWM_Spindle_PM.c **** * Global variables:
  37:Generated_Source\PSoC5/PWM_Spindle_PM.c **** *  PWM_Spindle_backup:  Variables of this global structure are modified to
  38:Generated_Source\PSoC5/PWM_Spindle_PM.c **** *  store the values of non retention configuration registers when Sleep() API is
  39:Generated_Source\PSoC5/PWM_Spindle_PM.c **** *  called.
  40:Generated_Source\PSoC5/PWM_Spindle_PM.c **** *
  41:Generated_Source\PSoC5/PWM_Spindle_PM.c **** *******************************************************************************/
  42:Generated_Source\PSoC5/PWM_Spindle_PM.c **** void PWM_Spindle_SaveConfig(void) 
  43:Generated_Source\PSoC5/PWM_Spindle_PM.c **** {
  32              		.loc 1 43 0
  33              		.cfi_startproc
  34              		@ args = 0, pretend = 0, frame = 0
  35              		@ frame_needed = 1, uses_anonymous_args = 0
  36              		@ link register save eliminated.
  37 0000 80B4     		push	{r7}
  38              		.cfi_def_cfa_offset 4
  39              		.cfi_offset 7, -4
  40 0002 00AF     		add	r7, sp, #0
  41              		.cfi_def_cfa_register 7
  44:Generated_Source\PSoC5/PWM_Spindle_PM.c **** 
  45:Generated_Source\PSoC5/PWM_Spindle_PM.c ****     #if(!PWM_Spindle_UsingFixedFunction)
  46:Generated_Source\PSoC5/PWM_Spindle_PM.c ****         #if(!PWM_Spindle_PWMModeIsCenterAligned)
  47:Generated_Source\PSoC5/PWM_Spindle_PM.c ****             PWM_Spindle_backup.PWMPeriod = PWM_Spindle_ReadPeriod();
  48:Generated_Source\PSoC5/PWM_Spindle_PM.c ****         #endif /* (!PWM_Spindle_PWMModeIsCenterAligned) */
  49:Generated_Source\PSoC5/PWM_Spindle_PM.c ****         PWM_Spindle_backup.PWMUdb = PWM_Spindle_ReadCounter();
  50:Generated_Source\PSoC5/PWM_Spindle_PM.c ****         #if (PWM_Spindle_UseStatus)
  51:Generated_Source\PSoC5/PWM_Spindle_PM.c ****             PWM_Spindle_backup.InterruptMaskValue = PWM_Spindle_STATUS_MASK;
  52:Generated_Source\PSoC5/PWM_Spindle_PM.c ****         #endif /* (PWM_Spindle_UseStatus) */
  53:Generated_Source\PSoC5/PWM_Spindle_PM.c **** 
  54:Generated_Source\PSoC5/PWM_Spindle_PM.c ****         #if(PWM_Spindle_DeadBandMode == PWM_Spindle__B_PWM__DBM_256_CLOCKS || \
  55:Generated_Source\PSoC5/PWM_Spindle_PM.c ****             PWM_Spindle_DeadBandMode == PWM_Spindle__B_PWM__DBM_2_4_CLOCKS)
  56:Generated_Source\PSoC5/PWM_Spindle_PM.c ****             PWM_Spindle_backup.PWMdeadBandValue = PWM_Spindle_ReadDeadTime();
  57:Generated_Source\PSoC5/PWM_Spindle_PM.c ****         #endif /*  deadband count is either 2-4 clocks or 256 clocks */
  58:Generated_Source\PSoC5/PWM_Spindle_PM.c **** 
  59:Generated_Source\PSoC5/PWM_Spindle_PM.c ****         #if(PWM_Spindle_KillModeMinTime)
  60:Generated_Source\PSoC5/PWM_Spindle_PM.c ****              PWM_Spindle_backup.PWMKillCounterPeriod = PWM_Spindle_ReadKillTime();
  61:Generated_Source\PSoC5/PWM_Spindle_PM.c ****         #endif /* (PWM_Spindle_KillModeMinTime) */
  62:Generated_Source\PSoC5/PWM_Spindle_PM.c **** 
  63:Generated_Source\PSoC5/PWM_Spindle_PM.c ****         #if(PWM_Spindle_UseControl)
  64:Generated_Source\PSoC5/PWM_Spindle_PM.c ****             PWM_Spindle_backup.PWMControlRegister = PWM_Spindle_ReadControlRegister();
  65:Generated_Source\PSoC5/PWM_Spindle_PM.c ****         #endif /* (PWM_Spindle_UseControl) */
  66:Generated_Source\PSoC5/PWM_Spindle_PM.c ****     #endif  /* (!PWM_Spindle_UsingFixedFunction) */
  67:Generated_Source\PSoC5/PWM_Spindle_PM.c **** }
  42              		.loc 1 67 0
  43 0004 00BF     		nop
  44 0006 BD46     		mov	sp, r7
  45              		.cfi_def_cfa_register 13
  46              		@ sp needed
  47 0008 80BC     		pop	{r7}
ARM GAS  C:\Users\barto\AppData\Local\Temp\cctmj7PR.s 			page 3


  48              		.cfi_restore 7
  49              		.cfi_def_cfa_offset 0
  50 000a 7047     		bx	lr
  51              		.cfi_endproc
  52              	.LFE0:
  53              		.size	PWM_Spindle_SaveConfig, .-PWM_Spindle_SaveConfig
  54              		.section	.text.PWM_Spindle_RestoreConfig,"ax",%progbits
  55              		.align	2
  56              		.global	PWM_Spindle_RestoreConfig
  57              		.thumb
  58              		.thumb_func
  59              		.type	PWM_Spindle_RestoreConfig, %function
  60              	PWM_Spindle_RestoreConfig:
  61              	.LFB1:
  68:Generated_Source\PSoC5/PWM_Spindle_PM.c **** 
  69:Generated_Source\PSoC5/PWM_Spindle_PM.c **** 
  70:Generated_Source\PSoC5/PWM_Spindle_PM.c **** /*******************************************************************************
  71:Generated_Source\PSoC5/PWM_Spindle_PM.c **** * Function Name: PWM_Spindle_RestoreConfig
  72:Generated_Source\PSoC5/PWM_Spindle_PM.c **** ********************************************************************************
  73:Generated_Source\PSoC5/PWM_Spindle_PM.c **** *
  74:Generated_Source\PSoC5/PWM_Spindle_PM.c **** * Summary:
  75:Generated_Source\PSoC5/PWM_Spindle_PM.c **** *  Restores the current user configuration of the component.
  76:Generated_Source\PSoC5/PWM_Spindle_PM.c **** *
  77:Generated_Source\PSoC5/PWM_Spindle_PM.c **** * Parameters:
  78:Generated_Source\PSoC5/PWM_Spindle_PM.c **** *  None
  79:Generated_Source\PSoC5/PWM_Spindle_PM.c **** *
  80:Generated_Source\PSoC5/PWM_Spindle_PM.c **** * Return:
  81:Generated_Source\PSoC5/PWM_Spindle_PM.c **** *  None
  82:Generated_Source\PSoC5/PWM_Spindle_PM.c **** *
  83:Generated_Source\PSoC5/PWM_Spindle_PM.c **** * Global variables:
  84:Generated_Source\PSoC5/PWM_Spindle_PM.c **** *  PWM_Spindle_backup:  Variables of this global structure are used to
  85:Generated_Source\PSoC5/PWM_Spindle_PM.c **** *  restore the values of non retention registers on wakeup from sleep mode.
  86:Generated_Source\PSoC5/PWM_Spindle_PM.c **** *
  87:Generated_Source\PSoC5/PWM_Spindle_PM.c **** *******************************************************************************/
  88:Generated_Source\PSoC5/PWM_Spindle_PM.c **** void PWM_Spindle_RestoreConfig(void) 
  89:Generated_Source\PSoC5/PWM_Spindle_PM.c **** {
  62              		.loc 1 89 0
  63              		.cfi_startproc
  64              		@ args = 0, pretend = 0, frame = 0
  65              		@ frame_needed = 1, uses_anonymous_args = 0
  66              		@ link register save eliminated.
  67 0000 80B4     		push	{r7}
  68              		.cfi_def_cfa_offset 4
  69              		.cfi_offset 7, -4
  70 0002 00AF     		add	r7, sp, #0
  71              		.cfi_def_cfa_register 7
  90:Generated_Source\PSoC5/PWM_Spindle_PM.c ****         #if(!PWM_Spindle_UsingFixedFunction)
  91:Generated_Source\PSoC5/PWM_Spindle_PM.c ****             #if(!PWM_Spindle_PWMModeIsCenterAligned)
  92:Generated_Source\PSoC5/PWM_Spindle_PM.c ****                 PWM_Spindle_WritePeriod(PWM_Spindle_backup.PWMPeriod);
  93:Generated_Source\PSoC5/PWM_Spindle_PM.c ****             #endif /* (!PWM_Spindle_PWMModeIsCenterAligned) */
  94:Generated_Source\PSoC5/PWM_Spindle_PM.c **** 
  95:Generated_Source\PSoC5/PWM_Spindle_PM.c ****             PWM_Spindle_WriteCounter(PWM_Spindle_backup.PWMUdb);
  96:Generated_Source\PSoC5/PWM_Spindle_PM.c **** 
  97:Generated_Source\PSoC5/PWM_Spindle_PM.c ****             #if (PWM_Spindle_UseStatus)
  98:Generated_Source\PSoC5/PWM_Spindle_PM.c ****                 PWM_Spindle_STATUS_MASK = PWM_Spindle_backup.InterruptMaskValue;
  99:Generated_Source\PSoC5/PWM_Spindle_PM.c ****             #endif /* (PWM_Spindle_UseStatus) */
 100:Generated_Source\PSoC5/PWM_Spindle_PM.c **** 
ARM GAS  C:\Users\barto\AppData\Local\Temp\cctmj7PR.s 			page 4


 101:Generated_Source\PSoC5/PWM_Spindle_PM.c ****             #if(PWM_Spindle_DeadBandMode == PWM_Spindle__B_PWM__DBM_256_CLOCKS || \
 102:Generated_Source\PSoC5/PWM_Spindle_PM.c ****                 PWM_Spindle_DeadBandMode == PWM_Spindle__B_PWM__DBM_2_4_CLOCKS)
 103:Generated_Source\PSoC5/PWM_Spindle_PM.c ****                 PWM_Spindle_WriteDeadTime(PWM_Spindle_backup.PWMdeadBandValue);
 104:Generated_Source\PSoC5/PWM_Spindle_PM.c ****             #endif /* deadband count is either 2-4 clocks or 256 clocks */
 105:Generated_Source\PSoC5/PWM_Spindle_PM.c **** 
 106:Generated_Source\PSoC5/PWM_Spindle_PM.c ****             #if(PWM_Spindle_KillModeMinTime)
 107:Generated_Source\PSoC5/PWM_Spindle_PM.c ****                 PWM_Spindle_WriteKillTime(PWM_Spindle_backup.PWMKillCounterPeriod);
 108:Generated_Source\PSoC5/PWM_Spindle_PM.c ****             #endif /* (PWM_Spindle_KillModeMinTime) */
 109:Generated_Source\PSoC5/PWM_Spindle_PM.c **** 
 110:Generated_Source\PSoC5/PWM_Spindle_PM.c ****             #if(PWM_Spindle_UseControl)
 111:Generated_Source\PSoC5/PWM_Spindle_PM.c ****                 PWM_Spindle_WriteControlRegister(PWM_Spindle_backup.PWMControlRegister);
 112:Generated_Source\PSoC5/PWM_Spindle_PM.c ****             #endif /* (PWM_Spindle_UseControl) */
 113:Generated_Source\PSoC5/PWM_Spindle_PM.c ****         #endif  /* (!PWM_Spindle_UsingFixedFunction) */
 114:Generated_Source\PSoC5/PWM_Spindle_PM.c ****     }
  72              		.loc 1 114 0
  73 0004 00BF     		nop
  74 0006 BD46     		mov	sp, r7
  75              		.cfi_def_cfa_register 13
  76              		@ sp needed
  77 0008 80BC     		pop	{r7}
  78              		.cfi_restore 7
  79              		.cfi_def_cfa_offset 0
  80 000a 7047     		bx	lr
  81              		.cfi_endproc
  82              	.LFE1:
  83              		.size	PWM_Spindle_RestoreConfig, .-PWM_Spindle_RestoreConfig
  84              		.section	.text.PWM_Spindle_Sleep,"ax",%progbits
  85              		.align	2
  86              		.global	PWM_Spindle_Sleep
  87              		.thumb
  88              		.thumb_func
  89              		.type	PWM_Spindle_Sleep, %function
  90              	PWM_Spindle_Sleep:
  91              	.LFB2:
 115:Generated_Source\PSoC5/PWM_Spindle_PM.c **** 
 116:Generated_Source\PSoC5/PWM_Spindle_PM.c **** 
 117:Generated_Source\PSoC5/PWM_Spindle_PM.c **** /*******************************************************************************
 118:Generated_Source\PSoC5/PWM_Spindle_PM.c **** * Function Name: PWM_Spindle_Sleep
 119:Generated_Source\PSoC5/PWM_Spindle_PM.c **** ********************************************************************************
 120:Generated_Source\PSoC5/PWM_Spindle_PM.c **** *
 121:Generated_Source\PSoC5/PWM_Spindle_PM.c **** * Summary:
 122:Generated_Source\PSoC5/PWM_Spindle_PM.c **** *  Disables block's operation and saves the user configuration. Should be called
 123:Generated_Source\PSoC5/PWM_Spindle_PM.c **** *  just prior to entering sleep.
 124:Generated_Source\PSoC5/PWM_Spindle_PM.c **** *
 125:Generated_Source\PSoC5/PWM_Spindle_PM.c **** * Parameters:
 126:Generated_Source\PSoC5/PWM_Spindle_PM.c **** *  None
 127:Generated_Source\PSoC5/PWM_Spindle_PM.c **** *
 128:Generated_Source\PSoC5/PWM_Spindle_PM.c **** * Return:
 129:Generated_Source\PSoC5/PWM_Spindle_PM.c **** *  None
 130:Generated_Source\PSoC5/PWM_Spindle_PM.c **** *
 131:Generated_Source\PSoC5/PWM_Spindle_PM.c **** * Global variables:
 132:Generated_Source\PSoC5/PWM_Spindle_PM.c **** *  PWM_Spindle_backup.PWMEnableState:  Is modified depending on the enable
 133:Generated_Source\PSoC5/PWM_Spindle_PM.c **** *  state of the block before entering sleep mode.
 134:Generated_Source\PSoC5/PWM_Spindle_PM.c **** *
 135:Generated_Source\PSoC5/PWM_Spindle_PM.c **** *******************************************************************************/
 136:Generated_Source\PSoC5/PWM_Spindle_PM.c **** void PWM_Spindle_Sleep(void) 
 137:Generated_Source\PSoC5/PWM_Spindle_PM.c **** {
ARM GAS  C:\Users\barto\AppData\Local\Temp\cctmj7PR.s 			page 5


  92              		.loc 1 137 0
  93              		.cfi_startproc
  94              		@ args = 0, pretend = 0, frame = 0
  95              		@ frame_needed = 1, uses_anonymous_args = 0
  96 0000 80B5     		push	{r7, lr}
  97              		.cfi_def_cfa_offset 8
  98              		.cfi_offset 7, -8
  99              		.cfi_offset 14, -4
 100 0002 00AF     		add	r7, sp, #0
 101              		.cfi_def_cfa_register 7
 138:Generated_Source\PSoC5/PWM_Spindle_PM.c ****     #if(PWM_Spindle_UseControl)
 139:Generated_Source\PSoC5/PWM_Spindle_PM.c ****         if(PWM_Spindle_CTRL_ENABLE == (PWM_Spindle_CONTROL & PWM_Spindle_CTRL_ENABLE))
 102              		.loc 1 139 0
 103 0004 094B     		ldr	r3, .L6
 104 0006 1B78     		ldrb	r3, [r3]
 105 0008 DBB2     		uxtb	r3, r3
 106 000a 03F00103 		and	r3, r3, #1
 107 000e 002B     		cmp	r3, #0
 108 0010 03D0     		beq	.L4
 140:Generated_Source\PSoC5/PWM_Spindle_PM.c ****         {
 141:Generated_Source\PSoC5/PWM_Spindle_PM.c ****             /*Component is enabled */
 142:Generated_Source\PSoC5/PWM_Spindle_PM.c ****             PWM_Spindle_backup.PWMEnableState = 1u;
 109              		.loc 1 142 0
 110 0012 074B     		ldr	r3, .L6+4
 111 0014 0122     		movs	r2, #1
 112 0016 1A70     		strb	r2, [r3]
 113 0018 02E0     		b	.L5
 114              	.L4:
 143:Generated_Source\PSoC5/PWM_Spindle_PM.c ****         }
 144:Generated_Source\PSoC5/PWM_Spindle_PM.c ****         else
 145:Generated_Source\PSoC5/PWM_Spindle_PM.c ****         {
 146:Generated_Source\PSoC5/PWM_Spindle_PM.c ****             /* Component is disabled */
 147:Generated_Source\PSoC5/PWM_Spindle_PM.c ****             PWM_Spindle_backup.PWMEnableState = 0u;
 115              		.loc 1 147 0
 116 001a 054B     		ldr	r3, .L6+4
 117 001c 0022     		movs	r2, #0
 118 001e 1A70     		strb	r2, [r3]
 119              	.L5:
 148:Generated_Source\PSoC5/PWM_Spindle_PM.c ****         }
 149:Generated_Source\PSoC5/PWM_Spindle_PM.c ****     #endif /* (PWM_Spindle_UseControl) */
 150:Generated_Source\PSoC5/PWM_Spindle_PM.c **** 
 151:Generated_Source\PSoC5/PWM_Spindle_PM.c ****     /* Stop component */
 152:Generated_Source\PSoC5/PWM_Spindle_PM.c ****     PWM_Spindle_Stop();
 120              		.loc 1 152 0
 121 0020 FFF7FEFF 		bl	PWM_Spindle_Stop
 153:Generated_Source\PSoC5/PWM_Spindle_PM.c **** 
 154:Generated_Source\PSoC5/PWM_Spindle_PM.c ****     /* Save registers configuration */
 155:Generated_Source\PSoC5/PWM_Spindle_PM.c ****     PWM_Spindle_SaveConfig();
 122              		.loc 1 155 0
 123 0024 FFF7FEFF 		bl	PWM_Spindle_SaveConfig
 156:Generated_Source\PSoC5/PWM_Spindle_PM.c **** }
 124              		.loc 1 156 0
 125 0028 00BF     		nop
 126 002a 80BD     		pop	{r7, pc}
 127              	.L7:
 128              		.align	2
 129              	.L6:
ARM GAS  C:\Users\barto\AppData\Local\Temp\cctmj7PR.s 			page 6


 130 002c 004F0040 		.word	1073762048
 131 0030 00000000 		.word	PWM_Spindle_backup
 132              		.cfi_endproc
 133              	.LFE2:
 134              		.size	PWM_Spindle_Sleep, .-PWM_Spindle_Sleep
 135              		.section	.text.PWM_Spindle_Wakeup,"ax",%progbits
 136              		.align	2
 137              		.global	PWM_Spindle_Wakeup
 138              		.thumb
 139              		.thumb_func
 140              		.type	PWM_Spindle_Wakeup, %function
 141              	PWM_Spindle_Wakeup:
 142              	.LFB3:
 157:Generated_Source\PSoC5/PWM_Spindle_PM.c **** 
 158:Generated_Source\PSoC5/PWM_Spindle_PM.c **** 
 159:Generated_Source\PSoC5/PWM_Spindle_PM.c **** /*******************************************************************************
 160:Generated_Source\PSoC5/PWM_Spindle_PM.c **** * Function Name: PWM_Spindle_Wakeup
 161:Generated_Source\PSoC5/PWM_Spindle_PM.c **** ********************************************************************************
 162:Generated_Source\PSoC5/PWM_Spindle_PM.c **** *
 163:Generated_Source\PSoC5/PWM_Spindle_PM.c **** * Summary:
 164:Generated_Source\PSoC5/PWM_Spindle_PM.c **** *  Restores and enables the user configuration. Should be called just after
 165:Generated_Source\PSoC5/PWM_Spindle_PM.c **** *  awaking from sleep.
 166:Generated_Source\PSoC5/PWM_Spindle_PM.c **** *
 167:Generated_Source\PSoC5/PWM_Spindle_PM.c **** * Parameters:
 168:Generated_Source\PSoC5/PWM_Spindle_PM.c **** *  None
 169:Generated_Source\PSoC5/PWM_Spindle_PM.c **** *
 170:Generated_Source\PSoC5/PWM_Spindle_PM.c **** * Return:
 171:Generated_Source\PSoC5/PWM_Spindle_PM.c **** *  None
 172:Generated_Source\PSoC5/PWM_Spindle_PM.c **** *
 173:Generated_Source\PSoC5/PWM_Spindle_PM.c **** * Global variables:
 174:Generated_Source\PSoC5/PWM_Spindle_PM.c **** *  PWM_Spindle_backup.pwmEnable:  Is used to restore the enable state of
 175:Generated_Source\PSoC5/PWM_Spindle_PM.c **** *  block on wakeup from sleep mode.
 176:Generated_Source\PSoC5/PWM_Spindle_PM.c **** *
 177:Generated_Source\PSoC5/PWM_Spindle_PM.c **** *******************************************************************************/
 178:Generated_Source\PSoC5/PWM_Spindle_PM.c **** void PWM_Spindle_Wakeup(void) 
 179:Generated_Source\PSoC5/PWM_Spindle_PM.c **** {
 143              		.loc 1 179 0
 144              		.cfi_startproc
 145              		@ args = 0, pretend = 0, frame = 0
 146              		@ frame_needed = 1, uses_anonymous_args = 0
 147 0000 80B5     		push	{r7, lr}
 148              		.cfi_def_cfa_offset 8
 149              		.cfi_offset 7, -8
 150              		.cfi_offset 14, -4
 151 0002 00AF     		add	r7, sp, #0
 152              		.cfi_def_cfa_register 7
 180:Generated_Source\PSoC5/PWM_Spindle_PM.c ****      /* Restore registers values */
 181:Generated_Source\PSoC5/PWM_Spindle_PM.c ****     PWM_Spindle_RestoreConfig();
 153              		.loc 1 181 0
 154 0004 FFF7FEFF 		bl	PWM_Spindle_RestoreConfig
 182:Generated_Source\PSoC5/PWM_Spindle_PM.c **** 
 183:Generated_Source\PSoC5/PWM_Spindle_PM.c ****     if(PWM_Spindle_backup.PWMEnableState != 0u)
 155              		.loc 1 183 0
 156 0008 034B     		ldr	r3, .L11
 157 000a 1B78     		ldrb	r3, [r3]	@ zero_extendqisi2
 158 000c 002B     		cmp	r3, #0
 159 000e 01D0     		beq	.L10
ARM GAS  C:\Users\barto\AppData\Local\Temp\cctmj7PR.s 			page 7


 184:Generated_Source\PSoC5/PWM_Spindle_PM.c ****     {
 185:Generated_Source\PSoC5/PWM_Spindle_PM.c ****         /* Enable component's operation */
 186:Generated_Source\PSoC5/PWM_Spindle_PM.c ****         PWM_Spindle_Enable();
 160              		.loc 1 186 0
 161 0010 FFF7FEFF 		bl	PWM_Spindle_Enable
 162              	.L10:
 187:Generated_Source\PSoC5/PWM_Spindle_PM.c ****     } /* Do nothing if component's block was disabled before */
 188:Generated_Source\PSoC5/PWM_Spindle_PM.c **** 
 189:Generated_Source\PSoC5/PWM_Spindle_PM.c **** }
 163              		.loc 1 189 0
 164 0014 00BF     		nop
 165 0016 80BD     		pop	{r7, pc}
 166              	.L12:
 167              		.align	2
 168              	.L11:
 169 0018 00000000 		.word	PWM_Spindle_backup
 170              		.cfi_endproc
 171              	.LFE3:
 172              		.size	PWM_Spindle_Wakeup, .-PWM_Spindle_Wakeup
 173              		.text
 174              	.Letext0:
 175              		.file 2 "Generated_Source\\PSoC5\\cytypes.h"
 176              		.file 3 "Generated_Source\\PSoC5\\PWM_Spindle.h"
 177              		.section	.debug_info,"",%progbits
 178              	.Ldebug_info0:
 179 0000 1D010000 		.4byte	0x11d
 180 0004 0400     		.2byte	0x4
 181 0006 00000000 		.4byte	.Ldebug_abbrev0
 182 000a 04       		.byte	0x4
 183 000b 01       		.uleb128 0x1
 184 000c 89000000 		.4byte	.LASF21
 185 0010 0C       		.byte	0xc
 186 0011 17020000 		.4byte	.LASF22
 187 0015 B1010000 		.4byte	.LASF23
 188 0019 00000000 		.4byte	.Ldebug_ranges0+0
 189 001d 00000000 		.4byte	0
 190 0021 00000000 		.4byte	.Ldebug_line0
 191 0025 02       		.uleb128 0x2
 192 0026 01       		.byte	0x1
 193 0027 06       		.byte	0x6
 194 0028 8C010000 		.4byte	.LASF0
 195 002c 02       		.uleb128 0x2
 196 002d 01       		.byte	0x1
 197 002e 08       		.byte	0x8
 198 002f 31010000 		.4byte	.LASF1
 199 0033 02       		.uleb128 0x2
 200 0034 02       		.byte	0x2
 201 0035 05       		.byte	0x5
 202 0036 FF010000 		.4byte	.LASF2
 203 003a 02       		.uleb128 0x2
 204 003b 02       		.byte	0x2
 205 003c 07       		.byte	0x7
 206 003d 79010000 		.4byte	.LASF3
 207 0041 02       		.uleb128 0x2
 208 0042 04       		.byte	0x4
 209 0043 05       		.byte	0x5
 210 0044 44010000 		.4byte	.LASF4
ARM GAS  C:\Users\barto\AppData\Local\Temp\cctmj7PR.s 			page 8


 211 0048 02       		.uleb128 0x2
 212 0049 04       		.byte	0x4
 213 004a 07       		.byte	0x7
 214 004b 30000000 		.4byte	.LASF5
 215 004f 02       		.uleb128 0x2
 216 0050 08       		.byte	0x8
 217 0051 05       		.byte	0x5
 218 0052 00000000 		.4byte	.LASF6
 219 0056 02       		.uleb128 0x2
 220 0057 08       		.byte	0x8
 221 0058 07       		.byte	0x7
 222 0059 42000000 		.4byte	.LASF7
 223 005d 03       		.uleb128 0x3
 224 005e 04       		.byte	0x4
 225 005f 05       		.byte	0x5
 226 0060 696E7400 		.ascii	"int\000"
 227 0064 02       		.uleb128 0x2
 228 0065 04       		.byte	0x4
 229 0066 07       		.byte	0x7
 230 0067 0E000000 		.4byte	.LASF8
 231 006b 04       		.uleb128 0x4
 232 006c 2A000000 		.4byte	.LASF12
 233 0070 02       		.byte	0x2
 234 0071 9201     		.2byte	0x192
 235 0073 2C000000 		.4byte	0x2c
 236 0077 02       		.uleb128 0x2
 237 0078 04       		.byte	0x4
 238 0079 04       		.byte	0x4
 239 007a 59000000 		.4byte	.LASF9
 240 007e 02       		.uleb128 0x2
 241 007f 08       		.byte	0x8
 242 0080 04       		.byte	0x4
 243 0081 5F010000 		.4byte	.LASF10
 244 0085 02       		.uleb128 0x2
 245 0086 01       		.byte	0x1
 246 0087 08       		.byte	0x8
 247 0088 3F010000 		.4byte	.LASF11
 248 008c 04       		.uleb128 0x4
 249 008d 09020000 		.4byte	.LASF13
 250 0091 02       		.byte	0x2
 251 0092 3C02     		.2byte	0x23c
 252 0094 98000000 		.4byte	0x98
 253 0098 05       		.uleb128 0x5
 254 0099 6B000000 		.4byte	0x6b
 255 009d 02       		.uleb128 0x2
 256 009e 08       		.byte	0x8
 257 009f 04       		.byte	0x4
 258 00a0 F3010000 		.4byte	.LASF14
 259 00a4 02       		.uleb128 0x2
 260 00a5 04       		.byte	0x4
 261 00a6 07       		.byte	0x7
 262 00a7 0E020000 		.4byte	.LASF15
 263 00ab 06       		.uleb128 0x6
 264 00ac 01       		.byte	0x1
 265 00ad 03       		.byte	0x3
 266 00ae 6B       		.byte	0x6b
 267 00af C0000000 		.4byte	0xc0
ARM GAS  C:\Users\barto\AppData\Local\Temp\cctmj7PR.s 			page 9


 268 00b3 07       		.uleb128 0x7
 269 00b4 1B000000 		.4byte	.LASF24
 270 00b8 03       		.byte	0x3
 271 00b9 6E       		.byte	0x6e
 272 00ba 6B000000 		.4byte	0x6b
 273 00be 00       		.byte	0
 274 00bf 00       		.byte	0
 275 00c0 08       		.uleb128 0x8
 276 00c1 98010000 		.4byte	.LASF16
 277 00c5 03       		.byte	0x3
 278 00c6 8B       		.byte	0x8b
 279 00c7 AB000000 		.4byte	0xab
 280 00cb 09       		.uleb128 0x9
 281 00cc 5F000000 		.4byte	.LASF17
 282 00d0 01       		.byte	0x1
 283 00d1 2A       		.byte	0x2a
 284 00d2 00000000 		.4byte	.LFB0
 285 00d6 0C000000 		.4byte	.LFE0-.LFB0
 286 00da 01       		.uleb128 0x1
 287 00db 9C       		.byte	0x9c
 288 00dc 09       		.uleb128 0x9
 289 00dd 17010000 		.4byte	.LASF18
 290 00e1 01       		.byte	0x1
 291 00e2 58       		.byte	0x58
 292 00e3 00000000 		.4byte	.LFB1
 293 00e7 0C000000 		.4byte	.LFE1-.LFB1
 294 00eb 01       		.uleb128 0x1
 295 00ec 9C       		.byte	0x9c
 296 00ed 0A       		.uleb128 0xa
 297 00ee 4D010000 		.4byte	.LASF19
 298 00f2 01       		.byte	0x1
 299 00f3 88       		.byte	0x88
 300 00f4 00000000 		.4byte	.LFB2
 301 00f8 34000000 		.4byte	.LFE2-.LFB2
 302 00fc 01       		.uleb128 0x1
 303 00fd 9C       		.byte	0x9c
 304 00fe 0A       		.uleb128 0xa
 305 00ff 66010000 		.4byte	.LASF20
 306 0103 01       		.byte	0x1
 307 0104 B2       		.byte	0xb2
 308 0105 00000000 		.4byte	.LFB3
 309 0109 1C000000 		.4byte	.LFE3-.LFB3
 310 010d 01       		.uleb128 0x1
 311 010e 9C       		.byte	0x9c
 312 010f 0B       		.uleb128 0xb
 313 0110 76000000 		.4byte	.LASF25
 314 0114 01       		.byte	0x1
 315 0115 14       		.byte	0x14
 316 0116 C0000000 		.4byte	0xc0
 317 011a 05       		.uleb128 0x5
 318 011b 03       		.byte	0x3
 319 011c 00000000 		.4byte	PWM_Spindle_backup
 320 0120 00       		.byte	0
 321              		.section	.debug_abbrev,"",%progbits
 322              	.Ldebug_abbrev0:
 323 0000 01       		.uleb128 0x1
 324 0001 11       		.uleb128 0x11
ARM GAS  C:\Users\barto\AppData\Local\Temp\cctmj7PR.s 			page 10


 325 0002 01       		.byte	0x1
 326 0003 25       		.uleb128 0x25
 327 0004 0E       		.uleb128 0xe
 328 0005 13       		.uleb128 0x13
 329 0006 0B       		.uleb128 0xb
 330 0007 03       		.uleb128 0x3
 331 0008 0E       		.uleb128 0xe
 332 0009 1B       		.uleb128 0x1b
 333 000a 0E       		.uleb128 0xe
 334 000b 55       		.uleb128 0x55
 335 000c 17       		.uleb128 0x17
 336 000d 11       		.uleb128 0x11
 337 000e 01       		.uleb128 0x1
 338 000f 10       		.uleb128 0x10
 339 0010 17       		.uleb128 0x17
 340 0011 00       		.byte	0
 341 0012 00       		.byte	0
 342 0013 02       		.uleb128 0x2
 343 0014 24       		.uleb128 0x24
 344 0015 00       		.byte	0
 345 0016 0B       		.uleb128 0xb
 346 0017 0B       		.uleb128 0xb
 347 0018 3E       		.uleb128 0x3e
 348 0019 0B       		.uleb128 0xb
 349 001a 03       		.uleb128 0x3
 350 001b 0E       		.uleb128 0xe
 351 001c 00       		.byte	0
 352 001d 00       		.byte	0
 353 001e 03       		.uleb128 0x3
 354 001f 24       		.uleb128 0x24
 355 0020 00       		.byte	0
 356 0021 0B       		.uleb128 0xb
 357 0022 0B       		.uleb128 0xb
 358 0023 3E       		.uleb128 0x3e
 359 0024 0B       		.uleb128 0xb
 360 0025 03       		.uleb128 0x3
 361 0026 08       		.uleb128 0x8
 362 0027 00       		.byte	0
 363 0028 00       		.byte	0
 364 0029 04       		.uleb128 0x4
 365 002a 16       		.uleb128 0x16
 366 002b 00       		.byte	0
 367 002c 03       		.uleb128 0x3
 368 002d 0E       		.uleb128 0xe
 369 002e 3A       		.uleb128 0x3a
 370 002f 0B       		.uleb128 0xb
 371 0030 3B       		.uleb128 0x3b
 372 0031 05       		.uleb128 0x5
 373 0032 49       		.uleb128 0x49
 374 0033 13       		.uleb128 0x13
 375 0034 00       		.byte	0
 376 0035 00       		.byte	0
 377 0036 05       		.uleb128 0x5
 378 0037 35       		.uleb128 0x35
 379 0038 00       		.byte	0
 380 0039 49       		.uleb128 0x49
 381 003a 13       		.uleb128 0x13
ARM GAS  C:\Users\barto\AppData\Local\Temp\cctmj7PR.s 			page 11


 382 003b 00       		.byte	0
 383 003c 00       		.byte	0
 384 003d 06       		.uleb128 0x6
 385 003e 13       		.uleb128 0x13
 386 003f 01       		.byte	0x1
 387 0040 0B       		.uleb128 0xb
 388 0041 0B       		.uleb128 0xb
 389 0042 3A       		.uleb128 0x3a
 390 0043 0B       		.uleb128 0xb
 391 0044 3B       		.uleb128 0x3b
 392 0045 0B       		.uleb128 0xb
 393 0046 01       		.uleb128 0x1
 394 0047 13       		.uleb128 0x13
 395 0048 00       		.byte	0
 396 0049 00       		.byte	0
 397 004a 07       		.uleb128 0x7
 398 004b 0D       		.uleb128 0xd
 399 004c 00       		.byte	0
 400 004d 03       		.uleb128 0x3
 401 004e 0E       		.uleb128 0xe
 402 004f 3A       		.uleb128 0x3a
 403 0050 0B       		.uleb128 0xb
 404 0051 3B       		.uleb128 0x3b
 405 0052 0B       		.uleb128 0xb
 406 0053 49       		.uleb128 0x49
 407 0054 13       		.uleb128 0x13
 408 0055 38       		.uleb128 0x38
 409 0056 0B       		.uleb128 0xb
 410 0057 00       		.byte	0
 411 0058 00       		.byte	0
 412 0059 08       		.uleb128 0x8
 413 005a 16       		.uleb128 0x16
 414 005b 00       		.byte	0
 415 005c 03       		.uleb128 0x3
 416 005d 0E       		.uleb128 0xe
 417 005e 3A       		.uleb128 0x3a
 418 005f 0B       		.uleb128 0xb
 419 0060 3B       		.uleb128 0x3b
 420 0061 0B       		.uleb128 0xb
 421 0062 49       		.uleb128 0x49
 422 0063 13       		.uleb128 0x13
 423 0064 00       		.byte	0
 424 0065 00       		.byte	0
 425 0066 09       		.uleb128 0x9
 426 0067 2E       		.uleb128 0x2e
 427 0068 00       		.byte	0
 428 0069 3F       		.uleb128 0x3f
 429 006a 19       		.uleb128 0x19
 430 006b 03       		.uleb128 0x3
 431 006c 0E       		.uleb128 0xe
 432 006d 3A       		.uleb128 0x3a
 433 006e 0B       		.uleb128 0xb
 434 006f 3B       		.uleb128 0x3b
 435 0070 0B       		.uleb128 0xb
 436 0071 27       		.uleb128 0x27
 437 0072 19       		.uleb128 0x19
 438 0073 11       		.uleb128 0x11
ARM GAS  C:\Users\barto\AppData\Local\Temp\cctmj7PR.s 			page 12


 439 0074 01       		.uleb128 0x1
 440 0075 12       		.uleb128 0x12
 441 0076 06       		.uleb128 0x6
 442 0077 40       		.uleb128 0x40
 443 0078 18       		.uleb128 0x18
 444 0079 9742     		.uleb128 0x2117
 445 007b 19       		.uleb128 0x19
 446 007c 00       		.byte	0
 447 007d 00       		.byte	0
 448 007e 0A       		.uleb128 0xa
 449 007f 2E       		.uleb128 0x2e
 450 0080 00       		.byte	0
 451 0081 3F       		.uleb128 0x3f
 452 0082 19       		.uleb128 0x19
 453 0083 03       		.uleb128 0x3
 454 0084 0E       		.uleb128 0xe
 455 0085 3A       		.uleb128 0x3a
 456 0086 0B       		.uleb128 0xb
 457 0087 3B       		.uleb128 0x3b
 458 0088 0B       		.uleb128 0xb
 459 0089 27       		.uleb128 0x27
 460 008a 19       		.uleb128 0x19
 461 008b 11       		.uleb128 0x11
 462 008c 01       		.uleb128 0x1
 463 008d 12       		.uleb128 0x12
 464 008e 06       		.uleb128 0x6
 465 008f 40       		.uleb128 0x40
 466 0090 18       		.uleb128 0x18
 467 0091 9642     		.uleb128 0x2116
 468 0093 19       		.uleb128 0x19
 469 0094 00       		.byte	0
 470 0095 00       		.byte	0
 471 0096 0B       		.uleb128 0xb
 472 0097 34       		.uleb128 0x34
 473 0098 00       		.byte	0
 474 0099 03       		.uleb128 0x3
 475 009a 0E       		.uleb128 0xe
 476 009b 3A       		.uleb128 0x3a
 477 009c 0B       		.uleb128 0xb
 478 009d 3B       		.uleb128 0x3b
 479 009e 0B       		.uleb128 0xb
 480 009f 49       		.uleb128 0x49
 481 00a0 13       		.uleb128 0x13
 482 00a1 02       		.uleb128 0x2
 483 00a2 18       		.uleb128 0x18
 484 00a3 00       		.byte	0
 485 00a4 00       		.byte	0
 486 00a5 00       		.byte	0
 487              		.section	.debug_aranges,"",%progbits
 488 0000 34000000 		.4byte	0x34
 489 0004 0200     		.2byte	0x2
 490 0006 00000000 		.4byte	.Ldebug_info0
 491 000a 04       		.byte	0x4
 492 000b 00       		.byte	0
 493 000c 0000     		.2byte	0
 494 000e 0000     		.2byte	0
 495 0010 00000000 		.4byte	.LFB0
ARM GAS  C:\Users\barto\AppData\Local\Temp\cctmj7PR.s 			page 13


 496 0014 0C000000 		.4byte	.LFE0-.LFB0
 497 0018 00000000 		.4byte	.LFB1
 498 001c 0C000000 		.4byte	.LFE1-.LFB1
 499 0020 00000000 		.4byte	.LFB2
 500 0024 34000000 		.4byte	.LFE2-.LFB2
 501 0028 00000000 		.4byte	.LFB3
 502 002c 1C000000 		.4byte	.LFE3-.LFB3
 503 0030 00000000 		.4byte	0
 504 0034 00000000 		.4byte	0
 505              		.section	.debug_ranges,"",%progbits
 506              	.Ldebug_ranges0:
 507 0000 00000000 		.4byte	.LFB0
 508 0004 0C000000 		.4byte	.LFE0
 509 0008 00000000 		.4byte	.LFB1
 510 000c 0C000000 		.4byte	.LFE1
 511 0010 00000000 		.4byte	.LFB2
 512 0014 34000000 		.4byte	.LFE2
 513 0018 00000000 		.4byte	.LFB3
 514 001c 1C000000 		.4byte	.LFE3
 515 0020 00000000 		.4byte	0
 516 0024 00000000 		.4byte	0
 517              		.section	.debug_line,"",%progbits
 518              	.Ldebug_line0:
 519 0000 B1000000 		.section	.debug_str,"MS",%progbits,1
 519      02005C00 
 519      00000201 
 519      FB0E0D00 
 519      01010101 
 520              	.LASF6:
 521 0000 6C6F6E67 		.ascii	"long long int\000"
 521      206C6F6E 
 521      6720696E 
 521      7400
 522              	.LASF8:
 523 000e 756E7369 		.ascii	"unsigned int\000"
 523      676E6564 
 523      20696E74 
 523      00
 524              	.LASF24:
 525 001b 50574D45 		.ascii	"PWMEnableState\000"
 525      6E61626C 
 525      65537461 
 525      746500
 526              	.LASF12:
 527 002a 75696E74 		.ascii	"uint8\000"
 527      3800
 528              	.LASF5:
 529 0030 6C6F6E67 		.ascii	"long unsigned int\000"
 529      20756E73 
 529      69676E65 
 529      6420696E 
 529      7400
 530              	.LASF7:
 531 0042 6C6F6E67 		.ascii	"long long unsigned int\000"
 531      206C6F6E 
 531      6720756E 
 531      7369676E 
ARM GAS  C:\Users\barto\AppData\Local\Temp\cctmj7PR.s 			page 14


 531      65642069 
 532              	.LASF9:
 533 0059 666C6F61 		.ascii	"float\000"
 533      7400
 534              	.LASF17:
 535 005f 50574D5F 		.ascii	"PWM_Spindle_SaveConfig\000"
 535      5370696E 
 535      646C655F 
 535      53617665 
 535      436F6E66 
 536              	.LASF25:
 537 0076 50574D5F 		.ascii	"PWM_Spindle_backup\000"
 537      5370696E 
 537      646C655F 
 537      6261636B 
 537      757000
 538              	.LASF21:
 539 0089 474E5520 		.ascii	"GNU C11 5.4.1 20160609 (release) [ARM/embedded-5-br"
 539      43313120 
 539      352E342E 
 539      31203230 
 539      31363036 
 540 00bc 616E6368 		.ascii	"anch revision 237715] -mcpu=cortex-m3 -mthumb -g -O"
 540      20726576 
 540      6973696F 
 540      6E203233 
 540      37373135 
 541 00ef 30202D66 		.ascii	"0 -ffunction-sections -ffat-lto-objects\000"
 541      66756E63 
 541      74696F6E 
 541      2D736563 
 541      74696F6E 
 542              	.LASF18:
 543 0117 50574D5F 		.ascii	"PWM_Spindle_RestoreConfig\000"
 543      5370696E 
 543      646C655F 
 543      52657374 
 543      6F726543 
 544              	.LASF1:
 545 0131 756E7369 		.ascii	"unsigned char\000"
 545      676E6564 
 545      20636861 
 545      7200
 546              	.LASF11:
 547 013f 63686172 		.ascii	"char\000"
 547      00
 548              	.LASF4:
 549 0144 6C6F6E67 		.ascii	"long int\000"
 549      20696E74 
 549      00
 550              	.LASF19:
 551 014d 50574D5F 		.ascii	"PWM_Spindle_Sleep\000"
 551      5370696E 
 551      646C655F 
 551      536C6565 
 551      7000
 552              	.LASF10:
ARM GAS  C:\Users\barto\AppData\Local\Temp\cctmj7PR.s 			page 15


 553 015f 646F7562 		.ascii	"double\000"
 553      6C6500
 554              	.LASF20:
 555 0166 50574D5F 		.ascii	"PWM_Spindle_Wakeup\000"
 555      5370696E 
 555      646C655F 
 555      57616B65 
 555      757000
 556              	.LASF3:
 557 0179 73686F72 		.ascii	"short unsigned int\000"
 557      7420756E 
 557      7369676E 
 557      65642069 
 557      6E7400
 558              	.LASF0:
 559 018c 7369676E 		.ascii	"signed char\000"
 559      65642063 
 559      68617200 
 560              	.LASF16:
 561 0198 50574D5F 		.ascii	"PWM_Spindle_backupStruct\000"
 561      5370696E 
 561      646C655F 
 561      6261636B 
 561      75705374 
 562              	.LASF23:
 563 01b1 433A5C55 		.ascii	"C:\\Users\\barto\\Dropbox\\PSoC\\Grbl_USB_Native\\G"
 563      73657273 
 563      5C626172 
 563      746F5C44 
 563      726F7062 
 564 01de 72626C5F 		.ascii	"rbl_USB_Native.cydsn\000"
 564      5553425F 
 564      4E617469 
 564      76652E63 
 564      7964736E 
 565              	.LASF14:
 566 01f3 6C6F6E67 		.ascii	"long double\000"
 566      20646F75 
 566      626C6500 
 567              	.LASF2:
 568 01ff 73686F72 		.ascii	"short int\000"
 568      7420696E 
 568      7400
 569              	.LASF13:
 570 0209 72656738 		.ascii	"reg8\000"
 570      00
 571              	.LASF15:
 572 020e 73697A65 		.ascii	"sizetype\000"
 572      74797065 
 572      00
 573              	.LASF22:
 574 0217 47656E65 		.ascii	"Generated_Source\\PSoC5\\PWM_Spindle_PM.c\000"
 574      72617465 
 574      645F536F 
 574      75726365 
 574      5C50536F 
 575              		.ident	"GCC: (GNU Tools for ARM Embedded Processors) 5.4.1 20160609 (release) [ARM/embedded-5-bran
ARM GAS  C:\Users\barto\AppData\Local\Temp\cctmj7PR.s 			page 16


