ARM GAS  C:\Users\barto\AppData\Local\Temp\ccxbSQWb.s 			page 1


   1              		.syntax unified
   2              		.cpu cortex-m3
   3              		.fpu softvfp
   4              		.eabi_attribute 20, 1
   5              		.eabi_attribute 21, 1
   6              		.eabi_attribute 23, 3
   7              		.eabi_attribute 24, 1
   8              		.eabi_attribute 25, 1
   9              		.eabi_attribute 26, 1
  10              		.eabi_attribute 30, 6
  11              		.eabi_attribute 34, 1
  12              		.eabi_attribute 18, 4
  13              		.thumb
  14              		.syntax unified
  15              		.file	"Status_Probe.c"
  16              		.text
  17              	.Ltext0:
  18              		.cfi_sections	.debug_frame
  19              		.section	.text.Status_Probe_Read,"ax",%progbits
  20              		.align	2
  21              		.global	Status_Probe_Read
  22              		.thumb
  23              		.thumb_func
  24              		.type	Status_Probe_Read, %function
  25              	Status_Probe_Read:
  26              	.LFB0:
  27              		.file 1 "Generated_Source\\PSoC5\\Status_Probe.c"
   1:Generated_Source\PSoC5/Status_Probe.c **** /*******************************************************************************
   2:Generated_Source\PSoC5/Status_Probe.c **** * File Name: Status_Probe.c  
   3:Generated_Source\PSoC5/Status_Probe.c **** * Version 1.90
   4:Generated_Source\PSoC5/Status_Probe.c **** *
   5:Generated_Source\PSoC5/Status_Probe.c **** * Description:
   6:Generated_Source\PSoC5/Status_Probe.c **** *  This file contains API to enable firmware to read the value of a Status 
   7:Generated_Source\PSoC5/Status_Probe.c **** *  Register.
   8:Generated_Source\PSoC5/Status_Probe.c **** *
   9:Generated_Source\PSoC5/Status_Probe.c **** * Note:
  10:Generated_Source\PSoC5/Status_Probe.c **** *
  11:Generated_Source\PSoC5/Status_Probe.c **** ********************************************************************************
  12:Generated_Source\PSoC5/Status_Probe.c **** * Copyright 2008-2015, Cypress Semiconductor Corporation.  All rights reserved.
  13:Generated_Source\PSoC5/Status_Probe.c **** * You may use this file only in accordance with the license, terms, conditions, 
  14:Generated_Source\PSoC5/Status_Probe.c **** * disclaimers, and limitations in the end user license agreement accompanying 
  15:Generated_Source\PSoC5/Status_Probe.c **** * the software package with which this file was provided.
  16:Generated_Source\PSoC5/Status_Probe.c **** *******************************************************************************/
  17:Generated_Source\PSoC5/Status_Probe.c **** 
  18:Generated_Source\PSoC5/Status_Probe.c **** #include "Status_Probe.h"
  19:Generated_Source\PSoC5/Status_Probe.c **** 
  20:Generated_Source\PSoC5/Status_Probe.c **** #if !defined(Status_Probe_sts_intr_sts_reg__REMOVED) /* Check for removal by optimization */
  21:Generated_Source\PSoC5/Status_Probe.c **** 
  22:Generated_Source\PSoC5/Status_Probe.c **** 
  23:Generated_Source\PSoC5/Status_Probe.c **** /*******************************************************************************
  24:Generated_Source\PSoC5/Status_Probe.c **** * Function Name: Status_Probe_Read
  25:Generated_Source\PSoC5/Status_Probe.c **** ********************************************************************************
  26:Generated_Source\PSoC5/Status_Probe.c **** *
  27:Generated_Source\PSoC5/Status_Probe.c **** * Summary:
  28:Generated_Source\PSoC5/Status_Probe.c **** *  Reads the current value assigned to the Status Register.
  29:Generated_Source\PSoC5/Status_Probe.c **** *
  30:Generated_Source\PSoC5/Status_Probe.c **** * Parameters:
ARM GAS  C:\Users\barto\AppData\Local\Temp\ccxbSQWb.s 			page 2


  31:Generated_Source\PSoC5/Status_Probe.c **** *  None.
  32:Generated_Source\PSoC5/Status_Probe.c **** *
  33:Generated_Source\PSoC5/Status_Probe.c **** * Return:
  34:Generated_Source\PSoC5/Status_Probe.c **** *  The current value in the Status Register.
  35:Generated_Source\PSoC5/Status_Probe.c **** *
  36:Generated_Source\PSoC5/Status_Probe.c **** *******************************************************************************/
  37:Generated_Source\PSoC5/Status_Probe.c **** uint8 Status_Probe_Read(void) 
  38:Generated_Source\PSoC5/Status_Probe.c **** { 
  28              		.loc 1 38 0
  29              		.cfi_startproc
  30              		@ args = 0, pretend = 0, frame = 0
  31              		@ frame_needed = 1, uses_anonymous_args = 0
  32              		@ link register save eliminated.
  33 0000 80B4     		push	{r7}
  34              		.cfi_def_cfa_offset 4
  35              		.cfi_offset 7, -4
  36 0002 00AF     		add	r7, sp, #0
  37              		.cfi_def_cfa_register 7
  39:Generated_Source\PSoC5/Status_Probe.c ****     return Status_Probe_Status;
  38              		.loc 1 39 0
  39 0004 034B     		ldr	r3, .L3
  40 0006 1B78     		ldrb	r3, [r3]
  41 0008 DBB2     		uxtb	r3, r3
  40:Generated_Source\PSoC5/Status_Probe.c **** }
  42              		.loc 1 40 0
  43 000a 1846     		mov	r0, r3
  44 000c BD46     		mov	sp, r7
  45              		.cfi_def_cfa_register 13
  46              		@ sp needed
  47 000e 80BC     		pop	{r7}
  48              		.cfi_restore 7
  49              		.cfi_def_cfa_offset 0
  50 0010 7047     		bx	lr
  51              	.L4:
  52 0012 00BF     		.align	2
  53              	.L3:
  54 0014 67640040 		.word	1073767527
  55              		.cfi_endproc
  56              	.LFE0:
  57              		.size	Status_Probe_Read, .-Status_Probe_Read
  58              		.section	.text.Status_Probe_InterruptEnable,"ax",%progbits
  59              		.align	2
  60              		.global	Status_Probe_InterruptEnable
  61              		.thumb
  62              		.thumb_func
  63              		.type	Status_Probe_InterruptEnable, %function
  64              	Status_Probe_InterruptEnable:
  65              	.LFB1:
  41:Generated_Source\PSoC5/Status_Probe.c **** 
  42:Generated_Source\PSoC5/Status_Probe.c **** 
  43:Generated_Source\PSoC5/Status_Probe.c **** /*******************************************************************************
  44:Generated_Source\PSoC5/Status_Probe.c **** * Function Name: Status_Probe_InterruptEnable
  45:Generated_Source\PSoC5/Status_Probe.c **** ********************************************************************************
  46:Generated_Source\PSoC5/Status_Probe.c **** *
  47:Generated_Source\PSoC5/Status_Probe.c **** * Summary:
  48:Generated_Source\PSoC5/Status_Probe.c **** *  Enables the Status Register interrupt.
  49:Generated_Source\PSoC5/Status_Probe.c **** *
ARM GAS  C:\Users\barto\AppData\Local\Temp\ccxbSQWb.s 			page 3


  50:Generated_Source\PSoC5/Status_Probe.c **** * Parameters:
  51:Generated_Source\PSoC5/Status_Probe.c **** *  None.
  52:Generated_Source\PSoC5/Status_Probe.c **** *
  53:Generated_Source\PSoC5/Status_Probe.c **** * Return:
  54:Generated_Source\PSoC5/Status_Probe.c **** *  None.
  55:Generated_Source\PSoC5/Status_Probe.c **** *
  56:Generated_Source\PSoC5/Status_Probe.c **** *******************************************************************************/
  57:Generated_Source\PSoC5/Status_Probe.c **** void Status_Probe_InterruptEnable(void) 
  58:Generated_Source\PSoC5/Status_Probe.c **** {
  66              		.loc 1 58 0
  67              		.cfi_startproc
  68              		@ args = 0, pretend = 0, frame = 8
  69              		@ frame_needed = 1, uses_anonymous_args = 0
  70 0000 80B5     		push	{r7, lr}
  71              		.cfi_def_cfa_offset 8
  72              		.cfi_offset 7, -8
  73              		.cfi_offset 14, -4
  74 0002 82B0     		sub	sp, sp, #8
  75              		.cfi_def_cfa_offset 16
  76 0004 00AF     		add	r7, sp, #0
  77              		.cfi_def_cfa_register 7
  59:Generated_Source\PSoC5/Status_Probe.c ****     uint8 interruptState;
  60:Generated_Source\PSoC5/Status_Probe.c ****     interruptState = CyEnterCriticalSection();
  78              		.loc 1 60 0
  79 0006 FFF7FEFF 		bl	CyEnterCriticalSection
  80 000a 0346     		mov	r3, r0
  81 000c FB71     		strb	r3, [r7, #7]
  61:Generated_Source\PSoC5/Status_Probe.c ****     Status_Probe_Status_Aux_Ctrl |= Status_Probe_STATUS_INTR_ENBL;
  82              		.loc 1 61 0
  83 000e 084A     		ldr	r2, .L6
  84 0010 074B     		ldr	r3, .L6
  85 0012 1B78     		ldrb	r3, [r3]
  86 0014 DBB2     		uxtb	r3, r3
  87 0016 43F01003 		orr	r3, r3, #16
  88 001a DBB2     		uxtb	r3, r3
  89 001c 1370     		strb	r3, [r2]
  62:Generated_Source\PSoC5/Status_Probe.c ****     CyExitCriticalSection(interruptState);
  90              		.loc 1 62 0
  91 001e FB79     		ldrb	r3, [r7, #7]	@ zero_extendqisi2
  92 0020 1846     		mov	r0, r3
  93 0022 FFF7FEFF 		bl	CyExitCriticalSection
  63:Generated_Source\PSoC5/Status_Probe.c **** }
  94              		.loc 1 63 0
  95 0026 00BF     		nop
  96 0028 0837     		adds	r7, r7, #8
  97              		.cfi_def_cfa_offset 8
  98 002a BD46     		mov	sp, r7
  99              		.cfi_def_cfa_register 13
 100              		@ sp needed
 101 002c 80BD     		pop	{r7, pc}
 102              	.L7:
 103 002e 00BF     		.align	2
 104              	.L6:
 105 0030 97640040 		.word	1073767575
 106              		.cfi_endproc
 107              	.LFE1:
 108              		.size	Status_Probe_InterruptEnable, .-Status_Probe_InterruptEnable
ARM GAS  C:\Users\barto\AppData\Local\Temp\ccxbSQWb.s 			page 4


 109              		.section	.text.Status_Probe_InterruptDisable,"ax",%progbits
 110              		.align	2
 111              		.global	Status_Probe_InterruptDisable
 112              		.thumb
 113              		.thumb_func
 114              		.type	Status_Probe_InterruptDisable, %function
 115              	Status_Probe_InterruptDisable:
 116              	.LFB2:
  64:Generated_Source\PSoC5/Status_Probe.c **** 
  65:Generated_Source\PSoC5/Status_Probe.c **** 
  66:Generated_Source\PSoC5/Status_Probe.c **** /*******************************************************************************
  67:Generated_Source\PSoC5/Status_Probe.c **** * Function Name: Status_Probe_InterruptDisable
  68:Generated_Source\PSoC5/Status_Probe.c **** ********************************************************************************
  69:Generated_Source\PSoC5/Status_Probe.c **** *
  70:Generated_Source\PSoC5/Status_Probe.c **** * Summary:
  71:Generated_Source\PSoC5/Status_Probe.c **** *  Disables the Status Register interrupt.
  72:Generated_Source\PSoC5/Status_Probe.c **** *
  73:Generated_Source\PSoC5/Status_Probe.c **** * Parameters:
  74:Generated_Source\PSoC5/Status_Probe.c **** *  None.
  75:Generated_Source\PSoC5/Status_Probe.c **** *
  76:Generated_Source\PSoC5/Status_Probe.c **** * Return:
  77:Generated_Source\PSoC5/Status_Probe.c **** *  None.
  78:Generated_Source\PSoC5/Status_Probe.c **** *
  79:Generated_Source\PSoC5/Status_Probe.c **** *******************************************************************************/
  80:Generated_Source\PSoC5/Status_Probe.c **** void Status_Probe_InterruptDisable(void) 
  81:Generated_Source\PSoC5/Status_Probe.c **** {
 117              		.loc 1 81 0
 118              		.cfi_startproc
 119              		@ args = 0, pretend = 0, frame = 8
 120              		@ frame_needed = 1, uses_anonymous_args = 0
 121 0000 80B5     		push	{r7, lr}
 122              		.cfi_def_cfa_offset 8
 123              		.cfi_offset 7, -8
 124              		.cfi_offset 14, -4
 125 0002 82B0     		sub	sp, sp, #8
 126              		.cfi_def_cfa_offset 16
 127 0004 00AF     		add	r7, sp, #0
 128              		.cfi_def_cfa_register 7
  82:Generated_Source\PSoC5/Status_Probe.c ****     uint8 interruptState;
  83:Generated_Source\PSoC5/Status_Probe.c ****     interruptState = CyEnterCriticalSection();
 129              		.loc 1 83 0
 130 0006 FFF7FEFF 		bl	CyEnterCriticalSection
 131 000a 0346     		mov	r3, r0
 132 000c FB71     		strb	r3, [r7, #7]
  84:Generated_Source\PSoC5/Status_Probe.c ****     Status_Probe_Status_Aux_Ctrl &= (uint8)(~Status_Probe_STATUS_INTR_ENBL);
 133              		.loc 1 84 0
 134 000e 084A     		ldr	r2, .L9
 135 0010 074B     		ldr	r3, .L9
 136 0012 1B78     		ldrb	r3, [r3]
 137 0014 DBB2     		uxtb	r3, r3
 138 0016 23F01003 		bic	r3, r3, #16
 139 001a DBB2     		uxtb	r3, r3
 140 001c 1370     		strb	r3, [r2]
  85:Generated_Source\PSoC5/Status_Probe.c ****     CyExitCriticalSection(interruptState);
 141              		.loc 1 85 0
 142 001e FB79     		ldrb	r3, [r7, #7]	@ zero_extendqisi2
 143 0020 1846     		mov	r0, r3
ARM GAS  C:\Users\barto\AppData\Local\Temp\ccxbSQWb.s 			page 5


 144 0022 FFF7FEFF 		bl	CyExitCriticalSection
  86:Generated_Source\PSoC5/Status_Probe.c **** }
 145              		.loc 1 86 0
 146 0026 00BF     		nop
 147 0028 0837     		adds	r7, r7, #8
 148              		.cfi_def_cfa_offset 8
 149 002a BD46     		mov	sp, r7
 150              		.cfi_def_cfa_register 13
 151              		@ sp needed
 152 002c 80BD     		pop	{r7, pc}
 153              	.L10:
 154 002e 00BF     		.align	2
 155              	.L9:
 156 0030 97640040 		.word	1073767575
 157              		.cfi_endproc
 158              	.LFE2:
 159              		.size	Status_Probe_InterruptDisable, .-Status_Probe_InterruptDisable
 160              		.section	.text.Status_Probe_WriteMask,"ax",%progbits
 161              		.align	2
 162              		.global	Status_Probe_WriteMask
 163              		.thumb
 164              		.thumb_func
 165              		.type	Status_Probe_WriteMask, %function
 166              	Status_Probe_WriteMask:
 167              	.LFB3:
  87:Generated_Source\PSoC5/Status_Probe.c **** 
  88:Generated_Source\PSoC5/Status_Probe.c **** 
  89:Generated_Source\PSoC5/Status_Probe.c **** /*******************************************************************************
  90:Generated_Source\PSoC5/Status_Probe.c **** * Function Name: Status_Probe_WriteMask
  91:Generated_Source\PSoC5/Status_Probe.c **** ********************************************************************************
  92:Generated_Source\PSoC5/Status_Probe.c **** *
  93:Generated_Source\PSoC5/Status_Probe.c **** * Summary:
  94:Generated_Source\PSoC5/Status_Probe.c **** *  Writes the current mask value assigned to the Status Register.
  95:Generated_Source\PSoC5/Status_Probe.c **** *
  96:Generated_Source\PSoC5/Status_Probe.c **** * Parameters:
  97:Generated_Source\PSoC5/Status_Probe.c **** *  mask:  Value to write into the mask register.
  98:Generated_Source\PSoC5/Status_Probe.c **** *
  99:Generated_Source\PSoC5/Status_Probe.c **** * Return:
 100:Generated_Source\PSoC5/Status_Probe.c **** *  None.
 101:Generated_Source\PSoC5/Status_Probe.c **** *
 102:Generated_Source\PSoC5/Status_Probe.c **** *******************************************************************************/
 103:Generated_Source\PSoC5/Status_Probe.c **** void Status_Probe_WriteMask(uint8 mask) 
 104:Generated_Source\PSoC5/Status_Probe.c **** {
 168              		.loc 1 104 0
 169              		.cfi_startproc
 170              		@ args = 0, pretend = 0, frame = 8
 171              		@ frame_needed = 1, uses_anonymous_args = 0
 172              		@ link register save eliminated.
 173 0000 80B4     		push	{r7}
 174              		.cfi_def_cfa_offset 4
 175              		.cfi_offset 7, -4
 176 0002 83B0     		sub	sp, sp, #12
 177              		.cfi_def_cfa_offset 16
 178 0004 00AF     		add	r7, sp, #0
 179              		.cfi_def_cfa_register 7
 180 0006 0346     		mov	r3, r0
 181 0008 FB71     		strb	r3, [r7, #7]
ARM GAS  C:\Users\barto\AppData\Local\Temp\ccxbSQWb.s 			page 6


 105:Generated_Source\PSoC5/Status_Probe.c ****     #if(Status_Probe_INPUTS < 8u)
 106:Generated_Source\PSoC5/Status_Probe.c ****     	mask &= ((uint8)(1u << Status_Probe_INPUTS) - 1u);
 182              		.loc 1 106 0
 183 000a FB79     		ldrb	r3, [r7, #7]
 184 000c 03F00103 		and	r3, r3, #1
 185 0010 FB71     		strb	r3, [r7, #7]
 107:Generated_Source\PSoC5/Status_Probe.c **** 	#endif /* End Status_Probe_INPUTS < 8u */
 108:Generated_Source\PSoC5/Status_Probe.c ****     Status_Probe_Status_Mask = mask;
 186              		.loc 1 108 0
 187 0012 044A     		ldr	r2, .L12
 188 0014 FB79     		ldrb	r3, [r7, #7]
 189 0016 1370     		strb	r3, [r2]
 109:Generated_Source\PSoC5/Status_Probe.c **** }
 190              		.loc 1 109 0
 191 0018 00BF     		nop
 192 001a 0C37     		adds	r7, r7, #12
 193              		.cfi_def_cfa_offset 4
 194 001c BD46     		mov	sp, r7
 195              		.cfi_def_cfa_register 13
 196              		@ sp needed
 197 001e 80BC     		pop	{r7}
 198              		.cfi_restore 7
 199              		.cfi_def_cfa_offset 0
 200 0020 7047     		bx	lr
 201              	.L13:
 202 0022 00BF     		.align	2
 203              	.L12:
 204 0024 87640040 		.word	1073767559
 205              		.cfi_endproc
 206              	.LFE3:
 207              		.size	Status_Probe_WriteMask, .-Status_Probe_WriteMask
 208              		.section	.text.Status_Probe_ReadMask,"ax",%progbits
 209              		.align	2
 210              		.global	Status_Probe_ReadMask
 211              		.thumb
 212              		.thumb_func
 213              		.type	Status_Probe_ReadMask, %function
 214              	Status_Probe_ReadMask:
 215              	.LFB4:
 110:Generated_Source\PSoC5/Status_Probe.c **** 
 111:Generated_Source\PSoC5/Status_Probe.c **** 
 112:Generated_Source\PSoC5/Status_Probe.c **** /*******************************************************************************
 113:Generated_Source\PSoC5/Status_Probe.c **** * Function Name: Status_Probe_ReadMask
 114:Generated_Source\PSoC5/Status_Probe.c **** ********************************************************************************
 115:Generated_Source\PSoC5/Status_Probe.c **** *
 116:Generated_Source\PSoC5/Status_Probe.c **** * Summary:
 117:Generated_Source\PSoC5/Status_Probe.c **** *  Reads the current interrupt mask assigned to the Status Register.
 118:Generated_Source\PSoC5/Status_Probe.c **** *
 119:Generated_Source\PSoC5/Status_Probe.c **** * Parameters:
 120:Generated_Source\PSoC5/Status_Probe.c **** *  None.
 121:Generated_Source\PSoC5/Status_Probe.c **** *
 122:Generated_Source\PSoC5/Status_Probe.c **** * Return:
 123:Generated_Source\PSoC5/Status_Probe.c **** *  The value of the interrupt mask of the Status Register.
 124:Generated_Source\PSoC5/Status_Probe.c **** *
 125:Generated_Source\PSoC5/Status_Probe.c **** *******************************************************************************/
 126:Generated_Source\PSoC5/Status_Probe.c **** uint8 Status_Probe_ReadMask(void) 
 127:Generated_Source\PSoC5/Status_Probe.c **** {
ARM GAS  C:\Users\barto\AppData\Local\Temp\ccxbSQWb.s 			page 7


 216              		.loc 1 127 0
 217              		.cfi_startproc
 218              		@ args = 0, pretend = 0, frame = 0
 219              		@ frame_needed = 1, uses_anonymous_args = 0
 220              		@ link register save eliminated.
 221 0000 80B4     		push	{r7}
 222              		.cfi_def_cfa_offset 4
 223              		.cfi_offset 7, -4
 224 0002 00AF     		add	r7, sp, #0
 225              		.cfi_def_cfa_register 7
 128:Generated_Source\PSoC5/Status_Probe.c ****     return Status_Probe_Status_Mask;
 226              		.loc 1 128 0
 227 0004 034B     		ldr	r3, .L16
 228 0006 1B78     		ldrb	r3, [r3]
 229 0008 DBB2     		uxtb	r3, r3
 129:Generated_Source\PSoC5/Status_Probe.c **** }
 230              		.loc 1 129 0
 231 000a 1846     		mov	r0, r3
 232 000c BD46     		mov	sp, r7
 233              		.cfi_def_cfa_register 13
 234              		@ sp needed
 235 000e 80BC     		pop	{r7}
 236              		.cfi_restore 7
 237              		.cfi_def_cfa_offset 0
 238 0010 7047     		bx	lr
 239              	.L17:
 240 0012 00BF     		.align	2
 241              	.L16:
 242 0014 87640040 		.word	1073767559
 243              		.cfi_endproc
 244              	.LFE4:
 245              		.size	Status_Probe_ReadMask, .-Status_Probe_ReadMask
 246              		.text
 247              	.Letext0:
 248              		.file 2 "Generated_Source\\PSoC5\\cytypes.h"
 249              		.section	.debug_info,"",%progbits
 250              	.Ldebug_info0:
 251 0000 3E010000 		.4byte	0x13e
 252 0004 0400     		.2byte	0x4
 253 0006 00000000 		.4byte	.Ldebug_abbrev0
 254 000a 04       		.byte	0x4
 255 000b 01       		.uleb128 0x1
 256 000c BA000000 		.4byte	.LASF22
 257 0010 0C       		.byte	0xc
 258 0011 1B000000 		.4byte	.LASF23
 259 0015 AB010000 		.4byte	.LASF24
 260 0019 00000000 		.4byte	.Ldebug_ranges0+0
 261 001d 00000000 		.4byte	0
 262 0021 00000000 		.4byte	.Ldebug_line0
 263 0025 02       		.uleb128 0x2
 264 0026 01       		.byte	0x1
 265 0027 06       		.byte	0x6
 266 0028 9F010000 		.4byte	.LASF0
 267 002c 02       		.uleb128 0x2
 268 002d 01       		.byte	0x1
 269 002e 08       		.byte	0x8
 270 002f 48010000 		.4byte	.LASF1
ARM GAS  C:\Users\barto\AppData\Local\Temp\ccxbSQWb.s 			page 8


 271 0033 02       		.uleb128 0x2
 272 0034 02       		.byte	0x2
 273 0035 05       		.byte	0x5
 274 0036 7B010000 		.4byte	.LASF2
 275 003a 02       		.uleb128 0x2
 276 003b 02       		.byte	0x2
 277 003c 07       		.byte	0x7
 278 003d 8C010000 		.4byte	.LASF3
 279 0041 02       		.uleb128 0x2
 280 0042 04       		.byte	0x4
 281 0043 05       		.byte	0x5
 282 0044 5B010000 		.4byte	.LASF4
 283 0048 02       		.uleb128 0x2
 284 0049 04       		.byte	0x4
 285 004a 07       		.byte	0x7
 286 004b 5D000000 		.4byte	.LASF5
 287 004f 02       		.uleb128 0x2
 288 0050 08       		.byte	0x8
 289 0051 05       		.byte	0x5
 290 0052 00000000 		.4byte	.LASF6
 291 0056 02       		.uleb128 0x2
 292 0057 08       		.byte	0x8
 293 0058 07       		.byte	0x7
 294 0059 8C000000 		.4byte	.LASF7
 295 005d 03       		.uleb128 0x3
 296 005e 04       		.byte	0x4
 297 005f 05       		.byte	0x5
 298 0060 696E7400 		.ascii	"int\000"
 299 0064 02       		.uleb128 0x2
 300 0065 04       		.byte	0x4
 301 0066 07       		.byte	0x7
 302 0067 0E000000 		.4byte	.LASF8
 303 006b 04       		.uleb128 0x4
 304 006c 57000000 		.4byte	.LASF12
 305 0070 02       		.byte	0x2
 306 0071 9201     		.2byte	0x192
 307 0073 2C000000 		.4byte	0x2c
 308 0077 02       		.uleb128 0x2
 309 0078 04       		.byte	0x4
 310 0079 04       		.byte	0x4
 311 007a 17020000 		.4byte	.LASF9
 312 007e 02       		.uleb128 0x2
 313 007f 08       		.byte	0x8
 314 0080 04       		.byte	0x4
 315 0081 85010000 		.4byte	.LASF10
 316 0085 02       		.uleb128 0x2
 317 0086 01       		.byte	0x1
 318 0087 08       		.byte	0x8
 319 0088 56010000 		.4byte	.LASF11
 320 008c 04       		.uleb128 0x4
 321 008d 1D020000 		.4byte	.LASF13
 322 0091 02       		.byte	0x2
 323 0092 3C02     		.2byte	0x23c
 324 0094 98000000 		.4byte	0x98
 325 0098 05       		.uleb128 0x5
 326 0099 6B000000 		.4byte	0x6b
 327 009d 02       		.uleb128 0x2
ARM GAS  C:\Users\barto\AppData\Local\Temp\ccxbSQWb.s 			page 9


 328 009e 08       		.byte	0x8
 329 009f 04       		.byte	0x4
 330 00a0 ED010000 		.4byte	.LASF14
 331 00a4 02       		.uleb128 0x2
 332 00a5 04       		.byte	0x4
 333 00a6 07       		.byte	0x7
 334 00a7 22020000 		.4byte	.LASF15
 335 00ab 06       		.uleb128 0x6
 336 00ac A3000000 		.4byte	.LASF20
 337 00b0 01       		.byte	0x1
 338 00b1 25       		.byte	0x25
 339 00b2 6B000000 		.4byte	0x6b
 340 00b6 00000000 		.4byte	.LFB0
 341 00ba 18000000 		.4byte	.LFE0-.LFB0
 342 00be 01       		.uleb128 0x1
 343 00bf 9C       		.byte	0x9c
 344 00c0 07       		.uleb128 0x7
 345 00c1 6F000000 		.4byte	.LASF16
 346 00c5 01       		.byte	0x1
 347 00c6 39       		.byte	0x39
 348 00c7 00000000 		.4byte	.LFB1
 349 00cb 34000000 		.4byte	.LFE1-.LFB1
 350 00cf 01       		.uleb128 0x1
 351 00d0 9C       		.byte	0x9c
 352 00d1 E4000000 		.4byte	0xe4
 353 00d5 08       		.uleb128 0x8
 354 00d6 2B020000 		.4byte	.LASF18
 355 00da 01       		.byte	0x1
 356 00db 3B       		.byte	0x3b
 357 00dc 6B000000 		.4byte	0x6b
 358 00e0 02       		.uleb128 0x2
 359 00e1 91       		.byte	0x91
 360 00e2 77       		.sleb128 -9
 361 00e3 00       		.byte	0
 362 00e4 07       		.uleb128 0x7
 363 00e5 F9010000 		.4byte	.LASF17
 364 00e9 01       		.byte	0x1
 365 00ea 50       		.byte	0x50
 366 00eb 00000000 		.4byte	.LFB2
 367 00ef 34000000 		.4byte	.LFE2-.LFB2
 368 00f3 01       		.uleb128 0x1
 369 00f4 9C       		.byte	0x9c
 370 00f5 08010000 		.4byte	0x108
 371 00f9 08       		.uleb128 0x8
 372 00fa 2B020000 		.4byte	.LASF18
 373 00fe 01       		.byte	0x1
 374 00ff 52       		.byte	0x52
 375 0100 6B000000 		.4byte	0x6b
 376 0104 02       		.uleb128 0x2
 377 0105 91       		.byte	0x91
 378 0106 77       		.sleb128 -9
 379 0107 00       		.byte	0
 380 0108 09       		.uleb128 0x9
 381 0109 64010000 		.4byte	.LASF19
 382 010d 01       		.byte	0x1
 383 010e 67       		.byte	0x67
 384 010f 00000000 		.4byte	.LFB3
ARM GAS  C:\Users\barto\AppData\Local\Temp\ccxbSQWb.s 			page 10


 385 0113 28000000 		.4byte	.LFE3-.LFB3
 386 0117 01       		.uleb128 0x1
 387 0118 9C       		.byte	0x9c
 388 0119 2C010000 		.4byte	0x12c
 389 011d 0A       		.uleb128 0xa
 390 011e B5000000 		.4byte	.LASF25
 391 0122 01       		.byte	0x1
 392 0123 67       		.byte	0x67
 393 0124 6B000000 		.4byte	0x6b
 394 0128 02       		.uleb128 0x2
 395 0129 91       		.byte	0x91
 396 012a 77       		.sleb128 -9
 397 012b 00       		.byte	0
 398 012c 06       		.uleb128 0x6
 399 012d 41000000 		.4byte	.LASF21
 400 0131 01       		.byte	0x1
 401 0132 7E       		.byte	0x7e
 402 0133 6B000000 		.4byte	0x6b
 403 0137 00000000 		.4byte	.LFB4
 404 013b 18000000 		.4byte	.LFE4-.LFB4
 405 013f 01       		.uleb128 0x1
 406 0140 9C       		.byte	0x9c
 407 0141 00       		.byte	0
 408              		.section	.debug_abbrev,"",%progbits
 409              	.Ldebug_abbrev0:
 410 0000 01       		.uleb128 0x1
 411 0001 11       		.uleb128 0x11
 412 0002 01       		.byte	0x1
 413 0003 25       		.uleb128 0x25
 414 0004 0E       		.uleb128 0xe
 415 0005 13       		.uleb128 0x13
 416 0006 0B       		.uleb128 0xb
 417 0007 03       		.uleb128 0x3
 418 0008 0E       		.uleb128 0xe
 419 0009 1B       		.uleb128 0x1b
 420 000a 0E       		.uleb128 0xe
 421 000b 55       		.uleb128 0x55
 422 000c 17       		.uleb128 0x17
 423 000d 11       		.uleb128 0x11
 424 000e 01       		.uleb128 0x1
 425 000f 10       		.uleb128 0x10
 426 0010 17       		.uleb128 0x17
 427 0011 00       		.byte	0
 428 0012 00       		.byte	0
 429 0013 02       		.uleb128 0x2
 430 0014 24       		.uleb128 0x24
 431 0015 00       		.byte	0
 432 0016 0B       		.uleb128 0xb
 433 0017 0B       		.uleb128 0xb
 434 0018 3E       		.uleb128 0x3e
 435 0019 0B       		.uleb128 0xb
 436 001a 03       		.uleb128 0x3
 437 001b 0E       		.uleb128 0xe
 438 001c 00       		.byte	0
 439 001d 00       		.byte	0
 440 001e 03       		.uleb128 0x3
 441 001f 24       		.uleb128 0x24
ARM GAS  C:\Users\barto\AppData\Local\Temp\ccxbSQWb.s 			page 11


 442 0020 00       		.byte	0
 443 0021 0B       		.uleb128 0xb
 444 0022 0B       		.uleb128 0xb
 445 0023 3E       		.uleb128 0x3e
 446 0024 0B       		.uleb128 0xb
 447 0025 03       		.uleb128 0x3
 448 0026 08       		.uleb128 0x8
 449 0027 00       		.byte	0
 450 0028 00       		.byte	0
 451 0029 04       		.uleb128 0x4
 452 002a 16       		.uleb128 0x16
 453 002b 00       		.byte	0
 454 002c 03       		.uleb128 0x3
 455 002d 0E       		.uleb128 0xe
 456 002e 3A       		.uleb128 0x3a
 457 002f 0B       		.uleb128 0xb
 458 0030 3B       		.uleb128 0x3b
 459 0031 05       		.uleb128 0x5
 460 0032 49       		.uleb128 0x49
 461 0033 13       		.uleb128 0x13
 462 0034 00       		.byte	0
 463 0035 00       		.byte	0
 464 0036 05       		.uleb128 0x5
 465 0037 35       		.uleb128 0x35
 466 0038 00       		.byte	0
 467 0039 49       		.uleb128 0x49
 468 003a 13       		.uleb128 0x13
 469 003b 00       		.byte	0
 470 003c 00       		.byte	0
 471 003d 06       		.uleb128 0x6
 472 003e 2E       		.uleb128 0x2e
 473 003f 00       		.byte	0
 474 0040 3F       		.uleb128 0x3f
 475 0041 19       		.uleb128 0x19
 476 0042 03       		.uleb128 0x3
 477 0043 0E       		.uleb128 0xe
 478 0044 3A       		.uleb128 0x3a
 479 0045 0B       		.uleb128 0xb
 480 0046 3B       		.uleb128 0x3b
 481 0047 0B       		.uleb128 0xb
 482 0048 27       		.uleb128 0x27
 483 0049 19       		.uleb128 0x19
 484 004a 49       		.uleb128 0x49
 485 004b 13       		.uleb128 0x13
 486 004c 11       		.uleb128 0x11
 487 004d 01       		.uleb128 0x1
 488 004e 12       		.uleb128 0x12
 489 004f 06       		.uleb128 0x6
 490 0050 40       		.uleb128 0x40
 491 0051 18       		.uleb128 0x18
 492 0052 9742     		.uleb128 0x2117
 493 0054 19       		.uleb128 0x19
 494 0055 00       		.byte	0
 495 0056 00       		.byte	0
 496 0057 07       		.uleb128 0x7
 497 0058 2E       		.uleb128 0x2e
 498 0059 01       		.byte	0x1
ARM GAS  C:\Users\barto\AppData\Local\Temp\ccxbSQWb.s 			page 12


 499 005a 3F       		.uleb128 0x3f
 500 005b 19       		.uleb128 0x19
 501 005c 03       		.uleb128 0x3
 502 005d 0E       		.uleb128 0xe
 503 005e 3A       		.uleb128 0x3a
 504 005f 0B       		.uleb128 0xb
 505 0060 3B       		.uleb128 0x3b
 506 0061 0B       		.uleb128 0xb
 507 0062 27       		.uleb128 0x27
 508 0063 19       		.uleb128 0x19
 509 0064 11       		.uleb128 0x11
 510 0065 01       		.uleb128 0x1
 511 0066 12       		.uleb128 0x12
 512 0067 06       		.uleb128 0x6
 513 0068 40       		.uleb128 0x40
 514 0069 18       		.uleb128 0x18
 515 006a 9642     		.uleb128 0x2116
 516 006c 19       		.uleb128 0x19
 517 006d 01       		.uleb128 0x1
 518 006e 13       		.uleb128 0x13
 519 006f 00       		.byte	0
 520 0070 00       		.byte	0
 521 0071 08       		.uleb128 0x8
 522 0072 34       		.uleb128 0x34
 523 0073 00       		.byte	0
 524 0074 03       		.uleb128 0x3
 525 0075 0E       		.uleb128 0xe
 526 0076 3A       		.uleb128 0x3a
 527 0077 0B       		.uleb128 0xb
 528 0078 3B       		.uleb128 0x3b
 529 0079 0B       		.uleb128 0xb
 530 007a 49       		.uleb128 0x49
 531 007b 13       		.uleb128 0x13
 532 007c 02       		.uleb128 0x2
 533 007d 18       		.uleb128 0x18
 534 007e 00       		.byte	0
 535 007f 00       		.byte	0
 536 0080 09       		.uleb128 0x9
 537 0081 2E       		.uleb128 0x2e
 538 0082 01       		.byte	0x1
 539 0083 3F       		.uleb128 0x3f
 540 0084 19       		.uleb128 0x19
 541 0085 03       		.uleb128 0x3
 542 0086 0E       		.uleb128 0xe
 543 0087 3A       		.uleb128 0x3a
 544 0088 0B       		.uleb128 0xb
 545 0089 3B       		.uleb128 0x3b
 546 008a 0B       		.uleb128 0xb
 547 008b 27       		.uleb128 0x27
 548 008c 19       		.uleb128 0x19
 549 008d 11       		.uleb128 0x11
 550 008e 01       		.uleb128 0x1
 551 008f 12       		.uleb128 0x12
 552 0090 06       		.uleb128 0x6
 553 0091 40       		.uleb128 0x40
 554 0092 18       		.uleb128 0x18
 555 0093 9742     		.uleb128 0x2117
ARM GAS  C:\Users\barto\AppData\Local\Temp\ccxbSQWb.s 			page 13


 556 0095 19       		.uleb128 0x19
 557 0096 01       		.uleb128 0x1
 558 0097 13       		.uleb128 0x13
 559 0098 00       		.byte	0
 560 0099 00       		.byte	0
 561 009a 0A       		.uleb128 0xa
 562 009b 05       		.uleb128 0x5
 563 009c 00       		.byte	0
 564 009d 03       		.uleb128 0x3
 565 009e 0E       		.uleb128 0xe
 566 009f 3A       		.uleb128 0x3a
 567 00a0 0B       		.uleb128 0xb
 568 00a1 3B       		.uleb128 0x3b
 569 00a2 0B       		.uleb128 0xb
 570 00a3 49       		.uleb128 0x49
 571 00a4 13       		.uleb128 0x13
 572 00a5 02       		.uleb128 0x2
 573 00a6 18       		.uleb128 0x18
 574 00a7 00       		.byte	0
 575 00a8 00       		.byte	0
 576 00a9 00       		.byte	0
 577              		.section	.debug_aranges,"",%progbits
 578 0000 3C000000 		.4byte	0x3c
 579 0004 0200     		.2byte	0x2
 580 0006 00000000 		.4byte	.Ldebug_info0
 581 000a 04       		.byte	0x4
 582 000b 00       		.byte	0
 583 000c 0000     		.2byte	0
 584 000e 0000     		.2byte	0
 585 0010 00000000 		.4byte	.LFB0
 586 0014 18000000 		.4byte	.LFE0-.LFB0
 587 0018 00000000 		.4byte	.LFB1
 588 001c 34000000 		.4byte	.LFE1-.LFB1
 589 0020 00000000 		.4byte	.LFB2
 590 0024 34000000 		.4byte	.LFE2-.LFB2
 591 0028 00000000 		.4byte	.LFB3
 592 002c 28000000 		.4byte	.LFE3-.LFB3
 593 0030 00000000 		.4byte	.LFB4
 594 0034 18000000 		.4byte	.LFE4-.LFB4
 595 0038 00000000 		.4byte	0
 596 003c 00000000 		.4byte	0
 597              		.section	.debug_ranges,"",%progbits
 598              	.Ldebug_ranges0:
 599 0000 00000000 		.4byte	.LFB0
 600 0004 18000000 		.4byte	.LFE0
 601 0008 00000000 		.4byte	.LFB1
 602 000c 34000000 		.4byte	.LFE1
 603 0010 00000000 		.4byte	.LFB2
 604 0014 34000000 		.4byte	.LFE2
 605 0018 00000000 		.4byte	.LFB3
 606 001c 28000000 		.4byte	.LFE3
 607 0020 00000000 		.4byte	.LFB4
 608 0024 18000000 		.4byte	.LFE4
 609 0028 00000000 		.4byte	0
 610 002c 00000000 		.4byte	0
 611              		.section	.debug_line,"",%progbits
 612              	.Ldebug_line0:
ARM GAS  C:\Users\barto\AppData\Local\Temp\ccxbSQWb.s 			page 14


 613 0000 AC000000 		.section	.debug_str,"MS",%progbits,1
 613      02004900 
 613      00000201 
 613      FB0E0D00 
 613      01010101 
 614              	.LASF6:
 615 0000 6C6F6E67 		.ascii	"long long int\000"
 615      206C6F6E 
 615      6720696E 
 615      7400
 616              	.LASF8:
 617 000e 756E7369 		.ascii	"unsigned int\000"
 617      676E6564 
 617      20696E74 
 617      00
 618              	.LASF23:
 619 001b 47656E65 		.ascii	"Generated_Source\\PSoC5\\Status_Probe.c\000"
 619      72617465 
 619      645F536F 
 619      75726365 
 619      5C50536F 
 620              	.LASF21:
 621 0041 53746174 		.ascii	"Status_Probe_ReadMask\000"
 621      75735F50 
 621      726F6265 
 621      5F526561 
 621      644D6173 
 622              	.LASF12:
 623 0057 75696E74 		.ascii	"uint8\000"
 623      3800
 624              	.LASF5:
 625 005d 6C6F6E67 		.ascii	"long unsigned int\000"
 625      20756E73 
 625      69676E65 
 625      6420696E 
 625      7400
 626              	.LASF16:
 627 006f 53746174 		.ascii	"Status_Probe_InterruptEnable\000"
 627      75735F50 
 627      726F6265 
 627      5F496E74 
 627      65727275 
 628              	.LASF7:
 629 008c 6C6F6E67 		.ascii	"long long unsigned int\000"
 629      206C6F6E 
 629      6720756E 
 629      7369676E 
 629      65642069 
 630              	.LASF20:
 631 00a3 53746174 		.ascii	"Status_Probe_Read\000"
 631      75735F50 
 631      726F6265 
 631      5F526561 
 631      6400
 632              	.LASF25:
 633 00b5 6D61736B 		.ascii	"mask\000"
 633      00
ARM GAS  C:\Users\barto\AppData\Local\Temp\ccxbSQWb.s 			page 15


 634              	.LASF22:
 635 00ba 474E5520 		.ascii	"GNU C11 5.4.1 20160609 (release) [ARM/embedded-5-br"
 635      43313120 
 635      352E342E 
 635      31203230 
 635      31363036 
 636 00ed 616E6368 		.ascii	"anch revision 237715] -mcpu=cortex-m3 -mthumb -g -O"
 636      20726576 
 636      6973696F 
 636      6E203233 
 636      37373135 
 637 0120 30202D66 		.ascii	"0 -ffunction-sections -ffat-lto-objects\000"
 637      66756E63 
 637      74696F6E 
 637      2D736563 
 637      74696F6E 
 638              	.LASF1:
 639 0148 756E7369 		.ascii	"unsigned char\000"
 639      676E6564 
 639      20636861 
 639      7200
 640              	.LASF11:
 641 0156 63686172 		.ascii	"char\000"
 641      00
 642              	.LASF4:
 643 015b 6C6F6E67 		.ascii	"long int\000"
 643      20696E74 
 643      00
 644              	.LASF19:
 645 0164 53746174 		.ascii	"Status_Probe_WriteMask\000"
 645      75735F50 
 645      726F6265 
 645      5F577269 
 645      74654D61 
 646              	.LASF2:
 647 017b 73686F72 		.ascii	"short int\000"
 647      7420696E 
 647      7400
 648              	.LASF10:
 649 0185 646F7562 		.ascii	"double\000"
 649      6C6500
 650              	.LASF3:
 651 018c 73686F72 		.ascii	"short unsigned int\000"
 651      7420756E 
 651      7369676E 
 651      65642069 
 651      6E7400
 652              	.LASF0:
 653 019f 7369676E 		.ascii	"signed char\000"
 653      65642063 
 653      68617200 
 654              	.LASF24:
 655 01ab 433A5C55 		.ascii	"C:\\Users\\barto\\Dropbox\\PSoC\\Grbl_USB_Native\\G"
 655      73657273 
 655      5C626172 
 655      746F5C44 
 655      726F7062 
ARM GAS  C:\Users\barto\AppData\Local\Temp\ccxbSQWb.s 			page 16


 656 01d8 72626C5F 		.ascii	"rbl_USB_Native.cydsn\000"
 656      5553425F 
 656      4E617469 
 656      76652E63 
 656      7964736E 
 657              	.LASF14:
 658 01ed 6C6F6E67 		.ascii	"long double\000"
 658      20646F75 
 658      626C6500 
 659              	.LASF17:
 660 01f9 53746174 		.ascii	"Status_Probe_InterruptDisable\000"
 660      75735F50 
 660      726F6265 
 660      5F496E74 
 660      65727275 
 661              	.LASF9:
 662 0217 666C6F61 		.ascii	"float\000"
 662      7400
 663              	.LASF13:
 664 021d 72656738 		.ascii	"reg8\000"
 664      00
 665              	.LASF15:
 666 0222 73697A65 		.ascii	"sizetype\000"
 666      74797065 
 666      00
 667              	.LASF18:
 668 022b 696E7465 		.ascii	"interruptState\000"
 668      72727570 
 668      74537461 
 668      746500
 669              		.ident	"GCC: (GNU Tools for ARM Embedded Processors) 5.4.1 20160609 (release) [ARM/embedded-5-bran
