ARM GAS  C:\Users\barto\AppData\Local\Temp\ccicdHIj.s 			page 1


   1              		.syntax unified
   2              		.cpu cortex-m3
   3              		.fpu softvfp
   4              		.eabi_attribute 20, 1
   5              		.eabi_attribute 21, 1
   6              		.eabi_attribute 23, 3
   7              		.eabi_attribute 24, 1
   8              		.eabi_attribute 25, 1
   9              		.eabi_attribute 26, 1
  10              		.eabi_attribute 30, 6
  11              		.eabi_attribute 34, 1
  12              		.eabi_attribute 18, 4
  13              		.thumb
  14              		.syntax unified
  15              		.file	"USBUART_cls.c"
  16              		.text
  17              	.Ltext0:
  18              		.cfi_sections	.debug_frame
  19              		.section	.text.USBUART_DispatchClassRqst,"ax",%progbits
  20              		.align	2
  21              		.global	USBUART_DispatchClassRqst
  22              		.thumb
  23              		.thumb_func
  24              		.type	USBUART_DispatchClassRqst, %function
  25              	USBUART_DispatchClassRqst:
  26              	.LFB0:
  27              		.file 1 "Generated_Source\\PSoC5\\USBUART_cls.c"
   1:Generated_Source\PSoC5/USBUART_cls.c **** /***************************************************************************//**
   2:Generated_Source\PSoC5/USBUART_cls.c **** * \file USBUART_cls.c
   3:Generated_Source\PSoC5/USBUART_cls.c **** * \version 3.10
   4:Generated_Source\PSoC5/USBUART_cls.c **** *
   5:Generated_Source\PSoC5/USBUART_cls.c **** * \brief
   6:Generated_Source\PSoC5/USBUART_cls.c **** *  This file contains the USB Class request handler.
   7:Generated_Source\PSoC5/USBUART_cls.c **** *
   8:Generated_Source\PSoC5/USBUART_cls.c **** ********************************************************************************
   9:Generated_Source\PSoC5/USBUART_cls.c **** * \copyright
  10:Generated_Source\PSoC5/USBUART_cls.c **** * Copyright 2008-2016, Cypress Semiconductor Corporation.  All rights reserved.
  11:Generated_Source\PSoC5/USBUART_cls.c **** * You may use this file only in accordance with the license, terms, conditions,
  12:Generated_Source\PSoC5/USBUART_cls.c **** * disclaimers, and limitations in the end user license agreement accompanying
  13:Generated_Source\PSoC5/USBUART_cls.c **** * the software package with which this file was provided.
  14:Generated_Source\PSoC5/USBUART_cls.c **** *******************************************************************************/
  15:Generated_Source\PSoC5/USBUART_cls.c **** 
  16:Generated_Source\PSoC5/USBUART_cls.c **** #include "USBUART_pvt.h"
  17:Generated_Source\PSoC5/USBUART_cls.c **** #include "cyapicallbacks.h"
  18:Generated_Source\PSoC5/USBUART_cls.c **** 
  19:Generated_Source\PSoC5/USBUART_cls.c **** #if(USBUART_EXTERN_CLS == USBUART_FALSE)
  20:Generated_Source\PSoC5/USBUART_cls.c **** 
  21:Generated_Source\PSoC5/USBUART_cls.c **** /***************************************
  22:Generated_Source\PSoC5/USBUART_cls.c **** * User Implemented Class Driver Declarations.
  23:Generated_Source\PSoC5/USBUART_cls.c **** ***************************************/
  24:Generated_Source\PSoC5/USBUART_cls.c **** /* `#START USER_DEFINED_CLASS_DECLARATIONS` Place your declaration here */
  25:Generated_Source\PSoC5/USBUART_cls.c **** 
  26:Generated_Source\PSoC5/USBUART_cls.c **** /* `#END` */
  27:Generated_Source\PSoC5/USBUART_cls.c **** 
  28:Generated_Source\PSoC5/USBUART_cls.c **** 
  29:Generated_Source\PSoC5/USBUART_cls.c **** /*******************************************************************************
  30:Generated_Source\PSoC5/USBUART_cls.c **** * Function Name: USBUART_DispatchClassRqst
ARM GAS  C:\Users\barto\AppData\Local\Temp\ccicdHIj.s 			page 2


  31:Generated_Source\PSoC5/USBUART_cls.c **** ****************************************************************************//**
  32:Generated_Source\PSoC5/USBUART_cls.c **** *  This routine dispatches class specific requests depend on interface class.
  33:Generated_Source\PSoC5/USBUART_cls.c **** *
  34:Generated_Source\PSoC5/USBUART_cls.c **** * \return
  35:Generated_Source\PSoC5/USBUART_cls.c **** *  requestHandled.
  36:Generated_Source\PSoC5/USBUART_cls.c **** *
  37:Generated_Source\PSoC5/USBUART_cls.c **** * \reentrant
  38:Generated_Source\PSoC5/USBUART_cls.c **** *  No.
  39:Generated_Source\PSoC5/USBUART_cls.c **** *
  40:Generated_Source\PSoC5/USBUART_cls.c **** *******************************************************************************/
  41:Generated_Source\PSoC5/USBUART_cls.c **** uint8 USBUART_DispatchClassRqst(void) 
  42:Generated_Source\PSoC5/USBUART_cls.c **** {
  28              		.loc 1 42 0
  29              		.cfi_startproc
  30              		@ args = 0, pretend = 0, frame = 8
  31              		@ frame_needed = 1, uses_anonymous_args = 0
  32 0000 80B5     		push	{r7, lr}
  33              		.cfi_def_cfa_offset 8
  34              		.cfi_offset 7, -8
  35              		.cfi_offset 14, -4
  36 0002 82B0     		sub	sp, sp, #8
  37              		.cfi_def_cfa_offset 16
  38 0004 00AF     		add	r7, sp, #0
  39              		.cfi_def_cfa_register 7
  43:Generated_Source\PSoC5/USBUART_cls.c ****     uint8 requestHandled;
  44:Generated_Source\PSoC5/USBUART_cls.c ****     uint8 interfaceNumber;
  45:Generated_Source\PSoC5/USBUART_cls.c **** 
  46:Generated_Source\PSoC5/USBUART_cls.c ****     /* Get interface to which request is intended. */
  47:Generated_Source\PSoC5/USBUART_cls.c ****     switch (USBUART_bmRequestTypeReg & USBUART_RQST_RCPT_MASK)
  40              		.loc 1 47 0
  41 0006 1D4B     		ldr	r3, .L13
  42 0008 1B78     		ldrb	r3, [r3]
  43 000a DBB2     		uxtb	r3, r3
  44 000c 03F00303 		and	r3, r3, #3
  45 0010 012B     		cmp	r3, #1
  46 0012 02D0     		beq	.L3
  47 0014 022B     		cmp	r3, #2
  48 0016 04D0     		beq	.L4
  49 0018 12E0     		b	.L11
  50              	.L3:
  48:Generated_Source\PSoC5/USBUART_cls.c ****     {
  49:Generated_Source\PSoC5/USBUART_cls.c ****         case USBUART_RQST_RCPT_IFC:
  50:Generated_Source\PSoC5/USBUART_cls.c ****             /* Class-specific request directed to interface: wIndexLoReg 
  51:Generated_Source\PSoC5/USBUART_cls.c ****             * contains interface number.
  52:Generated_Source\PSoC5/USBUART_cls.c ****             */
  53:Generated_Source\PSoC5/USBUART_cls.c ****             interfaceNumber = (uint8) USBUART_wIndexLoReg;
  51              		.loc 1 53 0
  52 001a 184B     		ldr	r3, .L13
  53 001c 1B79     		ldrb	r3, [r3, #4]
  54 001e BB71     		strb	r3, [r7, #6]
  54:Generated_Source\PSoC5/USBUART_cls.c ****             break;
  55              		.loc 1 54 0
  56 0020 11E0     		b	.L5
  57              	.L4:
  55:Generated_Source\PSoC5/USBUART_cls.c ****         
  56:Generated_Source\PSoC5/USBUART_cls.c ****         case USBUART_RQST_RCPT_EP:
  57:Generated_Source\PSoC5/USBUART_cls.c ****             /* Class-specific request directed to endpoint: wIndexLoReg contains 
ARM GAS  C:\Users\barto\AppData\Local\Temp\ccicdHIj.s 			page 3


  58:Generated_Source\PSoC5/USBUART_cls.c ****             * endpoint number. Find interface related to endpoint, 
  59:Generated_Source\PSoC5/USBUART_cls.c ****             */
  60:Generated_Source\PSoC5/USBUART_cls.c ****             interfaceNumber = USBUART_EP[USBUART_wIndexLoReg & USBUART_DIR_UNUSED].interface;
  58              		.loc 1 60 0
  59 0022 164B     		ldr	r3, .L13
  60 0024 1B79     		ldrb	r3, [r3, #4]
  61 0026 DBB2     		uxtb	r3, r3
  62 0028 03F07F02 		and	r2, r3, #127
  63 002c 1449     		ldr	r1, .L13+4
  64 002e 1346     		mov	r3, r2
  65 0030 5B00     		lsls	r3, r3, #1
  66 0032 1344     		add	r3, r3, r2
  67 0034 9B00     		lsls	r3, r3, #2
  68 0036 0B44     		add	r3, r3, r1
  69 0038 0A33     		adds	r3, r3, #10
  70 003a 1B78     		ldrb	r3, [r3]
  71 003c BB71     		strb	r3, [r7, #6]
  61:Generated_Source\PSoC5/USBUART_cls.c ****             break;
  72              		.loc 1 61 0
  73 003e 02E0     		b	.L5
  74              	.L11:
  62:Generated_Source\PSoC5/USBUART_cls.c ****             
  63:Generated_Source\PSoC5/USBUART_cls.c ****         default:
  64:Generated_Source\PSoC5/USBUART_cls.c ****             /* Default interface is zero. */
  65:Generated_Source\PSoC5/USBUART_cls.c ****             interfaceNumber = 0u;
  75              		.loc 1 65 0
  76 0040 0023     		movs	r3, #0
  77 0042 BB71     		strb	r3, [r7, #6]
  66:Generated_Source\PSoC5/USBUART_cls.c ****             break;
  78              		.loc 1 66 0
  79 0044 00BF     		nop
  80              	.L5:
  67:Generated_Source\PSoC5/USBUART_cls.c ****     }
  68:Generated_Source\PSoC5/USBUART_cls.c **** 
  69:Generated_Source\PSoC5/USBUART_cls.c **** #if (defined(USBUART_ENABLE_HID_CLASS) ||\
  70:Generated_Source\PSoC5/USBUART_cls.c ****             defined(USBUART_ENABLE_AUDIO_CLASS) ||\
  71:Generated_Source\PSoC5/USBUART_cls.c ****             defined(USBUART_ENABLE_CDC_CLASS) ||\
  72:Generated_Source\PSoC5/USBUART_cls.c ****             USBUART_ENABLE_MSC_CLASS)
  73:Generated_Source\PSoC5/USBUART_cls.c **** 
  74:Generated_Source\PSoC5/USBUART_cls.c ****     /* Handle class request depends on interface type. */
  75:Generated_Source\PSoC5/USBUART_cls.c ****     switch (USBUART_interfaceClass[interfaceNumber])
  81              		.loc 1 75 0
  82 0046 0F4B     		ldr	r3, .L13+8
  83 0048 1A68     		ldr	r2, [r3]
  84 004a BB79     		ldrb	r3, [r7, #6]	@ zero_extendqisi2
  85 004c 1344     		add	r3, r3, r2
  86 004e 1B78     		ldrb	r3, [r3]	@ zero_extendqisi2
  87 0050 022B     		cmp	r3, #2
  88 0052 06D0     		beq	.L7
  89 0054 032B     		cmp	r3, #3
  90 0056 09D1     		bne	.L12
  76:Generated_Source\PSoC5/USBUART_cls.c ****     {
  77:Generated_Source\PSoC5/USBUART_cls.c ****     #if defined(USBUART_ENABLE_HID_CLASS)
  78:Generated_Source\PSoC5/USBUART_cls.c ****         case USBUART_CLASS_HID:
  79:Generated_Source\PSoC5/USBUART_cls.c ****             requestHandled = USBUART_DispatchHIDClassRqst();
  91              		.loc 1 79 0
  92 0058 FFF7FEFF 		bl	USBUART_DispatchHIDClassRqst
ARM GAS  C:\Users\barto\AppData\Local\Temp\ccicdHIj.s 			page 4


  93 005c 0346     		mov	r3, r0
  94 005e FB71     		strb	r3, [r7, #7]
  80:Generated_Source\PSoC5/USBUART_cls.c ****             break;
  95              		.loc 1 80 0
  96 0060 07E0     		b	.L9
  97              	.L7:
  81:Generated_Source\PSoC5/USBUART_cls.c ****     #endif /* (USBUART_ENABLE_HID_CLASS) */
  82:Generated_Source\PSoC5/USBUART_cls.c ****             
  83:Generated_Source\PSoC5/USBUART_cls.c ****     #if defined(USBUART_ENABLE_AUDIO_CLASS)
  84:Generated_Source\PSoC5/USBUART_cls.c ****         case USBUART_CLASS_AUDIO:
  85:Generated_Source\PSoC5/USBUART_cls.c ****             requestHandled = USBUART_DispatchAUDIOClassRqst();
  86:Generated_Source\PSoC5/USBUART_cls.c ****             break;
  87:Generated_Source\PSoC5/USBUART_cls.c ****     #endif /* (USBUART_CLASS_AUDIO) */
  88:Generated_Source\PSoC5/USBUART_cls.c ****             
  89:Generated_Source\PSoC5/USBUART_cls.c ****     #if defined(USBUART_ENABLE_CDC_CLASS)
  90:Generated_Source\PSoC5/USBUART_cls.c ****         case USBUART_CLASS_CDC:
  91:Generated_Source\PSoC5/USBUART_cls.c ****             requestHandled = USBUART_DispatchCDCClassRqst();
  98              		.loc 1 91 0
  99 0062 FFF7FEFF 		bl	USBUART_DispatchCDCClassRqst
 100 0066 0346     		mov	r3, r0
 101 0068 FB71     		strb	r3, [r7, #7]
  92:Generated_Source\PSoC5/USBUART_cls.c ****             break;
 102              		.loc 1 92 0
 103 006a 02E0     		b	.L9
 104              	.L12:
  93:Generated_Source\PSoC5/USBUART_cls.c ****     #endif /* (USBUART_ENABLE_CDC_CLASS) */
  94:Generated_Source\PSoC5/USBUART_cls.c ****         
  95:Generated_Source\PSoC5/USBUART_cls.c ****     #if (USBUART_ENABLE_MSC_CLASS)
  96:Generated_Source\PSoC5/USBUART_cls.c ****         case USBUART_CLASS_MSD:
  97:Generated_Source\PSoC5/USBUART_cls.c ****         #if (USBUART_HANDLE_MSC_REQUESTS)
  98:Generated_Source\PSoC5/USBUART_cls.c ****             /* MSC requests are handled by the component. */
  99:Generated_Source\PSoC5/USBUART_cls.c ****             requestHandled = USBUART_DispatchMSCClassRqst();
 100:Generated_Source\PSoC5/USBUART_cls.c ****         #elif defined(USBUART_DISPATCH_MSC_CLASS_RQST_CALLBACK)
 101:Generated_Source\PSoC5/USBUART_cls.c ****             /* MSC requests are handled by user defined callbcak. */
 102:Generated_Source\PSoC5/USBUART_cls.c ****             requestHandled = USBUART_DispatchMSCClassRqst_Callback();
 103:Generated_Source\PSoC5/USBUART_cls.c ****         #else
 104:Generated_Source\PSoC5/USBUART_cls.c ****             /* MSC requests are not handled. */
 105:Generated_Source\PSoC5/USBUART_cls.c ****             requestHandled = USBUART_FALSE;
 106:Generated_Source\PSoC5/USBUART_cls.c ****         #endif /* (USBUART_HANDLE_MSC_REQUESTS) */
 107:Generated_Source\PSoC5/USBUART_cls.c ****             break;
 108:Generated_Source\PSoC5/USBUART_cls.c ****     #endif /* (USBUART_ENABLE_MSC_CLASS) */
 109:Generated_Source\PSoC5/USBUART_cls.c ****         
 110:Generated_Source\PSoC5/USBUART_cls.c ****         default:
 111:Generated_Source\PSoC5/USBUART_cls.c ****             /* Request is not handled: unknown class request type. */
 112:Generated_Source\PSoC5/USBUART_cls.c ****             requestHandled = USBUART_FALSE;
 105              		.loc 1 112 0
 106 006c 0023     		movs	r3, #0
 107 006e FB71     		strb	r3, [r7, #7]
 113:Generated_Source\PSoC5/USBUART_cls.c ****             break;
 108              		.loc 1 113 0
 109 0070 00BF     		nop
 110              	.L9:
 114:Generated_Source\PSoC5/USBUART_cls.c ****     }
 115:Generated_Source\PSoC5/USBUART_cls.c **** #else /*No class is defined*/
 116:Generated_Source\PSoC5/USBUART_cls.c ****     if (0u != interfaceNumber)
 117:Generated_Source\PSoC5/USBUART_cls.c ****     {
 118:Generated_Source\PSoC5/USBUART_cls.c ****         /* Suppress warning message */
ARM GAS  C:\Users\barto\AppData\Local\Temp\ccicdHIj.s 			page 5


 119:Generated_Source\PSoC5/USBUART_cls.c ****     }
 120:Generated_Source\PSoC5/USBUART_cls.c ****     requestHandled = USBUART_FALSE;
 121:Generated_Source\PSoC5/USBUART_cls.c **** #endif /*HID or AUDIO or MSC or CDC class enabled*/
 122:Generated_Source\PSoC5/USBUART_cls.c **** 
 123:Generated_Source\PSoC5/USBUART_cls.c ****     /* `#START USER_DEFINED_CLASS_CODE` Place your Class request here */
 124:Generated_Source\PSoC5/USBUART_cls.c **** 
 125:Generated_Source\PSoC5/USBUART_cls.c ****     /* `#END` */
 126:Generated_Source\PSoC5/USBUART_cls.c **** 
 127:Generated_Source\PSoC5/USBUART_cls.c **** #ifdef USBUART_DISPATCH_CLASS_RQST_CALLBACK
 128:Generated_Source\PSoC5/USBUART_cls.c ****     if (USBUART_FALSE == requestHandled)
 129:Generated_Source\PSoC5/USBUART_cls.c ****     {
 130:Generated_Source\PSoC5/USBUART_cls.c ****         requestHandled = USBUART_DispatchClassRqst_Callback(interfaceNumber);
 131:Generated_Source\PSoC5/USBUART_cls.c ****     }
 132:Generated_Source\PSoC5/USBUART_cls.c **** #endif /* (USBUART_DISPATCH_CLASS_RQST_CALLBACK) */
 133:Generated_Source\PSoC5/USBUART_cls.c **** 
 134:Generated_Source\PSoC5/USBUART_cls.c ****     return (requestHandled);
 111              		.loc 1 134 0
 112 0072 FB79     		ldrb	r3, [r7, #7]	@ zero_extendqisi2
 135:Generated_Source\PSoC5/USBUART_cls.c **** }
 113              		.loc 1 135 0
 114 0074 1846     		mov	r0, r3
 115 0076 0837     		adds	r7, r7, #8
 116              		.cfi_def_cfa_offset 8
 117 0078 BD46     		mov	sp, r7
 118              		.cfi_def_cfa_register 13
 119              		@ sp needed
 120 007a 80BD     		pop	{r7, pc}
 121              	.L14:
 122              		.align	2
 123              	.L13:
 124 007c 00600040 		.word	1073766400
 125 0080 00000000 		.word	USBUART_EP
 126 0084 00000000 		.word	USBUART_interfaceClass
 127              		.cfi_endproc
 128              	.LFE0:
 129              		.size	USBUART_DispatchClassRqst, .-USBUART_DispatchClassRqst
 130              		.text
 131              	.Letext0:
 132              		.file 2 "Generated_Source\\PSoC5\\cytypes.h"
 133              		.file 3 "Generated_Source\\PSoC5\\USBUART.h"
 134              		.file 4 "Generated_Source\\PSoC5\\USBUART_pvt.h"
 135              		.section	.debug_info,"",%progbits
 136              	.Ldebug_info0:
 137 0000 C4010000 		.4byte	0x1c4
 138 0004 0400     		.2byte	0x4
 139 0006 00000000 		.4byte	.Ldebug_abbrev0
 140 000a 04       		.byte	0x4
 141 000b 01       		.uleb128 0x1
 142 000c 00000000 		.4byte	.LASF32
 143 0010 0C       		.byte	0xc
 144 0011 18020000 		.4byte	.LASF33
 145 0015 C6010000 		.4byte	.LASF34
 146 0019 00000000 		.4byte	.Ldebug_ranges0+0
 147 001d 00000000 		.4byte	0
 148 0021 00000000 		.4byte	.Ldebug_line0
 149 0025 02       		.uleb128 0x2
 150 0026 01       		.byte	0x1
ARM GAS  C:\Users\barto\AppData\Local\Temp\ccicdHIj.s 			page 6


 151 0027 06       		.byte	0x6
 152 0028 83020000 		.4byte	.LASF0
 153 002c 02       		.uleb128 0x2
 154 002d 01       		.byte	0x1
 155 002e 08       		.byte	0x8
 156 002f 0F010000 		.4byte	.LASF1
 157 0033 02       		.uleb128 0x2
 158 0034 02       		.byte	0x2
 159 0035 05       		.byte	0x5
 160 0036 3D020000 		.4byte	.LASF2
 161 003a 02       		.uleb128 0x2
 162 003b 02       		.byte	0x2
 163 003c 07       		.byte	0x7
 164 003d 8E000000 		.4byte	.LASF3
 165 0041 02       		.uleb128 0x2
 166 0042 04       		.byte	0x4
 167 0043 05       		.byte	0x5
 168 0044 57020000 		.4byte	.LASF4
 169 0048 02       		.uleb128 0x2
 170 0049 04       		.byte	0x4
 171 004a 07       		.byte	0x7
 172 004b E8000000 		.4byte	.LASF5
 173 004f 02       		.uleb128 0x2
 174 0050 08       		.byte	0x8
 175 0051 05       		.byte	0x5
 176 0052 B8010000 		.4byte	.LASF6
 177 0056 02       		.uleb128 0x2
 178 0057 08       		.byte	0x8
 179 0058 07       		.byte	0x7
 180 0059 55010000 		.4byte	.LASF7
 181 005d 03       		.uleb128 0x3
 182 005e 04       		.byte	0x4
 183 005f 05       		.byte	0x5
 184 0060 696E7400 		.ascii	"int\000"
 185 0064 02       		.uleb128 0x2
 186 0065 04       		.byte	0x4
 187 0066 07       		.byte	0x7
 188 0067 48010000 		.4byte	.LASF8
 189 006b 04       		.uleb128 0x4
 190 006c 47020000 		.4byte	.LASF9
 191 0070 02       		.byte	0x2
 192 0071 9201     		.2byte	0x192
 193 0073 2C000000 		.4byte	0x2c
 194 0077 04       		.uleb128 0x4
 195 0078 36010000 		.4byte	.LASF10
 196 007c 02       		.byte	0x2
 197 007d 9301     		.2byte	0x193
 198 007f 3A000000 		.4byte	0x3a
 199 0083 02       		.uleb128 0x2
 200 0084 04       		.byte	0x4
 201 0085 04       		.byte	0x4
 202 0086 CE000000 		.4byte	.LASF11
 203 008a 02       		.uleb128 0x2
 204 008b 08       		.byte	0x8
 205 008c 04       		.byte	0x4
 206 008d 1D010000 		.4byte	.LASF12
 207 0091 02       		.uleb128 0x2
ARM GAS  C:\Users\barto\AppData\Local\Temp\ccicdHIj.s 			page 7


 208 0092 01       		.byte	0x1
 209 0093 08       		.byte	0x8
 210 0094 08020000 		.4byte	.LASF13
 211 0098 02       		.uleb128 0x2
 212 0099 08       		.byte	0x8
 213 009a 04       		.byte	0x4
 214 009b 77020000 		.4byte	.LASF14
 215 009f 02       		.uleb128 0x2
 216 00a0 04       		.byte	0x4
 217 00a1 07       		.byte	0x7
 218 00a2 A8010000 		.4byte	.LASF15
 219 00a6 05       		.uleb128 0x5
 220 00a7 0C       		.byte	0xc
 221 00a8 03       		.byte	0x3
 222 00a9 91       		.byte	0x91
 223 00aa 1B010000 		.4byte	0x11b
 224 00ae 06       		.uleb128 0x6
 225 00af 24010000 		.4byte	.LASF16
 226 00b3 03       		.byte	0x3
 227 00b4 93       		.byte	0x93
 228 00b5 6B000000 		.4byte	0x6b
 229 00b9 00       		.byte	0
 230 00ba 06       		.uleb128 0x6
 231 00bb 3D010000 		.4byte	.LASF17
 232 00bf 03       		.byte	0x3
 233 00c0 94       		.byte	0x94
 234 00c1 6B000000 		.4byte	0x6b
 235 00c5 01       		.byte	0x1
 236 00c6 06       		.uleb128 0x6
 237 00c7 6C010000 		.4byte	.LASF18
 238 00cb 03       		.byte	0x3
 239 00cc 95       		.byte	0x95
 240 00cd 6B000000 		.4byte	0x6b
 241 00d1 02       		.byte	0x2
 242 00d2 06       		.uleb128 0x6
 243 00d3 D4000000 		.4byte	.LASF19
 244 00d7 03       		.byte	0x3
 245 00d8 96       		.byte	0x96
 246 00d9 6B000000 		.4byte	0x6b
 247 00dd 03       		.byte	0x3
 248 00de 06       		.uleb128 0x6
 249 00df FA000000 		.4byte	.LASF20
 250 00e3 03       		.byte	0x3
 251 00e4 97       		.byte	0x97
 252 00e5 6B000000 		.4byte	0x6b
 253 00e9 04       		.byte	0x4
 254 00ea 06       		.uleb128 0x6
 255 00eb B1010000 		.4byte	.LASF21
 256 00ef 03       		.byte	0x3
 257 00f0 98       		.byte	0x98
 258 00f1 6B000000 		.4byte	0x6b
 259 00f5 05       		.byte	0x5
 260 00f6 06       		.uleb128 0x6
 261 00f7 2B010000 		.4byte	.LASF22
 262 00fb 03       		.byte	0x3
 263 00fc 99       		.byte	0x99
 264 00fd 77000000 		.4byte	0x77
ARM GAS  C:\Users\barto\AppData\Local\Temp\ccicdHIj.s 			page 8


 265 0101 06       		.byte	0x6
 266 0102 06       		.uleb128 0x6
 267 0103 0D020000 		.4byte	.LASF23
 268 0107 03       		.byte	0x3
 269 0108 9A       		.byte	0x9a
 270 0109 77000000 		.4byte	0x77
 271 010d 08       		.byte	0x8
 272 010e 06       		.uleb128 0x6
 273 010f 4D020000 		.4byte	.LASF24
 274 0113 03       		.byte	0x3
 275 0114 9B       		.byte	0x9b
 276 0115 6B000000 		.4byte	0x6b
 277 0119 0A       		.byte	0xa
 278 011a 00       		.byte	0
 279 011b 07       		.uleb128 0x7
 280 011c 60020000 		.4byte	.LASF25
 281 0120 03       		.byte	0x3
 282 0121 9C       		.byte	0x9c
 283 0122 A6000000 		.4byte	0xa6
 284 0126 05       		.uleb128 0x5
 285 0127 08       		.byte	0x8
 286 0128 03       		.byte	0x3
 287 0129 C9       		.byte	0xc9
 288 012a 3B010000 		.4byte	0x13b
 289 012e 06       		.uleb128 0x6
 290 012f B8000000 		.4byte	.LASF26
 291 0133 03       		.byte	0x3
 292 0134 CB       		.byte	0xcb
 293 0135 3B010000 		.4byte	0x13b
 294 0139 00       		.byte	0
 295 013a 00       		.byte	0
 296 013b 08       		.uleb128 0x8
 297 013c 6B000000 		.4byte	0x6b
 298 0140 4B010000 		.4byte	0x14b
 299 0144 09       		.uleb128 0x9
 300 0145 9F000000 		.4byte	0x9f
 301 0149 07       		.byte	0x7
 302 014a 00       		.byte	0
 303 014b 07       		.uleb128 0x7
 304 014c 90010000 		.4byte	.LASF27
 305 0150 03       		.byte	0x3
 306 0151 CC       		.byte	0xcc
 307 0152 26010000 		.4byte	0x126
 308 0156 0A       		.uleb128 0xa
 309 0157 76010000 		.4byte	.LASF35
 310 015b 01       		.byte	0x1
 311 015c 29       		.byte	0x29
 312 015d 6B000000 		.4byte	0x6b
 313 0161 00000000 		.4byte	.LFB0
 314 0165 88000000 		.4byte	.LFE0-.LFB0
 315 0169 01       		.uleb128 0x1
 316 016a 9C       		.byte	0x9c
 317 016b 8C010000 		.4byte	0x18c
 318 016f 0B       		.uleb128 0xb
 319 0170 BF000000 		.4byte	.LASF28
 320 0174 01       		.byte	0x1
 321 0175 2B       		.byte	0x2b
ARM GAS  C:\Users\barto\AppData\Local\Temp\ccicdHIj.s 			page 9


 322 0176 6B000000 		.4byte	0x6b
 323 017a 02       		.uleb128 0x2
 324 017b 91       		.byte	0x91
 325 017c 77       		.sleb128 -9
 326 017d 0B       		.uleb128 0xb
 327 017e FF000000 		.4byte	.LASF29
 328 0182 01       		.byte	0x1
 329 0183 2C       		.byte	0x2c
 330 0184 6B000000 		.4byte	0x6b
 331 0188 02       		.uleb128 0x2
 332 0189 91       		.byte	0x91
 333 018a 76       		.sleb128 -10
 334 018b 00       		.byte	0
 335 018c 0C       		.uleb128 0xc
 336 018d A1000000 		.4byte	.LASF30
 337 0191 04       		.byte	0x4
 338 0192 78       		.byte	0x78
 339 0193 97010000 		.4byte	0x197
 340 0197 0D       		.uleb128 0xd
 341 0198 04       		.byte	0x4
 342 0199 9D010000 		.4byte	0x19d
 343 019d 0E       		.uleb128 0xe
 344 019e 6B000000 		.4byte	0x6b
 345 01a2 08       		.uleb128 0x8
 346 01a3 B2010000 		.4byte	0x1b2
 347 01a7 B2010000 		.4byte	0x1b2
 348 01ab 09       		.uleb128 0x9
 349 01ac 9F000000 		.4byte	0x9f
 350 01b0 08       		.byte	0x8
 351 01b1 00       		.byte	0
 352 01b2 0F       		.uleb128 0xf
 353 01b3 1B010000 		.4byte	0x11b
 354 01b7 0C       		.uleb128 0xc
 355 01b8 DD000000 		.4byte	.LASF31
 356 01bc 04       		.byte	0x4
 357 01bd 7A       		.byte	0x7a
 358 01be C2010000 		.4byte	0x1c2
 359 01c2 0F       		.uleb128 0xf
 360 01c3 A2010000 		.4byte	0x1a2
 361 01c7 00       		.byte	0
 362              		.section	.debug_abbrev,"",%progbits
 363              	.Ldebug_abbrev0:
 364 0000 01       		.uleb128 0x1
 365 0001 11       		.uleb128 0x11
 366 0002 01       		.byte	0x1
 367 0003 25       		.uleb128 0x25
 368 0004 0E       		.uleb128 0xe
 369 0005 13       		.uleb128 0x13
 370 0006 0B       		.uleb128 0xb
 371 0007 03       		.uleb128 0x3
 372 0008 0E       		.uleb128 0xe
 373 0009 1B       		.uleb128 0x1b
 374 000a 0E       		.uleb128 0xe
 375 000b 55       		.uleb128 0x55
 376 000c 17       		.uleb128 0x17
 377 000d 11       		.uleb128 0x11
 378 000e 01       		.uleb128 0x1
ARM GAS  C:\Users\barto\AppData\Local\Temp\ccicdHIj.s 			page 10


 379 000f 10       		.uleb128 0x10
 380 0010 17       		.uleb128 0x17
 381 0011 00       		.byte	0
 382 0012 00       		.byte	0
 383 0013 02       		.uleb128 0x2
 384 0014 24       		.uleb128 0x24
 385 0015 00       		.byte	0
 386 0016 0B       		.uleb128 0xb
 387 0017 0B       		.uleb128 0xb
 388 0018 3E       		.uleb128 0x3e
 389 0019 0B       		.uleb128 0xb
 390 001a 03       		.uleb128 0x3
 391 001b 0E       		.uleb128 0xe
 392 001c 00       		.byte	0
 393 001d 00       		.byte	0
 394 001e 03       		.uleb128 0x3
 395 001f 24       		.uleb128 0x24
 396 0020 00       		.byte	0
 397 0021 0B       		.uleb128 0xb
 398 0022 0B       		.uleb128 0xb
 399 0023 3E       		.uleb128 0x3e
 400 0024 0B       		.uleb128 0xb
 401 0025 03       		.uleb128 0x3
 402 0026 08       		.uleb128 0x8
 403 0027 00       		.byte	0
 404 0028 00       		.byte	0
 405 0029 04       		.uleb128 0x4
 406 002a 16       		.uleb128 0x16
 407 002b 00       		.byte	0
 408 002c 03       		.uleb128 0x3
 409 002d 0E       		.uleb128 0xe
 410 002e 3A       		.uleb128 0x3a
 411 002f 0B       		.uleb128 0xb
 412 0030 3B       		.uleb128 0x3b
 413 0031 05       		.uleb128 0x5
 414 0032 49       		.uleb128 0x49
 415 0033 13       		.uleb128 0x13
 416 0034 00       		.byte	0
 417 0035 00       		.byte	0
 418 0036 05       		.uleb128 0x5
 419 0037 13       		.uleb128 0x13
 420 0038 01       		.byte	0x1
 421 0039 0B       		.uleb128 0xb
 422 003a 0B       		.uleb128 0xb
 423 003b 3A       		.uleb128 0x3a
 424 003c 0B       		.uleb128 0xb
 425 003d 3B       		.uleb128 0x3b
 426 003e 0B       		.uleb128 0xb
 427 003f 01       		.uleb128 0x1
 428 0040 13       		.uleb128 0x13
 429 0041 00       		.byte	0
 430 0042 00       		.byte	0
 431 0043 06       		.uleb128 0x6
 432 0044 0D       		.uleb128 0xd
 433 0045 00       		.byte	0
 434 0046 03       		.uleb128 0x3
 435 0047 0E       		.uleb128 0xe
ARM GAS  C:\Users\barto\AppData\Local\Temp\ccicdHIj.s 			page 11


 436 0048 3A       		.uleb128 0x3a
 437 0049 0B       		.uleb128 0xb
 438 004a 3B       		.uleb128 0x3b
 439 004b 0B       		.uleb128 0xb
 440 004c 49       		.uleb128 0x49
 441 004d 13       		.uleb128 0x13
 442 004e 38       		.uleb128 0x38
 443 004f 0B       		.uleb128 0xb
 444 0050 00       		.byte	0
 445 0051 00       		.byte	0
 446 0052 07       		.uleb128 0x7
 447 0053 16       		.uleb128 0x16
 448 0054 00       		.byte	0
 449 0055 03       		.uleb128 0x3
 450 0056 0E       		.uleb128 0xe
 451 0057 3A       		.uleb128 0x3a
 452 0058 0B       		.uleb128 0xb
 453 0059 3B       		.uleb128 0x3b
 454 005a 0B       		.uleb128 0xb
 455 005b 49       		.uleb128 0x49
 456 005c 13       		.uleb128 0x13
 457 005d 00       		.byte	0
 458 005e 00       		.byte	0
 459 005f 08       		.uleb128 0x8
 460 0060 01       		.uleb128 0x1
 461 0061 01       		.byte	0x1
 462 0062 49       		.uleb128 0x49
 463 0063 13       		.uleb128 0x13
 464 0064 01       		.uleb128 0x1
 465 0065 13       		.uleb128 0x13
 466 0066 00       		.byte	0
 467 0067 00       		.byte	0
 468 0068 09       		.uleb128 0x9
 469 0069 21       		.uleb128 0x21
 470 006a 00       		.byte	0
 471 006b 49       		.uleb128 0x49
 472 006c 13       		.uleb128 0x13
 473 006d 2F       		.uleb128 0x2f
 474 006e 0B       		.uleb128 0xb
 475 006f 00       		.byte	0
 476 0070 00       		.byte	0
 477 0071 0A       		.uleb128 0xa
 478 0072 2E       		.uleb128 0x2e
 479 0073 01       		.byte	0x1
 480 0074 3F       		.uleb128 0x3f
 481 0075 19       		.uleb128 0x19
 482 0076 03       		.uleb128 0x3
 483 0077 0E       		.uleb128 0xe
 484 0078 3A       		.uleb128 0x3a
 485 0079 0B       		.uleb128 0xb
 486 007a 3B       		.uleb128 0x3b
 487 007b 0B       		.uleb128 0xb
 488 007c 27       		.uleb128 0x27
 489 007d 19       		.uleb128 0x19
 490 007e 49       		.uleb128 0x49
 491 007f 13       		.uleb128 0x13
 492 0080 11       		.uleb128 0x11
ARM GAS  C:\Users\barto\AppData\Local\Temp\ccicdHIj.s 			page 12


 493 0081 01       		.uleb128 0x1
 494 0082 12       		.uleb128 0x12
 495 0083 06       		.uleb128 0x6
 496 0084 40       		.uleb128 0x40
 497 0085 18       		.uleb128 0x18
 498 0086 9642     		.uleb128 0x2116
 499 0088 19       		.uleb128 0x19
 500 0089 01       		.uleb128 0x1
 501 008a 13       		.uleb128 0x13
 502 008b 00       		.byte	0
 503 008c 00       		.byte	0
 504 008d 0B       		.uleb128 0xb
 505 008e 34       		.uleb128 0x34
 506 008f 00       		.byte	0
 507 0090 03       		.uleb128 0x3
 508 0091 0E       		.uleb128 0xe
 509 0092 3A       		.uleb128 0x3a
 510 0093 0B       		.uleb128 0xb
 511 0094 3B       		.uleb128 0x3b
 512 0095 0B       		.uleb128 0xb
 513 0096 49       		.uleb128 0x49
 514 0097 13       		.uleb128 0x13
 515 0098 02       		.uleb128 0x2
 516 0099 18       		.uleb128 0x18
 517 009a 00       		.byte	0
 518 009b 00       		.byte	0
 519 009c 0C       		.uleb128 0xc
 520 009d 34       		.uleb128 0x34
 521 009e 00       		.byte	0
 522 009f 03       		.uleb128 0x3
 523 00a0 0E       		.uleb128 0xe
 524 00a1 3A       		.uleb128 0x3a
 525 00a2 0B       		.uleb128 0xb
 526 00a3 3B       		.uleb128 0x3b
 527 00a4 0B       		.uleb128 0xb
 528 00a5 49       		.uleb128 0x49
 529 00a6 13       		.uleb128 0x13
 530 00a7 3F       		.uleb128 0x3f
 531 00a8 19       		.uleb128 0x19
 532 00a9 3C       		.uleb128 0x3c
 533 00aa 19       		.uleb128 0x19
 534 00ab 00       		.byte	0
 535 00ac 00       		.byte	0
 536 00ad 0D       		.uleb128 0xd
 537 00ae 0F       		.uleb128 0xf
 538 00af 00       		.byte	0
 539 00b0 0B       		.uleb128 0xb
 540 00b1 0B       		.uleb128 0xb
 541 00b2 49       		.uleb128 0x49
 542 00b3 13       		.uleb128 0x13
 543 00b4 00       		.byte	0
 544 00b5 00       		.byte	0
 545 00b6 0E       		.uleb128 0xe
 546 00b7 26       		.uleb128 0x26
 547 00b8 00       		.byte	0
 548 00b9 49       		.uleb128 0x49
 549 00ba 13       		.uleb128 0x13
ARM GAS  C:\Users\barto\AppData\Local\Temp\ccicdHIj.s 			page 13


 550 00bb 00       		.byte	0
 551 00bc 00       		.byte	0
 552 00bd 0F       		.uleb128 0xf
 553 00be 35       		.uleb128 0x35
 554 00bf 00       		.byte	0
 555 00c0 49       		.uleb128 0x49
 556 00c1 13       		.uleb128 0x13
 557 00c2 00       		.byte	0
 558 00c3 00       		.byte	0
 559 00c4 00       		.byte	0
 560              		.section	.debug_aranges,"",%progbits
 561 0000 1C000000 		.4byte	0x1c
 562 0004 0200     		.2byte	0x2
 563 0006 00000000 		.4byte	.Ldebug_info0
 564 000a 04       		.byte	0x4
 565 000b 00       		.byte	0
 566 000c 0000     		.2byte	0
 567 000e 0000     		.2byte	0
 568 0010 00000000 		.4byte	.LFB0
 569 0014 88000000 		.4byte	.LFE0-.LFB0
 570 0018 00000000 		.4byte	0
 571 001c 00000000 		.4byte	0
 572              		.section	.debug_ranges,"",%progbits
 573              	.Ldebug_ranges0:
 574 0000 00000000 		.4byte	.LFB0
 575 0004 88000000 		.4byte	.LFE0
 576 0008 00000000 		.4byte	0
 577 000c 00000000 		.4byte	0
 578              		.section	.debug_line,"",%progbits
 579              	.Ldebug_line0:
 580 0000 93000000 		.section	.debug_str,"MS",%progbits,1
 580      02006600 
 580      00000201 
 580      FB0E0D00 
 580      01010101 
 581              	.LASF32:
 582 0000 474E5520 		.ascii	"GNU C11 5.4.1 20160609 (release) [ARM/embedded-5-br"
 582      43313120 
 582      352E342E 
 582      31203230 
 582      31363036 
 583 0033 616E6368 		.ascii	"anch revision 237715] -mcpu=cortex-m3 -mthumb -g -O"
 583      20726576 
 583      6973696F 
 583      6E203233 
 583      37373135 
 584 0066 30202D66 		.ascii	"0 -ffunction-sections -ffat-lto-objects\000"
 584      66756E63 
 584      74696F6E 
 584      2D736563 
 584      74696F6E 
 585              	.LASF3:
 586 008e 73686F72 		.ascii	"short unsigned int\000"
 586      7420756E 
 586      7369676E 
 586      65642069 
 586      6E7400
ARM GAS  C:\Users\barto\AppData\Local\Temp\ccicdHIj.s 			page 14


 587              	.LASF30:
 588 00a1 55534255 		.ascii	"USBUART_interfaceClass\000"
 588      4152545F 
 588      696E7465 
 588      72666163 
 588      65436C61 
 589              	.LASF26:
 590 00b8 65704461 		.ascii	"epData\000"
 590      746100
 591              	.LASF28:
 592 00bf 72657175 		.ascii	"requestHandled\000"
 592      65737448 
 592      616E646C 
 592      656400
 593              	.LASF11:
 594 00ce 666C6F61 		.ascii	"float\000"
 594      7400
 595              	.LASF19:
 596 00d4 6570546F 		.ascii	"epToggle\000"
 596      67676C65 
 596      00
 597              	.LASF31:
 598 00dd 55534255 		.ascii	"USBUART_EP\000"
 598      4152545F 
 598      455000
 599              	.LASF5:
 600 00e8 6C6F6E67 		.ascii	"long unsigned int\000"
 600      20756E73 
 600      69676E65 
 600      6420696E 
 600      7400
 601              	.LASF20:
 602 00fa 61646472 		.ascii	"addr\000"
 602      00
 603              	.LASF29:
 604 00ff 696E7465 		.ascii	"interfaceNumber\000"
 604      72666163 
 604      654E756D 
 604      62657200 
 605              	.LASF1:
 606 010f 756E7369 		.ascii	"unsigned char\000"
 606      676E6564 
 606      20636861 
 606      7200
 607              	.LASF12:
 608 011d 646F7562 		.ascii	"double\000"
 608      6C6500
 609              	.LASF16:
 610 0124 61747472 		.ascii	"attrib\000"
 610      696200
 611              	.LASF22:
 612 012b 62756666 		.ascii	"buffOffset\000"
 612      4F666673 
 612      657400
 613              	.LASF10:
 614 0136 75696E74 		.ascii	"uint16\000"
 614      313600
ARM GAS  C:\Users\barto\AppData\Local\Temp\ccicdHIj.s 			page 15


 615              	.LASF17:
 616 013d 61706945 		.ascii	"apiEpState\000"
 616      70537461 
 616      746500
 617              	.LASF8:
 618 0148 756E7369 		.ascii	"unsigned int\000"
 618      676E6564 
 618      20696E74 
 618      00
 619              	.LASF7:
 620 0155 6C6F6E67 		.ascii	"long long unsigned int\000"
 620      206C6F6E 
 620      6720756E 
 620      7369676E 
 620      65642069 
 621              	.LASF18:
 622 016c 68774570 		.ascii	"hwEpState\000"
 622      53746174 
 622      6500
 623              	.LASF35:
 624 0176 55534255 		.ascii	"USBUART_DispatchClassRqst\000"
 624      4152545F 
 624      44697370 
 624      61746368 
 624      436C6173 
 625              	.LASF27:
 626 0190 55534255 		.ascii	"USBUART_ep0_data_struct\000"
 626      4152545F 
 626      6570305F 
 626      64617461 
 626      5F737472 
 627              	.LASF15:
 628 01a8 73697A65 		.ascii	"sizetype\000"
 628      74797065 
 628      00
 629              	.LASF21:
 630 01b1 65704D6F 		.ascii	"epMode\000"
 630      646500
 631              	.LASF6:
 632 01b8 6C6F6E67 		.ascii	"long long int\000"
 632      206C6F6E 
 632      6720696E 
 632      7400
 633              	.LASF34:
 634 01c6 433A5C55 		.ascii	"C:\\Users\\barto\\Dropbox\\PSoC\\Grbl_USB_Native\\G"
 634      73657273 
 634      5C626172 
 634      746F5C44 
 634      726F7062 
 635 01f3 72626C5F 		.ascii	"rbl_USB_Native.cydsn\000"
 635      5553425F 
 635      4E617469 
 635      76652E63 
 635      7964736E 
 636              	.LASF13:
 637 0208 63686172 		.ascii	"char\000"
 637      00
ARM GAS  C:\Users\barto\AppData\Local\Temp\ccicdHIj.s 			page 16


 638              	.LASF23:
 639 020d 62756666 		.ascii	"bufferSize\000"
 639      65725369 
 639      7A6500
 640              	.LASF33:
 641 0218 47656E65 		.ascii	"Generated_Source\\PSoC5\\USBUART_cls.c\000"
 641      72617465 
 641      645F536F 
 641      75726365 
 641      5C50536F 
 642              	.LASF2:
 643 023d 73686F72 		.ascii	"short int\000"
 643      7420696E 
 643      7400
 644              	.LASF9:
 645 0247 75696E74 		.ascii	"uint8\000"
 645      3800
 646              	.LASF24:
 647 024d 696E7465 		.ascii	"interface\000"
 647      72666163 
 647      6500
 648              	.LASF4:
 649 0257 6C6F6E67 		.ascii	"long int\000"
 649      20696E74 
 649      00
 650              	.LASF25:
 651 0260 545F5553 		.ascii	"T_USBUART_EP_CTL_BLOCK\000"
 651      42554152 
 651      545F4550 
 651      5F43544C 
 651      5F424C4F 
 652              	.LASF14:
 653 0277 6C6F6E67 		.ascii	"long double\000"
 653      20646F75 
 653      626C6500 
 654              	.LASF0:
 655 0283 7369676E 		.ascii	"signed char\000"
 655      65642063 
 655      68617200 
 656              		.ident	"GCC: (GNU Tools for ARM Embedded Processors) 5.4.1 20160609 (release) [ARM/embedded-5-bran
